Filesystem                                                     Size  Used Avail Use% Mounted on
devtmpfs                                                        32G  4.0K   32G   1% /dev
tmpfs                                                           32G     0   32G   0% /dev/shm
tmpfs                                                           32G   12M   32G   1% /run
tmpfs                                                           32G     0   32G   0% /sys/fs/cgroup
/dev/mapper/system-thunder_cloud_1.3--20190926105122_5d9845d4  9.8G  5.5G  3.8G  60% /
/dev/sdb1                                                      477M   81M  367M  19% /boot
/dev/mapper/system-repository                                   21G  2.5G   17G  13% /system/upgrade/repository
/dev/mapper/system-software                                     25G   45M   24G   1% /system/software
tmpfs                                                           32G   25M   32G   1% /tmp
/dev/mapper/system-flex--apps                                  9.9G   37M  9.4G   1% /opt/veritas/flex-apps
/dev/mapper/system-config                                       25G  685M   23G   3% /system/config
/dev/mapper/system-newroot                                     9.8G   37M  9.2G   1% /system/upgrade/volume
/dev/mapper/system-autosupport                                  15G  336M   15G   3% /system/autosupport
/dev/mapper/system-docker                                       75G  7.2G   68G  10% /var/lib/docker
/dev/mapper/logging-application--log                            50G  125M   48G   1% /log
/dev/mapper/logging-os--log                                    9.9G  106M  9.3G   2% /var/log
/dev/mapper/logging-audit                                      4.9G   23M  4.6G   1% /var/log/audit
/dev/mapper/diagnostics-tools                                  100G   35M  100G   1% /system/diagnostic
tmpfs                                                          4.0K     0  4.0K   0% /dev/vx
overlay                                                         75G  7.2G   68G  10% /var/lib/docker/overlay2/5f23929e6cbfd74168ef1047419acc6271fe0b4db6124b7fd82ae0c872dc30f6/merged
shm                                                             64M     0   64M   0% /var/lib/docker/containers/a853c011575f4452577796054f080d1fe2341cd206477902b6220c5d9056984c/shm
/dev/vx/dsk/vxosdg/data                                         40G  2.3G   36G   6% /mnt/data
overlay                                                        7.0G  8.0K  7.0G   1% /var/lib/docker/overlay2/1b5272e275c1077b94ff7bbb9851e45882940e6a179fb38dcb36295ce9513618/merged
shm                                                             64M     0   64M   0% /var/lib/docker/containers/23ef7101adffcd0522b17f25b89b5b51476131acac6f2356f67dda4fb0ffed19/shm
overlay                                                        7.0G  8.0K  7.0G   1% /var/lib/docker/overlay2/c22cdd7fa77158073332607adc9068f8b49d3cd1c7dd1d2e4e5a0259131d9194/merged
shm                                                             64M     0   64M   0% /var/lib/docker/containers/6f193b939c9f5b79ea43fb2ed8c9332861690282e0e77934fc6d65eb31320398/shm
overlay                                                        7.0G  8.0K  7.0G   1% /var/lib/docker/overlay2/696a0025b474cace71bda580f0511d3004d091dea290835ed5cb916fc3d2b800/merged
shm                                                             64M     0   64M   0% /var/lib/docker/containers/e1b2c076c8b8317f6d5603c202c3912553e2933e1c454f5775c8972964166878/shm
overlay                                                         10G  607M  9.5G   6% /var/lib/docker/overlay2/98a815a8c6c46fe6b1f94d1e7277f74265d7c04ba4b4596c2cf590777c540d4b/merged
shm                                                             64M     0   64M   0% /var/lib/docker/containers/51ffbaedd8dd0843278fa835e5990d669c9740e59feb1e282f6e7d2e9b60526a/shm
/dev/vx/dsk/vxosdg/vJCcz_logs                                  250G   94M  248G   1% /var/lib/docker-veritas-plugin/vJCcz_logs_vxosdg
/dev/vx/dsk/vxosdg/vJCcz_catalog                               500G  357M  496G   1% /var/lib/docker-veritas-plugin/vJCcz_catalog_vxosdg
overlay                                                         10G   34M   10G   1% /var/lib/docker/overlay2/82f31a063e9dfd6cb7ee4dcd3f0515b513a82621e91c4b0cc11841a28e90698e/merged
shm                                                             64M   76K   64M   1% /var/lib/docker/containers/fa435ad46cfbeb78a388e3bd9ef706301454e20f23fbf273f2e152148b80e935/shm
/dev/vx/dsk/vxosdg/vWMsa_logs                                  250G   85M  248G   1% /var/lib/docker-veritas-plugin/vWMsa_logs_vxosdg
/dev/loop0                                                     976M  7.8M  901M   1% /var/lib/docker-filevol-plugin/vWMsa_config
/dev/vx/dsk/vxosdg/vWMsa_msdpdata-0                             12T   54G   12T   1% /var/lib/docker-veritas-plugin/vWMsa_msdpdata-0_vxosdg
tmpfs                                                          6.3G     0  6.3G   0% /run/user/0
