sysfs on /sys type sysfs (rw,nosuid,nodev,noexec,relatime)
proc on /proc type proc (rw,nosuid,nodev,noexec,relatime)
devtmpfs on /dev type devtmpfs (rw,nosuid,size=32587052k,nr_inodes=8146763,mode=755)
securityfs on /sys/kernel/security type securityfs (rw,nosuid,nodev,noexec,relatime)
tmpfs on /dev/shm type tmpfs (rw,nosuid,nodev)
devpts on /dev/pts type devpts (rw,nosuid,noexec,relatime,gid=5,mode=620,ptmxmode=000)
tmpfs on /run type tmpfs (rw,nosuid,nodev,mode=755)
tmpfs on /sys/fs/cgroup type tmpfs (ro,nosuid,nodev,noexec,mode=755)
cgroup on /sys/fs/cgroup/systemd type cgroup (rw,nosuid,nodev,noexec,relatime,xattr,release_agent=/usr/lib/systemd/systemd-cgroups-agent,name=systemd)
pstore on /sys/fs/pstore type pstore (rw,nosuid,nodev,noexec,relatime)
cgroup on /sys/fs/cgroup/freezer type cgroup (rw,nosuid,nodev,noexec,relatime,freezer)
cgroup on /sys/fs/cgroup/cpuset type cgroup (rw,nosuid,nodev,noexec,relatime,cpuset)
cgroup on /sys/fs/cgroup/net_cls,net_prio type cgroup (rw,nosuid,nodev,noexec,relatime,net_prio,net_cls)
cgroup on /sys/fs/cgroup/devices type cgroup (rw,nosuid,nodev,noexec,relatime,devices)
cgroup on /sys/fs/cgroup/memory type cgroup (rw,nosuid,nodev,noexec,relatime,memory)
cgroup on /sys/fs/cgroup/pids type cgroup (rw,nosuid,nodev,noexec,relatime,pids)
cgroup on /sys/fs/cgroup/blkio type cgroup (rw,nosuid,nodev,noexec,relatime,blkio)
cgroup on /sys/fs/cgroup/perf_event type cgroup (rw,nosuid,nodev,noexec,relatime,perf_event)
cgroup on /sys/fs/cgroup/cpu,cpuacct type cgroup (rw,nosuid,nodev,noexec,relatime,cpuacct,cpu)
cgroup on /sys/fs/cgroup/hugetlb type cgroup (rw,nosuid,nodev,noexec,relatime,hugetlb)
configfs on /sys/kernel/config type configfs (rw,relatime)
/dev/mapper/system-thunder_cloud_1.3--20190926105122_5d9845d4 on / type ext4 (rw,relatime,stripe=16,data=ordered)
systemd-1 on /proc/sys/fs/binfmt_misc type autofs (rw,relatime,fd=24,pgrp=1,timeout=0,minproto=5,maxproto=5,direct,pipe_ino=19229)
mqueue on /dev/mqueue type mqueue (rw,relatime)
debugfs on /sys/kernel/debug type debugfs (rw,relatime)
hugetlbfs on /dev/hugepages type hugetlbfs (rw,relatime)
/dev/sdb1 on /boot type ext4 (rw,relatime,stripe=64,data=ordered)
/dev/mapper/system-repository on /system/upgrade/repository type ext4 (rw,relatime,stripe=16,data=ordered)
/dev/mapper/system-software on /system/software type ext4 (rw,relatime,stripe=16,data=ordered)
tmpfs on /tmp type tmpfs (rw)
/dev/mapper/system-flex--apps on /opt/veritas/flex-apps type ext4 (rw,relatime,stripe=16,data=ordered)
/dev/mapper/system-config on /system/config type ext4 (rw,relatime,stripe=16,data=ordered)
/dev/mapper/system-newroot on /system/upgrade/volume type ext4 (rw,relatime,stripe=16,data=ordered)
/dev/mapper/system-autosupport on /system/autosupport type xfs (rw,relatime,attr2,inode64,sunit=128,swidth=128,noquota)
/dev/mapper/system-docker on /var/lib/docker type xfs (rw,relatime,attr2,inode64,sunit=128,swidth=128,prjquota)
/dev/mapper/logging-application--log on /log type ext4 (rw,relatime,stripe=16,data=ordered)
/dev/mapper/logging-os--log on /var/log type ext4 (rw,relatime,stripe=16,data=ordered)
/dev/mapper/logging-audit on /var/log/audit type ext4 (rw,relatime,stripe=16,data=ordered)
/dev/mapper/diagnostics-tools on /system/diagnostic type xfs (rw,relatime,attr2,inode64,sunit=128,swidth=128,noquota)
sunrpc on /var/lib/nfs/rpc_pipefs type rpc_pipefs (rw,relatime)
tmpfs on /dev/vx type tmpfs (rw,relatime,size=4k,nr_inodes=2097152,mode=755)
tmpfs on /dev/vx type tmpfs (rw,relatime,size=4k,nr_inodes=2097152,mode=755)
/dev/mapper/system-docker on /var/lib/docker/containers type xfs (rw,relatime,attr2,inode64,sunit=128,swidth=128,prjquota)
/dev/mapper/system-docker on /var/lib/docker/overlay2 type xfs (rw,relatime,attr2,inode64,sunit=128,swidth=128,prjquota)
proc on /run/docker/netns/default type proc (rw,nosuid,nodev,noexec,relatime)
overlay on /var/lib/docker/overlay2/5f23929e6cbfd74168ef1047419acc6271fe0b4db6124b7fd82ae0c872dc30f6/merged type overlay (rw,relatime,lowerdir=/var/lib/docker/overlay2/l/R5SOHW4DABI6JPLWFNMRCX6F5W:/var/lib/docker/overlay2/l/D5ZBHJPAADCR4AFPNJCMB3IJGL:/var/lib/docker/overlay2/l/GZRT3X7G6NMUNI7NZ7B2L4AJIJ:/var/lib/docker/overlay2/l/HIZ2OIL3IQ6DNRQQATBBYL4PEM:/var/lib/docker/overlay2/l/FVEPOXKHHBDN2AAQK6Y3KHULZG:/var/lib/docker/overlay2/l/ASYOQQPHSLPG4AAELV5VCWYQZL:/var/lib/docker/overlay2/l/DXW3SSUL2LQP7DKUFF5UZXRZDJ:/var/lib/docker/overlay2/l/FS4J6SGQDI2A5SFCJWVFM3NLBW:/var/lib/docker/overlay2/l/UZJCZEKOQUAOOHLOKV5TBUX22U:/var/lib/docker/overlay2/l/RADOWJNBUTPSND5DFMTXKNKOCY:/var/lib/docker/overlay2/l/Y6SOMB3C4MXSGXHL3ZLPLPEPGP:/var/lib/docker/overlay2/l/JPY2NDWCBVUE26SGDU62XUIT7J:/var/lib/docker/overlay2/l/CJ5KP2WENEMK4HSLNHCLP7EU2B:/var/lib/docker/overlay2/l/VMPS4AZAYGX2QASAWBHVQKVX3P:/var/lib/docker/overlay2/l/RCFTF5I6XMZBMX2M6UUBBXTYFR:/var/lib/docker/overlay2/l/KJXCYXODWFQFZIISMSI6FUVMJW:/var/lib/docker/overlay2/l/N3W73LYWRXVHQQ23COJFDO5LEB:/var/lib/docker/overlay2/l/Q6R5CQJHLQMF5TZY3HG5LZUZY3:/var/lib/docker/overlay2/l/SXMFDU5UY6Y3RCOM5QUVPGJQNU:/var/lib/docker/overlay2/l/PBESRMIKZ4Y3TONHBWUBUNPRIB:/var/lib/docker/overlay2/l/F3H5UPSJ342FXGFBP2LQOR3JRS:/var/lib/docker/overlay2/l/YDTJRVJNPKQIIRBSXEDHDACRTA:/var/lib/docker/overlay2/l/T5MN7M3F4RYBDLBKJAJ6NK2EUR:/var/lib/docker/overlay2/l/UUN4K2CLC3RSCP46Y5NFGIINJM:/var/lib/docker/overlay2/l/ALUTNFTWZIHGN5CTTDLDUFTP2P:/var/lib/docker/overlay2/l/OZQNIGJMSYGWCJYPWYDWVMKD6H:/var/lib/docker/overlay2/l/6H2EVZOZMSS6VDU6MTRYX3KXDD:/var/lib/docker/overlay2/l/54TW5DT5RNQAXS6QYZNVGIATJW:/var/lib/docker/overlay2/l/JPJNVI3TOXDQQWSBUARN5TQMLY:/var/lib/docker/overlay2/l/F643XA3WDHG75KIWINBUX5YJVS:/var/lib/docker/overlay2/l/SNUBRE2VB4RUXV6NPJVS2D2RLH:/var/lib/docker/overlay2/l/4RGW7J5U2HZTDEPJYMHJNW6WHA:/var/lib/docker/overlay2/l/2UMQJ42JF247VLT2FIIOROBOBG:/var/lib/docker/overlay2/l/UIOGNXGYXU5BSBPHU4JDBGCWJL:/var/lib/docker/overlay2/l/KUO5ND2RSQZ5R24FM5GQH2WJIX:/var/lib/docker/overlay2/l/QSKYJCLPZFSG6YVID3UNC7WWXA:/var/lib/docker/overlay2/l/3F3LJXNAH2ORLW4UVNPJXGQE4G:/var/lib/docker/overlay2/l/TTHPLKSXF4LSSZIV77EPA3ZCDK:/var/lib/docker/overlay2/l/A3EXGCZ4LKOKJDFETBW4N3YHKG,upperdir=/var/lib/docker/overlay2/5f23929e6cbfd74168ef1047419acc6271fe0b4db6124b7fd82ae0c872dc30f6/diff,workdir=/var/lib/docker/overlay2/5f23929e6cbfd74168ef1047419acc6271fe0b4db6124b7fd82ae0c872dc30f6/work)
shm on /var/lib/docker/containers/a853c011575f4452577796054f080d1fe2341cd206477902b6220c5d9056984c/shm type tmpfs (rw,nosuid,nodev,noexec,relatime,size=65536k)
/dev/vx/dsk/vxosdg/data on /mnt/data type vxfs (rw,mntlock=VCS,delaylog,largefiles,ioerror=mwdisable)
overlay on /var/lib/docker/overlay2/1b5272e275c1077b94ff7bbb9851e45882940e6a179fb38dcb36295ce9513618/merged type overlay (rw,relatime,lowerdir=/var/lib/docker/overlay2/l/WC7B5SPUDYG3NIMZLUZ4MNFYSO:/var/lib/docker/overlay2/l/5CZF4ZVDU4VKA7Z3BM5RYVPFXK:/var/lib/docker/overlay2/l/36MODPWIWCBLYPV2HJDKZEHKMI:/var/lib/docker/overlay2/l/SAUVMTFIK2SC5O2IHBRMD6AVID:/var/lib/docker/overlay2/l/ZUN4PMGYI6SQ223O5G7YD4MUJW:/var/lib/docker/overlay2/l/DRBANR2JBI5R3BECZUYZOK7TG6:/var/lib/docker/overlay2/l/U6R5GSS6OZ25RGMCPNCMDCBOVJ:/var/lib/docker/overlay2/l/WUGLR4UL26Z62ETLXGFTGASDYN:/var/lib/docker/overlay2/l/IBPJJE35SZKK66M5ARX3DEBTM2:/var/lib/docker/overlay2/l/4P7KJX22HSYLJ2Q6MIFC3BATSA:/var/lib/docker/overlay2/l/3HLKQE65Y6N7TLXMHV7COXCV6I:/var/lib/docker/overlay2/l/A3EXGCZ4LKOKJDFETBW4N3YHKG,upperdir=/var/lib/docker/overlay2/1b5272e275c1077b94ff7bbb9851e45882940e6a179fb38dcb36295ce9513618/diff,workdir=/var/lib/docker/overlay2/1b5272e275c1077b94ff7bbb9851e45882940e6a179fb38dcb36295ce9513618/work)
shm on /var/lib/docker/containers/23ef7101adffcd0522b17f25b89b5b51476131acac6f2356f67dda4fb0ffed19/shm type tmpfs (rw,nosuid,nodev,noexec,relatime,size=65536k)
proc on /run/docker/netns/372610d97b10 type proc (rw,nosuid,nodev,noexec,relatime)
overlay on /var/lib/docker/overlay2/c22cdd7fa77158073332607adc9068f8b49d3cd1c7dd1d2e4e5a0259131d9194/merged type overlay (rw,relatime,lowerdir=/var/lib/docker/overlay2/l/DXP522XIUN3UMEXRGEMT6I57UI:/var/lib/docker/overlay2/l/D7CKR32SS5SNZVCZJOWU2YSWJT:/var/lib/docker/overlay2/l/YXV7NGOBENVR5H7QU6S6Q5ZHIU:/var/lib/docker/overlay2/l/HV25HHSJAI5ZJ7IUETWRX7GRP3:/var/lib/docker/overlay2/l/56YJNDLU3VIHTO5FDIOMYAPDCK:/var/lib/docker/overlay2/l/JQNLJXBPJQLP4HVWBCDEL4MFEH:/var/lib/docker/overlay2/l/YN56XKEHYMDKQ4YKTKLPEIR72Y:/var/lib/docker/overlay2/l/SQHZD43FPSLMAEAXIHBYCEF76C:/var/lib/docker/overlay2/l/CVXMMBXILIOIKTG5W2N7OKMQLR:/var/lib/docker/overlay2/l/A3EXGCZ4LKOKJDFETBW4N3YHKG,upperdir=/var/lib/docker/overlay2/c22cdd7fa77158073332607adc9068f8b49d3cd1c7dd1d2e4e5a0259131d9194/diff,workdir=/var/lib/docker/overlay2/c22cdd7fa77158073332607adc9068f8b49d3cd1c7dd1d2e4e5a0259131d9194/work)
shm on /var/lib/docker/containers/6f193b939c9f5b79ea43fb2ed8c9332861690282e0e77934fc6d65eb31320398/shm type tmpfs (rw,nosuid,nodev,noexec,relatime,size=65536k)
proc on /run/docker/netns/310945fb47a8 type proc (rw,nosuid,nodev,noexec,relatime)
overlay on /var/lib/docker/overlay2/696a0025b474cace71bda580f0511d3004d091dea290835ed5cb916fc3d2b800/merged type overlay (rw,relatime,lowerdir=/var/lib/docker/overlay2/l/RJ7433CW7NSCUBE2WEC74GNSYC:/var/lib/docker/overlay2/l/ABNL5BAVTM4SNPKNSM6ZNAYNBP:/var/lib/docker/overlay2/l/IKBR4HIYCTESJGVBDBJDZ6PE5P:/var/lib/docker/overlay2/l/RZJ2AGFU2Y4326CNTIITG3VGXM:/var/lib/docker/overlay2/l/N5QCUOYGLM45MXS23MYG2VOOC6:/var/lib/docker/overlay2/l/MSYPI7TRW6PZTTTBG5HEXC63ZG:/var/lib/docker/overlay2/l/FF26NTN4ZDN336ZZL5UYAEPHCH:/var/lib/docker/overlay2/l/A3EXGCZ4LKOKJDFETBW4N3YHKG,upperdir=/var/lib/docker/overlay2/696a0025b474cace71bda580f0511d3004d091dea290835ed5cb916fc3d2b800/diff,workdir=/var/lib/docker/overlay2/696a0025b474cace71bda580f0511d3004d091dea290835ed5cb916fc3d2b800/work)
shm on /var/lib/docker/containers/e1b2c076c8b8317f6d5603c202c3912553e2933e1c454f5775c8972964166878/shm type tmpfs (rw,nosuid,nodev,noexec,relatime,size=65536k)
proc on /run/docker/netns/24f78679b00a type proc (rw,nosuid,nodev,noexec,relatime)
overlay on /var/lib/docker/overlay2/98a815a8c6c46fe6b1f94d1e7277f74265d7c04ba4b4596c2cf590777c540d4b/merged type overlay (rw,relatime,lowerdir=/var/lib/docker/overlay2/l/G47Y6EURZWBOGQNOW2LOKNM5ZH:/var/lib/docker/overlay2/l/LVY6UIXJIWZKCBOLLQXV4V6LJY:/var/lib/docker/overlay2/l/NHPT3IYH5WQQ2QODK4LX56I3LH:/var/lib/docker/overlay2/l/KOZM5OO4EPHNGF6FBYUHFSUKR2:/var/lib/docker/overlay2/l/5BMZ362KPZBHSI2D4UNEJRPLXG:/var/lib/docker/overlay2/l/DZPCCZIAMOIEWMHX4YTKUXSYBB:/var/lib/docker/overlay2/l/FKVRRE6OWE2KLATLS25S4SRFGL:/var/lib/docker/overlay2/l/Q3YFT4Y2YOPNKFBVSDS5BCV3SN:/var/lib/docker/overlay2/l/DAI5I4R4OQPOC7SSFBJI2F4LIK:/var/lib/docker/overlay2/l/WFSTNPIDKU7L3A3JV7D4CBM2OG:/var/lib/docker/overlay2/l/7X5YKGVGPT7LC233MZP5PG3BKQ:/var/lib/docker/overlay2/l/TP5KUJ7MYKOA34QUGPNEVQUPER:/var/lib/docker/overlay2/l/J5JESCUXJ3S5DJA5KTE3RXL2RQ:/var/lib/docker/overlay2/l/AGLIM2ZE4RWO3RRS3KNLS4NLF5:/var/lib/docker/overlay2/l/DFV757YLMY57X5UABWZ7TE62Q4:/var/lib/docker/overlay2/l/T5B56XCJ7ZJSFLLWPLN4MZ63RB:/var/lib/docker/overlay2/l/SJGEHWEIWNAR37L6UPMVTZAP27:/var/lib/docker/overlay2/l/USMKBHUK2VTUW6CVDFSFN2SDJG:/var/lib/docker/overlay2/l/CPS2LCPBDBAIIPVY3C62KBMKYR:/var/lib/docker/overlay2/l/XD37T2H2CNI75DAAXRR5ZVG6RY:/var/lib/docker/overlay2/l/5NHT5P56XNIG3OTLAK6CAR5K3F:/var/lib/docker/overlay2/l/PKZJ6FX652D7BJE7FCSG2M7YUP:/var/lib/docker/overlay2/l/VIJPELTBIYRIXB2YCTD5ENKAL4:/var/lib/docker/overlay2/l/UE522HP7VR524WTUHDBFDLVB7N:/var/lib/docker/overlay2/l/JTLMJR6YPD2OCEUVSMDMH5XJCX:/var/lib/docker/overlay2/l/DNTLZE3LQSOF35HLDT5ZHX46I2:/var/lib/docker/overlay2/l/PXIIMFBBT33XOLGW2ED7XZAODU:/var/lib/docker/overlay2/l/HQU7FCWTUZDPSBU7JZPNALPXSC:/var/lib/docker/overlay2/l/4UIY5RL7MBPA6JPDY5BLYQV6JU:/var/lib/docker/overlay2/l/455CN4G7EFCBLK34A56L5KGJ6H:/var/lib/docker/overlay2/l/4ONYNJZO4HNXIH3M5UVPSN64Q7:/var/lib/docker/overlay2/l/EBGFB7J5LPESGYAYC7AS6RWNVR:/var/lib/docker/overlay2/l/HARB4NMPALEXAXCE2KPZ43FIG7:/var/lib/docker/overlay2/l/RSDXZVD7PZK3TUEOZM3RN624EC,upperdir=/var/lib/docker/overlay2/98a815a8c6c46fe6b1f94d1e7277f74265d7c04ba4b4596c2cf590777c540d4b/diff,workdir=/var/lib/docker/overlay2/98a815a8c6c46fe6b1f94d1e7277f74265d7c04ba4b4596c2cf590777c540d4b/work)
shm on /var/lib/docker/containers/51ffbaedd8dd0843278fa835e5990d669c9740e59feb1e282f6e7d2e9b60526a/shm type tmpfs (rw,nosuid,nodev,noexec,relatime,size=65536k)
/dev/vx/dsk/vxosdg/vJCcz_logs on /var/lib/docker-veritas-plugin/vJCcz_logs_vxosdg type vxfs (rw,delaylog,largefiles,ioerror=mwdisable)
/dev/vx/dsk/vxosdg/vJCcz_catalog on /var/lib/docker-veritas-plugin/vJCcz_catalog_vxosdg type vxfs (rw,delaylog,largefiles,ioerror=mwdisable)
proc on /run/docker/netns/2b617fcd2e99 type proc (rw,nosuid,nodev,noexec,relatime)
overlay on /var/lib/docker/overlay2/82f31a063e9dfd6cb7ee4dcd3f0515b513a82621e91c4b0cc11841a28e90698e/merged type overlay (rw,relatime,lowerdir=/var/lib/docker/overlay2/l/RJPSRLSAIIRYWCNXX4SZPCIONH:/var/lib/docker/overlay2/l/LVY6UIXJIWZKCBOLLQXV4V6LJY:/var/lib/docker/overlay2/l/NHPT3IYH5WQQ2QODK4LX56I3LH:/var/lib/docker/overlay2/l/KOZM5OO4EPHNGF6FBYUHFSUKR2:/var/lib/docker/overlay2/l/5BMZ362KPZBHSI2D4UNEJRPLXG:/var/lib/docker/overlay2/l/DZPCCZIAMOIEWMHX4YTKUXSYBB:/var/lib/docker/overlay2/l/FKVRRE6OWE2KLATLS25S4SRFGL:/var/lib/docker/overlay2/l/Q3YFT4Y2YOPNKFBVSDS5BCV3SN:/var/lib/docker/overlay2/l/DAI5I4R4OQPOC7SSFBJI2F4LIK:/var/lib/docker/overlay2/l/WFSTNPIDKU7L3A3JV7D4CBM2OG:/var/lib/docker/overlay2/l/7X5YKGVGPT7LC233MZP5PG3BKQ:/var/lib/docker/overlay2/l/TP5KUJ7MYKOA34QUGPNEVQUPER:/var/lib/docker/overlay2/l/J5JESCUXJ3S5DJA5KTE3RXL2RQ:/var/lib/docker/overlay2/l/AGLIM2ZE4RWO3RRS3KNLS4NLF5:/var/lib/docker/overlay2/l/DFV757YLMY57X5UABWZ7TE62Q4:/var/lib/docker/overlay2/l/T5B56XCJ7ZJSFLLWPLN4MZ63RB:/var/lib/docker/overlay2/l/SJGEHWEIWNAR37L6UPMVTZAP27:/var/lib/docker/overlay2/l/USMKBHUK2VTUW6CVDFSFN2SDJG:/var/lib/docker/overlay2/l/CPS2LCPBDBAIIPVY3C62KBMKYR:/var/lib/docker/overlay2/l/XD37T2H2CNI75DAAXRR5ZVG6RY:/var/lib/docker/overlay2/l/5NHT5P56XNIG3OTLAK6CAR5K3F:/var/lib/docker/overlay2/l/PKZJ6FX652D7BJE7FCSG2M7YUP:/var/lib/docker/overlay2/l/VIJPELTBIYRIXB2YCTD5ENKAL4:/var/lib/docker/overlay2/l/UE522HP7VR524WTUHDBFDLVB7N:/var/lib/docker/overlay2/l/JTLMJR6YPD2OCEUVSMDMH5XJCX:/var/lib/docker/overlay2/l/DNTLZE3LQSOF35HLDT5ZHX46I2:/var/lib/docker/overlay2/l/PXIIMFBBT33XOLGW2ED7XZAODU:/var/lib/docker/overlay2/l/HQU7FCWTUZDPSBU7JZPNALPXSC:/var/lib/docker/overlay2/l/4UIY5RL7MBPA6JPDY5BLYQV6JU:/var/lib/docker/overlay2/l/455CN4G7EFCBLK34A56L5KGJ6H:/var/lib/docker/overlay2/l/4ONYNJZO4HNXIH3M5UVPSN64Q7:/var/lib/docker/overlay2/l/EBGFB7J5LPESGYAYC7AS6RWNVR:/var/lib/docker/overlay2/l/HARB4NMPALEXAXCE2KPZ43FIG7:/var/lib/docker/overlay2/l/RSDXZVD7PZK3TUEOZM3RN624EC,upperdir=/var/lib/docker/overlay2/82f31a063e9dfd6cb7ee4dcd3f0515b513a82621e91c4b0cc11841a28e90698e/diff,workdir=/var/lib/docker/overlay2/82f31a063e9dfd6cb7ee4dcd3f0515b513a82621e91c4b0cc11841a28e90698e/work)
shm on /var/lib/docker/containers/fa435ad46cfbeb78a388e3bd9ef706301454e20f23fbf273f2e152148b80e935/shm type tmpfs (rw,nosuid,nodev,noexec,relatime,size=65536k)
/dev/vx/dsk/vxosdg/vWMsa_logs on /var/lib/docker-veritas-plugin/vWMsa_logs_vxosdg type vxfs (rw,delaylog,largefiles,ioerror=mwdisable)
/mnt/data/apps/vWMsa_config.img on /var/lib/docker-filevol-plugin/vWMsa_config type ext4 (rw,relatime,data=ordered)
/dev/vx/dsk/vxosdg/vWMsa_msdpdata-0 on /var/lib/docker-veritas-plugin/vWMsa_msdpdata-0_vxosdg type vxfs (rw,delaylog,largefiles,ioerror=mwdisable)
proc on /run/docker/netns/a02e37561b28 type proc (rw,nosuid,nodev,noexec,relatime)
binfmt_misc on /proc/sys/fs/binfmt_misc type binfmt_misc (rw,relatime)
tmpfs on /run/user/0 type tmpfs (rw,nosuid,nodev,relatime,size=6519984k,mode=700)
