perl-5.16.3-294.el7_6.x86_64
GeoIP-1.5.0-14.el7.x86_64
setup-2.8.71-10.el7.noarch
VRTSdocker-plugin-1.4-1.x86_64
python-urlgrabber-3.10-9.el7.noarch
libreport-filesystem-2.1.11-43.el7.x86_64
VRTSglm-7.3.1.1100-RHEL7.x86_64
redhat-logos-70.7.0-1.el7.noarch
emacs-filesystem-24.3-22.el7.noarch
gpg-pubkey-d9712e70-5a691f18
shadow-utils-4.6-5.el7.x86_64
glibc-2.17-292.el7.x86_64
checkpolicy-2.5-8.el7.x86_64
nspr-4.21.0-1.el7.x86_64
kpartx-0.4.9-127.el7.x86_64
libselinux-2.5-14.1.el7.x86_64
cryptsetup-libs-2.0.3-5.el7.x86_64
xz-libs-5.2.2-1.el7.x86_64
systemd-libs-219-67.el7.x86_64
libxml2-2.9.1-6.el7_2.3.x86_64
elfutils-default-yama-scope-0.176-2.el7.noarch
elfutils-libelf-0.176-2.el7.x86_64
polkit-0.112-22.el7.x86_64
libdb-5.3.21-25.el7.x86_64
satyr-0.13-15.el7.x86_64
libcap-2.22-10.el7.x86_64
selinux-policy-3.13.1-252.el7.noarch
tcp_wrappers-libs-7.6-77.el7.x86_64
grub2-tools-2.02-0.80.el7.x86_64
which-2.20-7.el7.x86_64
hwdata-0.252-9.3.el7.x86_64
libassuan-2.1.0-3.el7.x86_64
dhcp-libs-4.2.5-77.el7.x86_64
libaio-0.3.109-13.el7.x86_64
dhclient-4.2.5-77.el7.x86_64
xz-5.2.2-1.el7.x86_64
libdrm-2.4.97-2.el7.x86_64
libtar-1.2.11-29.el7.x86_64
dmraid-events-1.0.0.rc16-28.el7.x86_64
libmnl-1.0.3-7.el7.x86_64
selinux-policy-targeted-3.13.1-252.el7.noarch
libgomp-4.8.5-39.el7.x86_64
iscsi-initiator-utils-iscsiuio-6.2.0.874-11.el7.x86_64
gmp-6.0.0-15.el7.x86_64
libcgroup-0.41-21.el7.x86_64
slang-2.2.4-11.el7.x86_64
trousers-0.3.14-2.el7.x86_64
gdbm-1.10-8.el7.x86_64
device-mapper-multipath-libs-0.4.9-127.el7.x86_64
dmidecode-3.2-3.el7.x86_64
usb_modeswitch-data-20170806-1.el7.noarch
ethtool-4.8-10.el7.x86_64
parted-3.1-31.el7.x86_64
iproute-4.11.0-25.el7.x86_64
libestr-0.1.9-2.el7.x86_64
less-458-9.el7.x86_64
quota-nls-4.01-19.el7.noarch
keyutils-1.5.8-3.el7.x86_64
docker-common-1.13.1-102.git7f2769b.el7.x86_64
acl-2.2.51-14.el7.x86_64
nfs-utils-1.3.0-0.65.el7.x86_64
pinentry-0.8.1-17.el7.x86_64
vuf-thunder-stable-1.3.1-1.el7.x86_64
freetype-2.8-14.el7.x86_64
system-config-firewall-base-1.2.29-10.el7.noarch
libconfig-1.4.9-5.el7.x86_64
openssh-server-7.4p1-21.el7.x86_64
libtommath-0.42.0-6.el7.x86_64
libreport-cli-2.1.11-43.el7.x86_64
hardlink-1.0-19.el7.x86_64
chrony-3.4-1.el7.x86_64
libndp-1.2-9.el7.x86_64
at-3.1.13-24.el7.x86_64
lsscsi-0.27-6.el7.x86_64
platform-config-2.6.16-1.el7.x86_64
ca-certificates-2018.2.22-70.0.el7_5.noarch
sudo-1.8.23-4.el7.x86_64
python-libs-2.7.5-86.el7.x86_64
Red_Hat_Enterprise_Linux-Release_Notes-7-en-US-7-2.el7.noarch
libmount-2.23.2-61.el7.x86_64
gfs2-utils-3.1.10-9.el7.x86_64
python-decorator-3.4.0-3.el7.noarch
iprutils-2.4.17.1-2.el7.x86_64
python-iniparse-0.4-9.el7.noarch
attr-2.4.46-13.el7.x86_64
libpwquality-1.2.3-5.el7.x86_64
lsof-4.87-6.el7.x86_64
libcroco-0.6.12-4.el7.x86_64
latrace-0.5.11-6.1.el7.x86_64
libxml2-python-2.9.1-6.el7_2.3.x86_64
rootfiles-8.1-11.el7.noarch
openssl-1.0.2k-19.el7.x86_64
python-repoze-lru-0.4-3.el7.noarch
python-keyczar-0.71c-2.el7.noarch
OpenIPMI-modalias-2.0.27-1.el7.x86_64
gettext-0.19.8.1-2.el7.x86_64
libpcap-1.5.3-11.el7.x86_64
desktop-file-utils-0.23-2.el7.x86_64
sos-3.7-5.el7.noarch
python-docker-pycreds-0.3.0-9.el7_6.noarch
sysstat-10.1.5-18.el7.x86_64
python-httplib2-0.9.2-1.el7.noarch
sysfsutils-2.1.0-16.el7.x86_64
python-configobj-4.7.2-7.el7.noarch
syscfg-V14.1-B26.x86_64
pyxattr-0.5.1-5.el7.x86_64
sas3ircu-16.00.00.00-1.el7.x86_64
python-backports-1.0-8.el7.x86_64
ipmiutil-3.1.2-3.el7.x86_64
python-urllib3-1.10.2-7.el7.noarch
ixgbe-5.5.3-7.x86_64
python2-jmespath-0.9.0-3.el7.noarch
flashupdt-V14.1-B19.x86_64
m2crypto-0.21.1-17.el7.x86_64
MegaCli-8.04.07-1.noarch
audit-libs-python-2.8.5-4.el7.x86_64
VRTSvlic-3.02.73.001-RHEL7.x86_64
python-paramiko-2.1.1-9.el7.noarch
VRTSvcs-7.3.1.001-RHEL7.x86_64
fipscheck-1.4.1-6.el7.x86_64
perl-Pod-Perldoc-3.20-4.el7.noarch
wget-1.14-18.el7_6.1.x86_64
perl-Pod-Usage-1.63-3.el7.noarch
nss-pem-1.0.3-7.el7.x86_64
perl-Exporter-5.68-3.el7.noarch
libcurl-7.29.0-54.el7.x86_64
perl-Carp-1.26-244.el7.noarch
openldap-2.4.44-21.el7_6.x86_64
perl-Pod-Simple-3.28-4.el7.noarch
pygpgme-0.3-9.el7.x86_64
perl-threads-1.87-4.el7.x86_64
passwd-0.79-5.el7.x86_64
libgcc-4.8.5-39.el7.x86_64
geoipupdate-2.5.0-1.el7.x86_64
grub2-common-2.02-0.80.el7.noarch
bind-libs-lite-9.11.4-9.P2.el7.x86_64
filesystem-3.2-25.el7.x86_64
python-pycurl-7.19.0-19.el7.x86_64
bind-license-9.11.4-9.P2.el7.noarch
yum-3.4.3-163.el7.noarch
basesystem-10.0-7.el7.noarch
binutils-2.27-41.base.el7.x86_64
kbd-misc-1.15.5-15.el7.noarch
numactl-libs-2.0.12-3.el7.x86_64
ncurses-base-5.9-14.20130511.el7_4.noarch
libsemanage-2.5-14.el7.x86_64
nss-softokn-freebl-3.44.0-5.el7.x86_64
libutempter-1.1.6-4.el7.x86_64
libstdc++-4.8.5-39.el7.x86_64
sgpio-1.2.0.10-13.el7.x86_64
bash-4.2.46-33.el7.x86_64
libsmartcols-2.23.2-61.el7.x86_64
nss-util-3.44.0-3.el7.x86_64
procps-ng-3.3.10-26.el7.x86_64
pcre-8.32-17.el7.x86_64
device-mapper-1.02.158-2.el7.x86_64
zlib-1.2.7-18.el7.x86_64
device-mapper-libs-1.02.158-2.el7.x86_64
libcom_err-1.42.9-16.el7.x86_64
dracut-033-564.el7.x86_64
popt-1.13-16.el7.x86_64
elfutils-libs-0.176-2.el7.x86_64
libuuid-2.23.2-61.el7.x86_64
dbus-libs-1.10.24-13.el7_6.x86_64
sed-4.2.2-5.el7.x86_64
dbus-1.10.24-13.el7_6.x86_64
bzip2-libs-1.0.6-13.el7.x86_64
systemd-sysv-219-67.el7.x86_64
gawk-4.0.2-4.el7_3.1.x86_64
policycoreutils-2.5-33.el7.x86_64
libgpg-error-1.12-3.el7.x86_64
polkit-pkla-compat-0.1-4.el7.x86_64
libgcrypt-1.5.3-14.el7.x86_64
initscripts-9.49.47-1.el7.x86_64
libattr-2.4.46-13.el7.x86_64
grub2-tools-minimal-2.02-0.80.el7.x86_64
libacl-2.2.51-14.el7.x86_64
libreport-python-2.1.11-43.el7.x86_64
audit-libs-2.8.5-4.el7.x86_64
device-mapper-event-1.02.158-2.el7.x86_64
expat-2.1.0-10.el7_3.x86_64
os-prober-1.58-9.el7.x86_64
cpio-2.11-27.el7.x86_64
cronie-anacron-1.4.11-23.el7.x86_64
findutils-4.5.11-6.el7.x86_64
crontabs-1.11-6.20121102git.el7.noarch
json-c-0.11-4.el7_0.x86_64
libpciaccess-0.14-1.el7.x86_64
lua-5.1.4-15.el7.x86_64
dbus-python-1.1.1-9.el7.x86_64
diffutils-3.3-5.el7.x86_64
openssh-7.4p1-21.el7.x86_64
tar-1.26-35.el7.x86_64
dhcp-common-4.2.5-77.el7.x86_64
kmod-libs-20-25.el7.x86_64
dracut-network-033-564.el7.x86_64
e2fsprogs-libs-1.42.9-16.el7.x86_64
python-firewall-0.6.3-2.el7.noarch
file-5.11-35.el7.x86_64
grub2-tools-extra-2.02-0.80.el7.x86_64
libselinux-utils-2.5-14.1.el7.x86_64
grub2-2.02-0.80.el7.x86_64
libverto-0.2.5-4.el7.x86_64
dmraid-1.0.0.rc16-28.el7.x86_64
nss-softokn-3.44.0-5.el7.x86_64
lvm2-2.02.185-2.el7.x86_64
groff-base-1.22.2-8.el7.x86_64
kernel-3.10.0-957.27.4.el7.x86_64
libunistring-0.9.3-9.el7.x86_64
wpa_supplicant-2.6-12.el7.x86_64
boost-system-1.53.0-27.el7.x86_64
iscsi-initiator-utils-6.2.0.874-11.el7.x86_64
libnl-1.1.4-3.el7.x86_64
oci-register-machine-0-6.git2b44233.el7.x86_64
libbasicobjects-0.1.1-32.el7.x86_64
policycoreutils-python-2.5-33.el7.x86_64
newt-0.52.15-4.el7.x86_64
gssproxy-0.7.0-26.el7.x86_64
libseccomp-2.3.1-3.el7.x86_64
iptables-services-1.4.21-33.el7.x86_64
yajl-2.0.4-4.el7.x86_64
NetworkManager-libnm-1.18.0-5.el7.x86_64
libnfnetlink-1.0.1-4.el7.x86_64
device-mapper-multipath-0.4.9-127.el7.x86_64
libcollection-0.7.0-32.el7.x86_64
usb_modeswitch-2.5.1-1.el7.x86_64
hostname-3.13-3.el7.x86_64
plymouth-core-libs-0.8.9-0.32.20140113.el7.x86_64
lz4-1.7.5-3.el7.x86_64
plymouth-0.8.9-0.32.20140113.el7.x86_64
iptables-1.4.21-33.el7.x86_64
container-storage-setup-0.11.0-2.git5eaf76c.el7.noarch
oci-umount-2.5-1.el7_6.x86_64
usermode-1.111-6.el7.x86_64
boost-thread-1.53.0-27.el7.x86_64
subscription-manager-rhsm-certificates-1.24.13-1.el7.x86_64
ipset-libs-7.1-1.el7.x86_64
firewalld-filesystem-0.6.3-2.el7.noarch
device-mapper-persistent-data-0.8.5-1.el7.x86_64
quota-4.01-19.el7.x86_64
setools-libs-3.3.8-4.el7.x86_64
containers-common-0.1.37-1.el7.x86_64
vim-minimal-7.4.629-6.el7.x86_64
docker-client-1.13.1-102.git7f2769b.el7.x86_64
libxslt-1.1.28-5.el7.x86_64
kbd-1.15.5-15.el7.x86_64
libdwarf-20130207-4.el7.x86_64
firewalld-0.6.3-2.el7.noarch
libss-1.42.9-16.el7.x86_64
rsyslog-8.24.0-38.el7.x86_64
libpng-1.5.13-7.el7_2.x86_64
fcoe-utils-1.0.32-2.el7_6.x86_64
mozjs17-17.0.0-20.el7.x86_64
tuned-2.11.0-5.el7.noarch
ncurses-5.9-14.20130511.el7_4.x86_64
tboot-1.9.9-1.el7.x86_64
snappy-1.1.0-3.el7.x86_64
kexec-tools-2.0.15-33.el7.x86_64
dyninst-9.3.1-3.el7.x86_64
openssh-clients-7.4p1-21.el7.x86_64
libtomcrypt-1.17-26.el7.x86_64
libini_config-1.3.1-32.el7.x86_64
pth-2.0.7-23.el7.x86_64
libyaml-0.1.4-11.el7_0.x86_64
libpipeline-1.2.3-3.el7.x86_64
libfastjson-0.99.4-3.el7.x86_64
pciutils-libs-3.5.1-3.el7.x86_64
p11-kit-trust-0.23.5-3.el7.x86_64
coreutils-8.22-24.el7.x86_64
openssl-libs-1.0.2k-19.el7.x86_64
python-2.7.5-86.el7.x86_64
python-six-1.9.0-2.el7.noarch
glib2-2.56.1-5.el7.x86_64
gzip-1.5-10.el7.x86_64
python-ipaddress-1.0.16-2.el7.noarch
cracklib-2.9.0-11.el7.x86_64
python2-pyasn1-0.1.9-7.el7.noarch
cracklib-dicts-2.9.0-11.el7.x86_64
pam-1.1.8-22.el7.x86_64
python-gobject-base-3.22.0-1.el7_4.1.x86_64
xfsprogs-4.5.0-20.el7.x86_64
libselinux-python-2.5-14.1.el7.x86_64
python2-crypto-2.6.1-16.el7.x86_64
python-chardet-2.2.1-3.el7.noarch
cyrus-sasl-lib-2.1.26-23.el7.x86_64
python-kitchen-1.1.1-5.el7.noarch
python-dmidecode-3.12.2-3.el7.x86_64
gettext-libs-0.19.8.1-2.el7.x86_64
libverto-libevent-0.2.5-4.el7.x86_64
pkgconfig-0.27.1-4.el7.x86_64
xdg-utils-1.1.0-0.17.20120809git.el7.noarch
python-websocket-client-0.56.0-3.git3c25814.el7.noarch
grubby-8.28-26.el7.x86_64
python-syspurpose-1.24.13-1.el7.x86_64
python-babel-0.9.6-8.el7.noarch
python-ipaddr-2.1.11-2.el7.noarch
pyliblzma-0.5.3-11.el7.x86_64
python-schedutils-0.4-6.el7.x86_64
python-IPy-0.75-6.el7.noarch
python-perf-3.10.0-1062.el7.x86_64
python-backports-ssl_match_hostname-3.5.0.1-1.el7.noarch
atomic-registries-1.22.1-26.gitb507039.el7.x86_64
python-requests-2.6.0-5.el7.noarch
python-linux-procfs-0.4.11-4.el7.noarch
python-magic-5.11-35.el7.noarch
python-idna-2.4-1.el7.noarch
python-ply-3.4-11.el7.noarch
python-cffi-1.6.0-5.el7.x86_64
python-netaddr-0.7.5-9.el7.noarch
python2-cryptography-1.7.2-2.el7.x86_64
ansible-2.7.5-1.el7.noarch
fipscheck-lib-1.4.1-6.el7.x86_64
mokutil-15-2.el7.x86_64
bind-export-libs-9.11.4-9.P2.el7.x86_64
logrotate-3.8.6-17.el7.x86_64
VRTScommon-utils-0.0.1-20190811031329.noarch
nss-3.44.0-4.el7.x86_64
nss-tools-3.44.0-4.el7.x86_64
curl-7.29.0-54.el7.x86_64
rpm-4.11.3-40.el7.x86_64
libuser-0.60-9.el7.x86_64
gpgme-1.3.2-5.el7.x86_64
rpm-build-libs-4.11.3-40.el7.x86_64
redhat-support-lib-python-0.9.7-6.el7.noarch
perl-Getopt-Long-2.40-3.el7.noarch
VRTSpython-3.5.1.1-RHEL7.x86_64
VRTScavf-7.3.1.000-GENERIC.x86_64
VRTSaslapm-7.3.1.130-RHEL7.x86_64
VRTSsfcpi-7.3.1.000-GENERIC.noarch
VRTSspt-7.3.1.000-RHEL7.noarch
VRTSamf-7.3.1.300-RHEL7.x86_64
pciutils-3.5.1-3.el7.x86_64
authconfig-6.2.8-30.el7.x86_64
audit-2.8.5-4.el7.x86_64
mdadm-4.1-1.el7.x86_64
crda-3.18_2018.05.31-4.el7.x86_64
microcode_ctl-2.1-53.el7.x86_64
cryptsetup-2.0.3-5.el7.x86_64
systemtap-runtime-4.0-9.el7.x86_64
redhat-support-tool-0.9.11-1.el7.noarch
VRTSasum-2.3.0-20190811031329.noarch
python-docker-py-1.10.6-9.el7_6.noarch
cyrus-sasl-plain-2.1.26-23.el7.x86_64
man-db-2.6.3-11.el7.x86_64
btrfs-progs-4.9.1-1.el7.x86_64
gdb-7.6.1-115.el7.x86_64
expect-5.45-14.el7_1.x86_64
efibootmgr-17-2.el7.x86_64
bc-1.06.95-13.el7.x86_64
docker-compose-1.21.0-1.el7.x86_64
strace-4.12-9.el7.x86_64
dosfstools-3.0.20-10.el7.x86_64
setserial-2.17-33.el7.x86_64
redhat-indexhtml-7-13.el7.noarch
oniguruma-5.9.5-3.el7.x86_64
libsysfs-2.1.0-16.el7.x86_64
ql2700-firmware-8.07.10-1.el7.noarch
OpenIPMI-2.0.27-1.el7.x86_64
OpenIPMI-libs-2.0.27-1.el7.x86_64
bzip2-1.0.6-13.el7.x86_64
VRTSvxos-ssl-1.5.6-5.noarch
python2-futures-3.1.1-5.el7.noarch
VRTSflex-shell-5150-1.3.0-1.x86_64
tcpdump-4.9.2-4.el7.x86_64
ipmitool-1.8.18-7.el7.x86_64
python2-jsonschema-2.6.0-2.el7.noarch
jq-1.5-1.el7.x86_64
mtx-1.3.12-14.el7.x86_64
mt-st-1.1-14.el7.x86_64
VRTSflex-hostagent-1.3.0-1.x86_64
ctop-0.7.0-1.x86_64
vrts_flex_autosupport-1.3.0-20190906133016.x86_64
i40e-2.7.29-7.x86_64
VRTSflex-infrasvc-1.3.0-1.x86_64
telnet-0.17-64.el7.x86_64
unzip-6.0-20.el7.x86_64
storelib-4.02-1.x86_64
Lib_Utils-1.00-09.noarch
fwdownloader_megaraid-3.60-1.x86_64
VRTSperl-5.26.0.0-RHEL7.x86_64
VRTSvxfs-7.3.1.2100-RHEL7.x86_64
ksh-20120801-139.el7.x86_64
perl-parent-0.225-244.el7.noarch
perl-podlators-2.5.1-3.el7.noarch
perl-Pod-Escapes-1.04-294.el7_6.noarch
perl-Text-ParseWords-3.29-4.el7.noarch
perl-libs-5.16.3-294.el7_6.x86_64
perl-Time-HiRes-1.9725-3.el7.x86_64
perl-constant-1.27-2.el7.noarch
perl-Socket-2.010-4.el7.x86_64
perl-Storable-2.45-3.el7.x86_64
perl-Scalar-List-Utils-1.27-248.el7.x86_64
perl-File-Temp-0.23.01-3.el7.noarch
perl-threads-shared-1.43-6.el7.x86_64
perl-Filter-1.49-3.el7.x86_64
libnfsidmap-0.25-19.el7.x86_64
redhat-release-server-7.6-4.el7.x86_64
VRTSvcsag-7.3.1.000-RHEL7.x86_64
bind-libs-9.11.4-9.P2.el7.x86_64
tzdata-2019b-1.el7.noarch
VRTSfsadv-7.3.1.000-RHEL7.x86_64
yum-utils-1.1.31-52.el7.noarch
grub2-pc-modules-2.02-0.80.el7.noarch
VRTSdocker-filevol-1.0.0-1.x86_64
ustr-1.0.4-16.el7.x86_64
glibc-common-2.17-292.el7.x86_64
libsemanage-python-2.5-14.el7.x86_64
ncurses-libs-5.9-14.20130511.el7_4.x86_64
qrencode-libs-3.4.1-3.el7.x86_64
libsepol-2.5-10.el7.x86_64
util-linux-2.23.2-61.el7.x86_64
info-5.1-5.el7.x86_64
kmod-20-25.el7.x86_64
chkconfig-1.7.4-1.el7.x86_64
systemd-219-67.el7.x86_64
readline-6.2-11.el7.x86_64
device-mapper-event-libs-1.02.158-2.el7.x86_64
grep-2.20-3.el7.x86_64
iputils-20160308-10.el7.x86_64
libffi-3.0.13-18.el7.x86_64
libreport-2.1.11-43.el7.x86_64
libcap-ng-0.7.5-4.el7.x86_64
rpcbind-0.2.0-48.el7.x86_64
sqlite-3.7.17-8.el7.x86_64
cronie-1.4.11-23.el7.x86_64
keyutils-libs-1.5.8-3.el7.x86_64
dbus-glib-0.100-7.el7.x86_64
libidn-1.28-4.el7.x86_64
virt-what-1.18-4.el7.x86_64
augeas-libs-1.4.0-9.el7.x86_64
python-slip-dbus-0.4.0-4.el7.noarch
file-libs-5.11-35.el7.x86_64
grub2-pc-2.02-0.80.el7.x86_64
libnl3-3.2.28-4.el7.x86_64
lvm2-libs-2.02.185-2.el7.x86_64
p11-kit-0.23.5-3.el7.x86_64
lldpad-1.0.1-5.git036e314.el7.x86_64
libedit-3.0-12.20121213cvs.el7.x86_64
ebtables-2.0.10-16.el7.x86_64
efivar-libs-36-12.el7.x86_64
container-selinux-2.107-1.el7_6.noarch
libref_array-0.1.5-32.el7.x86_64
python-pyudev-0.15-9.el7.noarch
sysvinit-tools-2.88-14.dsf.el7.x86_64
libusbx-1.0.21-1.el7.x86_64
lzo-2.06-8.el7.x86_64
plymouth-scripts-0.8.9-0.32.20140113.el7.x86_64
libnetfilter_conntrack-1.0.6-1.el7_3.x86_64
vuf-2.1.9-14.el7.x86_64
iw-4.3-2.el7.x86_64
subscription-manager-rhsm-1.24.13-1.el7.x86_64
ipset-7.1-1.el7.x86_64
kbd-legacy-1.15.5-15.el7.noarch
tcp_wrappers-7.6-77.el7.x86_64
docker-1.13.1-102.git7f2769b.el7.x86_64
libdb-utils-5.3.21-25.el7.x86_64
subscription-manager-1.24.13-1.el7.x86_64
make-3.82-24.el7.x86_64
NetworkManager-1.18.0-5.el7.x86_64
linux-firmware-20190429-72.gitddde598.el7.noarch
lvm2-python-boom-0.9-18.el7.noarch
boost-date-time-1.53.0-27.el7.x86_64
NetworkManager-glib-1.18.0-5.el7.x86_64
libpath_utils-0.2.1-32.el7.x86_64
psacct-6.6.1-13.el7.x86_64
tcl-8.5.13-8.el7.x86_64
net-tools-2.0-0.25.20131004git.el7.x86_64
sshpass-1.06-2.el7.x86_64
irqbalance-1.0.7-12.el7.x86_64
libtasn1-4.10-1.el7.x86_64
bind-utils-9.11.4-9.P2.el7.x86_64
krb5-libs-1.15.1-37.el7_6.x86_64
shim-x64-15-2.el7.x86_64
libblkid-2.23.2-61.el7.x86_64
tmux-1.8-4.el7.x86_64
shared-mime-info-1.8-4.el7.x86_64
e2fsprogs-1.42.9-16.el7.x86_64
python-dateutil-1.5-7.el7.noarch
ntsysv-1.7.4-1.el7.x86_64
libevent-2.0.21-4.el7.x86_64
ed-1.9-4.el7.x86_64
gobject-introspection-1.56.1-1.el7.x86_64
traceroute-2.0.22-2.el7.x86_64
python-lxml-3.2.1-4.el7.x86_64
NetworkManager-config-server-1.18.0-5.el7.noarch
PyYAML-3.10-11.el7.x86_64
ql2500-firmware-8.04.00-3.el7_3.noarch
libtirpc-0.2.4-0.16.el7.x86_64
net-snmp-libs-5.7.2-43.el7.x86_64
python-slip-0.4.0-4.el7.noarch
lm_sensors-libs-3.4.0-8.20160601gitf9185e5.el7.x86_64
yum-metadata-parser-1.1.4-10.el7.x86_64
VRTSflex-shell-2.5.1-17.x86_64
oci-systemd-hook-0.2.0-1.git05e6923.el7_6.x86_64
VRTSthunder-pki-1.0.0-1.noarch
python-markupsafe-0.11-10.el7.x86_64
scst-qlogic-3.2.3-15.el7.x86_64
python-jinja2-2.7.2-4.el7.noarch
storcli-007.0813.0000.0000-1.noarch
python-inotify-0.9.4-4.el7.noarch
QConvergeConsoleCLI-2.3.00-11.x86_64
python-pytoml-0.1.14-1.git7dea353.el7.noarch
sysinfo-V14.1-B24.x86_64
python-setuptools-0.9.8-7.el7.noarch
Veritas-VxUL-3.9.0.0-20170808084909.x86_64
newt-python-0.52.15-4.el7.x86_64
sas3flash-16.00.00.00-1.el7.x86_64
python-ethtool-0.8-8.el7.x86_64
QCS-CLI-40.0.25.0-0.x86_64
python-pycparser-2.14-1.el7.noarch
VRTSveki-7.3.1.100-RHEL7.x86_64
python-enum34-1.0.4-1.el7.noarch
VRTSvxvm-7.3.1.2180-RHEL7.x86_64
libssh2-1.8.0-3.el7.x86_64
perl-HTTP-Tiny-0.033-3.el7.noarch
docker-rhel-push-plugin-1.13.1-102.git7f2769b.el7.x86_64
perl-Encode-2.51-7.el7.x86_64
vxos-release-1.3-0.el7.x86_64
perl-macros-5.16.3-294.el7_6.x86_64
nss-sysinit-3.44.0-4.el7.x86_64
perl-Time-Local-1.2300-2.el7.noarch
rpm-libs-4.11.3-40.el7.x86_64
perl-PathTools-3.40-5.el7.x86_64
gnupg2-2.0.22-5.el7_5.x86_64
perl-File-Path-2.09-2.el7.noarch
rpm-python-4.11.3-40.el7.x86_64
