abi.vsyscall32 = 1
crypto.fips_enabled = 0
debug.exception-trace = 1
debug.kprobes-optimization = 1
debug.panic_on_rcu_stall = 0
dev.hpet.max-user-freq = 64
dev.mac_hid.mouse_button2_keycode = 97
dev.mac_hid.mouse_button3_keycode = 100
dev.mac_hid.mouse_button_emulation = 0
dev.raid.speed_limit_max = 200000
dev.raid.speed_limit_min = 1000
dev.scsi.logging_level = 0
fs.aio-max-nr = 65536
fs.aio-nr = 256
fs.binfmt_misc.status = enabled
fs.dentry-state = 420183	377590	45	0	0	0
fs.dir-notify-enable = 1
fs.epoll.max_user_watches = 13347655
fs.file-max = 6454996
fs.file-nr = 9312	0	6454996
fs.inode-nr = 63570	1679
fs.inode-state = 63570	1679	0	0	0	0	0
fs.inotify.max_queued_events = 16384
fs.inotify.max_user_instances = 128
fs.inotify.max_user_watches = 8192
fs.lease-break-time = 45
fs.leases-enable = 1
fs.may_detach_mounts = 1
fs.mount-max = 100000
fs.mqueue.msg_default = 10
fs.mqueue.msg_max = 10
fs.mqueue.msgsize_default = 8192
fs.mqueue.msgsize_max = 8192
fs.mqueue.queues_max = 256
fs.nfs.idmap_cache_timeout = 0
fs.nfs.nfs_callback_tcpport = 0
fs.nfs.nfs_congestion_kb = 258368
fs.nfs.nfs_mountpoint_timeout = 500
fs.nfs.nlm_grace_period = 0
fs.nfs.nlm_tcpport = 0
fs.nfs.nlm_timeout = 10
fs.nfs.nlm_udpport = 0
fs.nfs.nsm_local_state = 0
fs.nfs.nsm_use_hostnames = 0
fs.nr_open = 1048576
fs.overflowgid = 65534
fs.overflowuid = 65534
fs.pipe-max-size = 1048576
fs.pipe-user-pages-hard = 0
fs.pipe-user-pages-soft = 16384
fs.protected_hardlinks = 1
fs.protected_symlinks = 1
fs.quota.allocated_dquots = 0
fs.quota.cache_hits = 0
fs.quota.drops = 0
fs.quota.free_dquots = 0
fs.quota.lookups = 0
fs.quota.reads = 0
fs.quota.syncs = 192
fs.quota.warnings = 1
fs.quota.writes = 0
fs.suid_dumpable = 0
fs.xfs.age_buffer_centisecs = 1500
fs.xfs.error_level = 3
fs.xfs.filestream_centisecs = 3000
fs.xfs.inherit_noatime = 1
fs.xfs.inherit_nodefrag = 1
fs.xfs.inherit_nodump = 1
fs.xfs.inherit_nosymlinks = 0
fs.xfs.inherit_sync = 1
fs.xfs.irix_sgid_inherit = 0
fs.xfs.irix_symlink_mode = 0
fs.xfs.panic_mask = 0
fs.xfs.rotorstep = 1
fs.xfs.speculative_prealloc_lifetime = 300
fs.xfs.stats_clear = 0
fs.xfs.xfsbufd_centisecs = 100
fs.xfs.xfssyncd_centisecs = 3000
fscache.object_max_active = 448
fscache.operation_max_active = 224
kernel.acct = 4	2	30
kernel.acpi_video_flags = 0
kernel.auto_msgmni = 1
kernel.bootloader_type = 114
kernel.bootloader_version = 2
kernel.cad_pid = 1
kernel.cap_last_cap = 36
kernel.compat-log = 1
kernel.core_pattern = /log/crash/core.%e.%p.%s.%t
kernel.core_pipe_limit = 0
kernel.core_uses_pid = 1
kernel.ctrl-alt-del = 0
kernel.dmesg_restrict = 0
kernel.domainname = (none)
kernel.ftrace_dump_on_oops = 0
kernel.ftrace_enabled = 1
kernel.hardlockup_all_cpu_backtrace = 0
kernel.hardlockup_panic = 1
kernel.hostname = eagappflx027
kernel.hotplug = 
kernel.hung_task_check_count = 4194304
kernel.hung_task_panic = 0
kernel.hung_task_timeout_secs = 120
kernel.hung_task_warnings = 10
kernel.io_delay_type = 0
kernel.kexec_load_disabled = 0
kernel.keys.gc_delay = 300
kernel.keys.maxbytes = 20000
kernel.keys.maxkeys = 200
kernel.keys.persistent_keyring_expiry = 259200
kernel.keys.root_maxbytes = 25000000
kernel.keys.root_maxkeys = 1000000
kernel.kptr_restrict = 0
kernel.max_lock_depth = 1024
kernel.modprobe = /sbin/modprobe
kernel.modules_disabled = 0
kernel.msg_next_id = -1
kernel.msgmax = 8192
kernel.msgmnb = 16384
kernel.msgmni = 4681
kernel.ngroups_max = 65536
kernel.nmi_watchdog = 1
kernel.ns_last_pid = 266331
kernel.numa_balancing = 0
kernel.numa_balancing_scan_delay_ms = 1000
kernel.numa_balancing_scan_period_max_ms = 60000
kernel.numa_balancing_scan_period_min_ms = 1000
kernel.numa_balancing_scan_size_mb = 256
kernel.numa_balancing_settle_count = 4
kernel.osrelease = 3.10.0-957.27.4.el7.x86_64
kernel.ostype = Linux
kernel.overflowgid = 65534
kernel.overflowuid = 65534
kernel.panic = 0
kernel.panic_on_io_nmi = 0
kernel.panic_on_oops = 1
kernel.panic_on_stackoverflow = 0
kernel.panic_on_unrecovered_nmi = 0
kernel.panic_on_warn = 0
kernel.perf_cpu_time_max_percent = 25
kernel.perf_event_max_sample_rate = 79000
kernel.perf_event_mlock_kb = 516
kernel.perf_event_paranoid = 2
kernel.pid_max = 458752
kernel.poweroff_cmd = /sbin/poweroff
kernel.print-fatal-signals = 0
kernel.printk = 1	4	1	7
kernel.printk_delay = 0
kernel.printk_ratelimit = 5
kernel.printk_ratelimit_burst = 10
kernel.pty.max = 4096
kernel.pty.nr = 5
kernel.pty.reserve = 1024
kernel.random.boot_id = ee81cf8b-b7a5-40ff-a4ad-c4ff78cd2803
kernel.random.entropy_avail = 3897
kernel.random.poolsize = 4096
kernel.random.read_wakeup_threshold = 64
kernel.random.urandom_min_reseed_secs = 60
kernel.random.uuid = 1704f286-2178-4a9e-b5ab-9dab86da025f
kernel.random.write_wakeup_threshold = 896
kernel.randomize_va_space = 2
kernel.real-root-dev = 0
kernel.sched_autogroup_enabled = 0
kernel.sched_cfs_bandwidth_slice_us = 5000
kernel.sched_child_runs_first = 0
kernel.sched_domain.cpu0.domain0.busy_factor = 32
kernel.sched_domain.cpu0.domain0.busy_idx = 2
kernel.sched_domain.cpu0.domain0.cache_nice_tries = 1
kernel.sched_domain.cpu0.domain0.flags = 559
kernel.sched_domain.cpu0.domain0.forkexec_idx = 0
kernel.sched_domain.cpu0.domain0.idle_idx = 0
kernel.sched_domain.cpu0.domain0.imbalance_pct = 117
kernel.sched_domain.cpu0.domain0.max_interval = 16
kernel.sched_domain.cpu0.domain0.max_newidle_lb_cost = 15931
kernel.sched_domain.cpu0.domain0.min_interval = 8
kernel.sched_domain.cpu0.domain0.name = MC
kernel.sched_domain.cpu0.domain0.newidle_idx = 0
kernel.sched_domain.cpu0.domain0.wake_idx = 0
kernel.sched_domain.cpu1.domain0.busy_factor = 32
kernel.sched_domain.cpu1.domain0.busy_idx = 2
kernel.sched_domain.cpu1.domain0.cache_nice_tries = 1
kernel.sched_domain.cpu1.domain0.flags = 559
kernel.sched_domain.cpu1.domain0.forkexec_idx = 0
kernel.sched_domain.cpu1.domain0.idle_idx = 0
kernel.sched_domain.cpu1.domain0.imbalance_pct = 117
kernel.sched_domain.cpu1.domain0.max_interval = 16
kernel.sched_domain.cpu1.domain0.max_newidle_lb_cost = 23826
kernel.sched_domain.cpu1.domain0.min_interval = 8
kernel.sched_domain.cpu1.domain0.name = MC
kernel.sched_domain.cpu1.domain0.newidle_idx = 0
kernel.sched_domain.cpu1.domain0.wake_idx = 0
kernel.sched_domain.cpu2.domain0.busy_factor = 32
kernel.sched_domain.cpu2.domain0.busy_idx = 2
kernel.sched_domain.cpu2.domain0.cache_nice_tries = 1
kernel.sched_domain.cpu2.domain0.flags = 559
kernel.sched_domain.cpu2.domain0.forkexec_idx = 0
kernel.sched_domain.cpu2.domain0.idle_idx = 0
kernel.sched_domain.cpu2.domain0.imbalance_pct = 117
kernel.sched_domain.cpu2.domain0.max_interval = 16
kernel.sched_domain.cpu2.domain0.max_newidle_lb_cost = 26338
kernel.sched_domain.cpu2.domain0.min_interval = 8
kernel.sched_domain.cpu2.domain0.name = MC
kernel.sched_domain.cpu2.domain0.newidle_idx = 0
kernel.sched_domain.cpu2.domain0.wake_idx = 0
kernel.sched_domain.cpu3.domain0.busy_factor = 32
kernel.sched_domain.cpu3.domain0.busy_idx = 2
kernel.sched_domain.cpu3.domain0.cache_nice_tries = 1
kernel.sched_domain.cpu3.domain0.flags = 559
kernel.sched_domain.cpu3.domain0.forkexec_idx = 0
kernel.sched_domain.cpu3.domain0.idle_idx = 0
kernel.sched_domain.cpu3.domain0.imbalance_pct = 117
kernel.sched_domain.cpu3.domain0.max_interval = 16
kernel.sched_domain.cpu3.domain0.max_newidle_lb_cost = 23101
kernel.sched_domain.cpu3.domain0.min_interval = 8
kernel.sched_domain.cpu3.domain0.name = MC
kernel.sched_domain.cpu3.domain0.newidle_idx = 0
kernel.sched_domain.cpu3.domain0.wake_idx = 0
kernel.sched_domain.cpu4.domain0.busy_factor = 32
kernel.sched_domain.cpu4.domain0.busy_idx = 2
kernel.sched_domain.cpu4.domain0.cache_nice_tries = 1
kernel.sched_domain.cpu4.domain0.flags = 559
kernel.sched_domain.cpu4.domain0.forkexec_idx = 0
kernel.sched_domain.cpu4.domain0.idle_idx = 0
kernel.sched_domain.cpu4.domain0.imbalance_pct = 117
kernel.sched_domain.cpu4.domain0.max_interval = 16
kernel.sched_domain.cpu4.domain0.max_newidle_lb_cost = 13272
kernel.sched_domain.cpu4.domain0.min_interval = 8
kernel.sched_domain.cpu4.domain0.name = MC
kernel.sched_domain.cpu4.domain0.newidle_idx = 0
kernel.sched_domain.cpu4.domain0.wake_idx = 0
kernel.sched_domain.cpu5.domain0.busy_factor = 32
kernel.sched_domain.cpu5.domain0.busy_idx = 2
kernel.sched_domain.cpu5.domain0.cache_nice_tries = 1
kernel.sched_domain.cpu5.domain0.flags = 559
kernel.sched_domain.cpu5.domain0.forkexec_idx = 0
kernel.sched_domain.cpu5.domain0.idle_idx = 0
kernel.sched_domain.cpu5.domain0.imbalance_pct = 117
kernel.sched_domain.cpu5.domain0.max_interval = 16
kernel.sched_domain.cpu5.domain0.max_newidle_lb_cost = 20438
kernel.sched_domain.cpu5.domain0.min_interval = 8
kernel.sched_domain.cpu5.domain0.name = MC
kernel.sched_domain.cpu5.domain0.newidle_idx = 0
kernel.sched_domain.cpu5.domain0.wake_idx = 0
kernel.sched_domain.cpu6.domain0.busy_factor = 32
kernel.sched_domain.cpu6.domain0.busy_idx = 2
kernel.sched_domain.cpu6.domain0.cache_nice_tries = 1
kernel.sched_domain.cpu6.domain0.flags = 559
kernel.sched_domain.cpu6.domain0.forkexec_idx = 0
kernel.sched_domain.cpu6.domain0.idle_idx = 0
kernel.sched_domain.cpu6.domain0.imbalance_pct = 117
kernel.sched_domain.cpu6.domain0.max_interval = 16
kernel.sched_domain.cpu6.domain0.max_newidle_lb_cost = 15413
kernel.sched_domain.cpu6.domain0.min_interval = 8
kernel.sched_domain.cpu6.domain0.name = MC
kernel.sched_domain.cpu6.domain0.newidle_idx = 0
kernel.sched_domain.cpu6.domain0.wake_idx = 0
kernel.sched_domain.cpu7.domain0.busy_factor = 32
kernel.sched_domain.cpu7.domain0.busy_idx = 2
kernel.sched_domain.cpu7.domain0.cache_nice_tries = 1
kernel.sched_domain.cpu7.domain0.flags = 559
kernel.sched_domain.cpu7.domain0.forkexec_idx = 0
kernel.sched_domain.cpu7.domain0.idle_idx = 0
kernel.sched_domain.cpu7.domain0.imbalance_pct = 117
kernel.sched_domain.cpu7.domain0.max_interval = 16
kernel.sched_domain.cpu7.domain0.max_newidle_lb_cost = 18478
kernel.sched_domain.cpu7.domain0.min_interval = 8
kernel.sched_domain.cpu7.domain0.name = MC
kernel.sched_domain.cpu7.domain0.newidle_idx = 0
kernel.sched_domain.cpu7.domain0.wake_idx = 0
kernel.sched_latency_ns = 24000000
kernel.sched_migration_cost_ns = 500000
kernel.sched_min_granularity_ns = 10000000
kernel.sched_nr_migrate = 32
kernel.sched_rr_timeslice_ms = 100
kernel.sched_rt_period_us = 1000000
kernel.sched_rt_runtime_us = 950000
kernel.sched_schedstats = 0
kernel.sched_shares_window_ns = 10000000
kernel.sched_time_avg_ms = 1000
kernel.sched_tunable_scaling = 1
kernel.sched_wakeup_granularity_ns = 15000000
kernel.seccomp.actions_avail = kill trap errno trace allow
kernel.seccomp.actions_logged = kill trap errno trace
kernel.sem = 300	1875600	32	6252
kernel.sem_next_id = -1
kernel.shm_next_id = -1
kernel.shm_rmid_forced = 0
kernel.shmall = 18446744073692774399
kernel.shmmax = 18446744073692774399
kernel.shmmni = 4096
kernel.softlockup_all_cpu_backtrace = 0
kernel.softlockup_panic = 0
kernel.stack_tracer_enabled = 0
kernel.sysctl_writes_strict = 1
kernel.sysrq = 1
kernel.tainted = 536883713
kernel.threads-max = 509172
kernel.timer_migration = 1
kernel.traceoff_on_warning = 0
kernel.unknown_nmi_panic = 1
kernel.usermodehelper.bset = 4294967295	31
kernel.usermodehelper.inheritable = 4294967295	31
kernel.version = #1 SMP Wed Jul 31 05:27:50 EDT 2019
kernel.watchdog = 1
kernel.watchdog_cpumask = 0-447
kernel.watchdog_thresh = 10
kernel.yama.ptrace_scope = 0
net.bridge.bridge-nf-call-arptables = 0
net.bridge.bridge-nf-call-ip6tables = 0
net.bridge.bridge-nf-call-iptables = 1
net.bridge.bridge-nf-filter-pppoe-tagged = 0
net.bridge.bridge-nf-filter-vlan-tagged = 0
net.bridge.bridge-nf-pass-vlan-input-dev = 0
net.core.bpf_jit_enable = 1
net.core.bpf_jit_harden = 1
net.core.busy_poll = 0
net.core.busy_read = 0
net.core.default_qdisc = pfifo_fast
net.core.dev_weight = 64
net.core.dev_weight_rx_bias = 1
net.core.dev_weight_tx_bias = 1
net.core.message_burst = 10
net.core.message_cost = 5
net.core.netdev_budget = 300
net.core.netdev_max_backlog = 1000
net.core.netdev_rss_key = f2:df:be:e5:e8:bb:c8:e5:2b:68:31:bc:a3:4e:a2:7d:55:46:9b:11:59:20:a0:8c:a8:68:91:41:18:37:07:fd:8b:54:11:a2:a8:17:31:4d:34:e2:92:36:50:8b:c4:bd:22:f7:11:51
net.core.netdev_tstamp_prequeue = 1
net.core.optmem_max = 20480
net.core.rmem_default = 212992
net.core.rmem_max = 212992
net.core.rps_sock_flow_entries = 0
net.core.somaxconn = 128
net.core.warnings = 1
net.core.wmem_default = 212992
net.core.wmem_max = 212992
net.core.xfrm_acq_expires = 30
net.core.xfrm_aevent_etime = 10
net.core.xfrm_aevent_rseqth = 2
net.core.xfrm_larval_drop = 1
net.ipv4.cipso_cache_bucket_size = 10
net.ipv4.cipso_cache_enable = 1
net.ipv4.cipso_rbm_optfmt = 0
net.ipv4.cipso_rbm_strictvalid = 1
net.ipv4.conf.all.accept_local = 0
net.ipv4.conf.all.accept_redirects = 0
net.ipv4.conf.all.accept_source_route = 0
net.ipv4.conf.all.arp_accept = 0
net.ipv4.conf.all.arp_announce = 0
net.ipv4.conf.all.arp_filter = 0
net.ipv4.conf.all.arp_ignore = 0
net.ipv4.conf.all.arp_notify = 0
net.ipv4.conf.all.bootp_relay = 0
net.ipv4.conf.all.disable_policy = 0
net.ipv4.conf.all.disable_xfrm = 0
net.ipv4.conf.all.force_igmp_version = 0
net.ipv4.conf.all.forwarding = 1
net.ipv4.conf.all.igmpv2_unsolicited_report_interval = 10000
net.ipv4.conf.all.igmpv3_unsolicited_report_interval = 1000
net.ipv4.conf.all.log_martians = 0
net.ipv4.conf.all.mc_forwarding = 0
net.ipv4.conf.all.medium_id = 0
net.ipv4.conf.all.promote_secondaries = 1
net.ipv4.conf.all.proxy_arp = 0
net.ipv4.conf.all.proxy_arp_pvlan = 0
net.ipv4.conf.all.route_localnet = 0
net.ipv4.conf.all.rp_filter = 1
net.ipv4.conf.all.secure_redirects = 1
net.ipv4.conf.all.send_redirects = 1
net.ipv4.conf.all.shared_media = 1
net.ipv4.conf.all.src_valid_mark = 0
net.ipv4.conf.all.tag = 0
net.ipv4.conf.bond0.accept_local = 0
net.ipv4.conf.bond0.accept_redirects = 1
net.ipv4.conf.bond0.accept_source_route = 0
net.ipv4.conf.bond0.arp_accept = 0
net.ipv4.conf.bond0.arp_announce = 0
net.ipv4.conf.bond0.arp_filter = 0
net.ipv4.conf.bond0.arp_ignore = 0
net.ipv4.conf.bond0.arp_notify = 0
net.ipv4.conf.bond0.bootp_relay = 0
net.ipv4.conf.bond0.disable_policy = 0
net.ipv4.conf.bond0.disable_xfrm = 0
net.ipv4.conf.bond0.force_igmp_version = 0
net.ipv4.conf.bond0.forwarding = 1
net.ipv4.conf.bond0.igmpv2_unsolicited_report_interval = 10000
net.ipv4.conf.bond0.igmpv3_unsolicited_report_interval = 1000
net.ipv4.conf.bond0.log_martians = 0
net.ipv4.conf.bond0.mc_forwarding = 0
net.ipv4.conf.bond0.medium_id = 0
net.ipv4.conf.bond0.promote_secondaries = 1
net.ipv4.conf.bond0.proxy_arp = 0
net.ipv4.conf.bond0.proxy_arp_pvlan = 0
net.ipv4.conf.bond0.route_localnet = 0
net.ipv4.conf.bond0.rp_filter = 1
net.ipv4.conf.bond0.secure_redirects = 1
net.ipv4.conf.bond0.send_redirects = 1
net.ipv4.conf.bond0.shared_media = 1
net.ipv4.conf.bond0.src_valid_mark = 0
net.ipv4.conf.bond0.tag = 0
net.ipv4.conf.br-6bb0e8a2fafc.accept_local = 0
net.ipv4.conf.br-6bb0e8a2fafc.accept_redirects = 1
net.ipv4.conf.br-6bb0e8a2fafc.accept_source_route = 0
net.ipv4.conf.br-6bb0e8a2fafc.arp_accept = 0
net.ipv4.conf.br-6bb0e8a2fafc.arp_announce = 0
net.ipv4.conf.br-6bb0e8a2fafc.arp_filter = 0
net.ipv4.conf.br-6bb0e8a2fafc.arp_ignore = 0
net.ipv4.conf.br-6bb0e8a2fafc.arp_notify = 0
net.ipv4.conf.br-6bb0e8a2fafc.bootp_relay = 0
net.ipv4.conf.br-6bb0e8a2fafc.disable_policy = 0
net.ipv4.conf.br-6bb0e8a2fafc.disable_xfrm = 0
net.ipv4.conf.br-6bb0e8a2fafc.force_igmp_version = 0
net.ipv4.conf.br-6bb0e8a2fafc.forwarding = 1
net.ipv4.conf.br-6bb0e8a2fafc.igmpv2_unsolicited_report_interval = 10000
net.ipv4.conf.br-6bb0e8a2fafc.igmpv3_unsolicited_report_interval = 1000
net.ipv4.conf.br-6bb0e8a2fafc.log_martians = 0
net.ipv4.conf.br-6bb0e8a2fafc.mc_forwarding = 0
net.ipv4.conf.br-6bb0e8a2fafc.medium_id = 0
net.ipv4.conf.br-6bb0e8a2fafc.promote_secondaries = 1
net.ipv4.conf.br-6bb0e8a2fafc.proxy_arp = 0
net.ipv4.conf.br-6bb0e8a2fafc.proxy_arp_pvlan = 0
net.ipv4.conf.br-6bb0e8a2fafc.route_localnet = 0
net.ipv4.conf.br-6bb0e8a2fafc.rp_filter = 1
net.ipv4.conf.br-6bb0e8a2fafc.secure_redirects = 1
net.ipv4.conf.br-6bb0e8a2fafc.send_redirects = 1
net.ipv4.conf.br-6bb0e8a2fafc.shared_media = 1
net.ipv4.conf.br-6bb0e8a2fafc.src_valid_mark = 0
net.ipv4.conf.br-6bb0e8a2fafc.tag = 0
net.ipv4.conf.default.accept_local = 0
net.ipv4.conf.default.accept_redirects = 1
net.ipv4.conf.default.accept_source_route = 0
net.ipv4.conf.default.arp_accept = 0
net.ipv4.conf.default.arp_announce = 0
net.ipv4.conf.default.arp_filter = 0
net.ipv4.conf.default.arp_ignore = 0
net.ipv4.conf.default.arp_notify = 0
net.ipv4.conf.default.bootp_relay = 0
net.ipv4.conf.default.disable_policy = 0
net.ipv4.conf.default.disable_xfrm = 0
net.ipv4.conf.default.force_igmp_version = 0
net.ipv4.conf.default.forwarding = 1
net.ipv4.conf.default.igmpv2_unsolicited_report_interval = 10000
net.ipv4.conf.default.igmpv3_unsolicited_report_interval = 1000
net.ipv4.conf.default.log_martians = 0
net.ipv4.conf.default.mc_forwarding = 0
net.ipv4.conf.default.medium_id = 0
net.ipv4.conf.default.promote_secondaries = 1
net.ipv4.conf.default.proxy_arp = 0
net.ipv4.conf.default.proxy_arp_pvlan = 0
net.ipv4.conf.default.route_localnet = 0
net.ipv4.conf.default.rp_filter = 1
net.ipv4.conf.default.secure_redirects = 1
net.ipv4.conf.default.send_redirects = 1
net.ipv4.conf.default.shared_media = 1
net.ipv4.conf.default.src_valid_mark = 0
net.ipv4.conf.default.tag = 0
net.ipv4.conf.docker0.accept_local = 0
net.ipv4.conf.docker0.accept_redirects = 1
net.ipv4.conf.docker0.accept_source_route = 0
net.ipv4.conf.docker0.arp_accept = 0
net.ipv4.conf.docker0.arp_announce = 0
net.ipv4.conf.docker0.arp_filter = 0
net.ipv4.conf.docker0.arp_ignore = 0
net.ipv4.conf.docker0.arp_notify = 0
net.ipv4.conf.docker0.bootp_relay = 0
net.ipv4.conf.docker0.disable_policy = 0
net.ipv4.conf.docker0.disable_xfrm = 0
net.ipv4.conf.docker0.force_igmp_version = 0
net.ipv4.conf.docker0.forwarding = 1
net.ipv4.conf.docker0.igmpv2_unsolicited_report_interval = 10000
net.ipv4.conf.docker0.igmpv3_unsolicited_report_interval = 1000
net.ipv4.conf.docker0.log_martians = 0
net.ipv4.conf.docker0.mc_forwarding = 0
net.ipv4.conf.docker0.medium_id = 0
net.ipv4.conf.docker0.promote_secondaries = 1
net.ipv4.conf.docker0.proxy_arp = 0
net.ipv4.conf.docker0.proxy_arp_pvlan = 0
net.ipv4.conf.docker0.route_localnet = 0
net.ipv4.conf.docker0.rp_filter = 1
net.ipv4.conf.docker0.secure_redirects = 1
net.ipv4.conf.docker0.send_redirects = 1
net.ipv4.conf.docker0.shared_media = 1
net.ipv4.conf.docker0.src_valid_mark = 0
net.ipv4.conf.docker0.tag = 0
net.ipv4.conf.host0.accept_local = 0
net.ipv4.conf.host0.accept_redirects = 1
net.ipv4.conf.host0.accept_source_route = 0
net.ipv4.conf.host0.arp_accept = 0
net.ipv4.conf.host0.arp_announce = 0
net.ipv4.conf.host0.arp_filter = 0
net.ipv4.conf.host0.arp_ignore = 0
net.ipv4.conf.host0.arp_notify = 0
net.ipv4.conf.host0.bootp_relay = 0
net.ipv4.conf.host0.disable_policy = 0
net.ipv4.conf.host0.disable_xfrm = 0
net.ipv4.conf.host0.force_igmp_version = 0
net.ipv4.conf.host0.forwarding = 1
net.ipv4.conf.host0.igmpv2_unsolicited_report_interval = 10000
net.ipv4.conf.host0.igmpv3_unsolicited_report_interval = 1000
net.ipv4.conf.host0.log_martians = 0
net.ipv4.conf.host0.mc_forwarding = 0
net.ipv4.conf.host0.medium_id = 0
net.ipv4.conf.host0.promote_secondaries = 1
net.ipv4.conf.host0.proxy_arp = 0
net.ipv4.conf.host0.proxy_arp_pvlan = 0
net.ipv4.conf.host0.route_localnet = 0
net.ipv4.conf.host0.rp_filter = 1
net.ipv4.conf.host0.secure_redirects = 1
net.ipv4.conf.host0.send_redirects = 1
net.ipv4.conf.host0.shared_media = 1
net.ipv4.conf.host0.src_valid_mark = 0
net.ipv4.conf.host0.tag = 0
net.ipv4.conf.lo.accept_local = 0
net.ipv4.conf.lo.accept_redirects = 1
net.ipv4.conf.lo.accept_source_route = 1
net.ipv4.conf.lo.arp_accept = 0
net.ipv4.conf.lo.arp_announce = 0
net.ipv4.conf.lo.arp_filter = 0
net.ipv4.conf.lo.arp_ignore = 0
net.ipv4.conf.lo.arp_notify = 0
net.ipv4.conf.lo.bootp_relay = 0
net.ipv4.conf.lo.disable_policy = 1
net.ipv4.conf.lo.disable_xfrm = 1
net.ipv4.conf.lo.force_igmp_version = 0
net.ipv4.conf.lo.forwarding = 1
net.ipv4.conf.lo.igmpv2_unsolicited_report_interval = 10000
net.ipv4.conf.lo.igmpv3_unsolicited_report_interval = 1000
net.ipv4.conf.lo.log_martians = 0
net.ipv4.conf.lo.mc_forwarding = 0
net.ipv4.conf.lo.medium_id = 0
net.ipv4.conf.lo.promote_secondaries = 0
net.ipv4.conf.lo.proxy_arp = 0
net.ipv4.conf.lo.proxy_arp_pvlan = 0
net.ipv4.conf.lo.route_localnet = 0
net.ipv4.conf.lo.rp_filter = 0
net.ipv4.conf.lo.secure_redirects = 1
net.ipv4.conf.lo.send_redirects = 1
net.ipv4.conf.lo.shared_media = 1
net.ipv4.conf.lo.src_valid_mark = 0
net.ipv4.conf.lo.tag = 0
net.ipv4.conf.mgmt0.accept_local = 0
net.ipv4.conf.mgmt0.accept_redirects = 1
net.ipv4.conf.mgmt0.accept_source_route = 0
net.ipv4.conf.mgmt0.arp_accept = 0
net.ipv4.conf.mgmt0.arp_announce = 0
net.ipv4.conf.mgmt0.arp_filter = 0
net.ipv4.conf.mgmt0.arp_ignore = 0
net.ipv4.conf.mgmt0.arp_notify = 0
net.ipv4.conf.mgmt0.bootp_relay = 0
net.ipv4.conf.mgmt0.disable_policy = 0
net.ipv4.conf.mgmt0.disable_xfrm = 0
net.ipv4.conf.mgmt0.force_igmp_version = 0
net.ipv4.conf.mgmt0.forwarding = 1
net.ipv4.conf.mgmt0.igmpv2_unsolicited_report_interval = 10000
net.ipv4.conf.mgmt0.igmpv3_unsolicited_report_interval = 1000
net.ipv4.conf.mgmt0.log_martians = 0
net.ipv4.conf.mgmt0.mc_forwarding = 0
net.ipv4.conf.mgmt0.medium_id = 0
net.ipv4.conf.mgmt0.promote_secondaries = 1
net.ipv4.conf.mgmt0.proxy_arp = 0
net.ipv4.conf.mgmt0.proxy_arp_pvlan = 0
net.ipv4.conf.mgmt0.route_localnet = 0
net.ipv4.conf.mgmt0.rp_filter = 1
net.ipv4.conf.mgmt0.secure_redirects = 1
net.ipv4.conf.mgmt0.send_redirects = 1
net.ipv4.conf.mgmt0.shared_media = 1
net.ipv4.conf.mgmt0.src_valid_mark = 0
net.ipv4.conf.mgmt0.tag = 0
net.ipv4.conf.nic0.accept_local = 0
net.ipv4.conf.nic0.accept_redirects = 1
net.ipv4.conf.nic0.accept_source_route = 0
net.ipv4.conf.nic0.arp_accept = 0
net.ipv4.conf.nic0.arp_announce = 0
net.ipv4.conf.nic0.arp_filter = 0
net.ipv4.conf.nic0.arp_ignore = 0
net.ipv4.conf.nic0.arp_notify = 0
net.ipv4.conf.nic0.bootp_relay = 0
net.ipv4.conf.nic0.disable_policy = 0
net.ipv4.conf.nic0.disable_xfrm = 0
net.ipv4.conf.nic0.force_igmp_version = 0
net.ipv4.conf.nic0.forwarding = 1
net.ipv4.conf.nic0.igmpv2_unsolicited_report_interval = 10000
net.ipv4.conf.nic0.igmpv3_unsolicited_report_interval = 1000
net.ipv4.conf.nic0.log_martians = 0
net.ipv4.conf.nic0.mc_forwarding = 0
net.ipv4.conf.nic0.medium_id = 0
net.ipv4.conf.nic0.promote_secondaries = 1
net.ipv4.conf.nic0.proxy_arp = 0
net.ipv4.conf.nic0.proxy_arp_pvlan = 0
net.ipv4.conf.nic0.route_localnet = 0
net.ipv4.conf.nic0.rp_filter = 1
net.ipv4.conf.nic0.secure_redirects = 1
net.ipv4.conf.nic0.send_redirects = 1
net.ipv4.conf.nic0.shared_media = 1
net.ipv4.conf.nic0.src_valid_mark = 0
net.ipv4.conf.nic0.tag = 0
net.ipv4.conf.nic1.accept_local = 0
net.ipv4.conf.nic1.accept_redirects = 1
net.ipv4.conf.nic1.accept_source_route = 0
net.ipv4.conf.nic1.arp_accept = 0
net.ipv4.conf.nic1.arp_announce = 0
net.ipv4.conf.nic1.arp_filter = 0
net.ipv4.conf.nic1.arp_ignore = 0
net.ipv4.conf.nic1.arp_notify = 0
net.ipv4.conf.nic1.bootp_relay = 0
net.ipv4.conf.nic1.disable_policy = 0
net.ipv4.conf.nic1.disable_xfrm = 0
net.ipv4.conf.nic1.force_igmp_version = 0
net.ipv4.conf.nic1.forwarding = 1
net.ipv4.conf.nic1.igmpv2_unsolicited_report_interval = 10000
net.ipv4.conf.nic1.igmpv3_unsolicited_report_interval = 1000
net.ipv4.conf.nic1.log_martians = 0
net.ipv4.conf.nic1.mc_forwarding = 0
net.ipv4.conf.nic1.medium_id = 0
net.ipv4.conf.nic1.promote_secondaries = 1
net.ipv4.conf.nic1.proxy_arp = 0
net.ipv4.conf.nic1.proxy_arp_pvlan = 0
net.ipv4.conf.nic1.route_localnet = 0
net.ipv4.conf.nic1.rp_filter = 1
net.ipv4.conf.nic1.secure_redirects = 1
net.ipv4.conf.nic1.send_redirects = 1
net.ipv4.conf.nic1.shared_media = 1
net.ipv4.conf.nic1.src_valid_mark = 0
net.ipv4.conf.nic1.tag = 0
net.ipv4.conf.nic2.accept_local = 0
net.ipv4.conf.nic2.accept_redirects = 1
net.ipv4.conf.nic2.accept_source_route = 0
net.ipv4.conf.nic2.arp_accept = 0
net.ipv4.conf.nic2.arp_announce = 0
net.ipv4.conf.nic2.arp_filter = 0
net.ipv4.conf.nic2.arp_ignore = 0
net.ipv4.conf.nic2.arp_notify = 0
net.ipv4.conf.nic2.bootp_relay = 0
net.ipv4.conf.nic2.disable_policy = 0
net.ipv4.conf.nic2.disable_xfrm = 0
net.ipv4.conf.nic2.force_igmp_version = 0
net.ipv4.conf.nic2.forwarding = 1
net.ipv4.conf.nic2.igmpv2_unsolicited_report_interval = 10000
net.ipv4.conf.nic2.igmpv3_unsolicited_report_interval = 1000
net.ipv4.conf.nic2.log_martians = 0
net.ipv4.conf.nic2.mc_forwarding = 0
net.ipv4.conf.nic2.medium_id = 0
net.ipv4.conf.nic2.promote_secondaries = 1
net.ipv4.conf.nic2.proxy_arp = 0
net.ipv4.conf.nic2.proxy_arp_pvlan = 0
net.ipv4.conf.nic2.route_localnet = 0
net.ipv4.conf.nic2.rp_filter = 1
net.ipv4.conf.nic2.secure_redirects = 1
net.ipv4.conf.nic2.send_redirects = 1
net.ipv4.conf.nic2.shared_media = 1
net.ipv4.conf.nic2.src_valid_mark = 0
net.ipv4.conf.nic2.tag = 0
net.ipv4.conf.nic3.accept_local = 0
net.ipv4.conf.nic3.accept_redirects = 1
net.ipv4.conf.nic3.accept_source_route = 0
net.ipv4.conf.nic3.arp_accept = 0
net.ipv4.conf.nic3.arp_announce = 0
net.ipv4.conf.nic3.arp_filter = 0
net.ipv4.conf.nic3.arp_ignore = 0
net.ipv4.conf.nic3.arp_notify = 0
net.ipv4.conf.nic3.bootp_relay = 0
net.ipv4.conf.nic3.disable_policy = 0
net.ipv4.conf.nic3.disable_xfrm = 0
net.ipv4.conf.nic3.force_igmp_version = 0
net.ipv4.conf.nic3.forwarding = 1
net.ipv4.conf.nic3.igmpv2_unsolicited_report_interval = 10000
net.ipv4.conf.nic3.igmpv3_unsolicited_report_interval = 1000
net.ipv4.conf.nic3.log_martians = 0
net.ipv4.conf.nic3.mc_forwarding = 0
net.ipv4.conf.nic3.medium_id = 0
net.ipv4.conf.nic3.promote_secondaries = 1
net.ipv4.conf.nic3.proxy_arp = 0
net.ipv4.conf.nic3.proxy_arp_pvlan = 0
net.ipv4.conf.nic3.route_localnet = 0
net.ipv4.conf.nic3.rp_filter = 1
net.ipv4.conf.nic3.secure_redirects = 1
net.ipv4.conf.nic3.send_redirects = 1
net.ipv4.conf.nic3.shared_media = 1
net.ipv4.conf.nic3.src_valid_mark = 0
net.ipv4.conf.nic3.tag = 0
net.ipv4.conf.nic4.accept_local = 0
net.ipv4.conf.nic4.accept_redirects = 1
net.ipv4.conf.nic4.accept_source_route = 0
net.ipv4.conf.nic4.arp_accept = 0
net.ipv4.conf.nic4.arp_announce = 0
net.ipv4.conf.nic4.arp_filter = 0
net.ipv4.conf.nic4.arp_ignore = 0
net.ipv4.conf.nic4.arp_notify = 0
net.ipv4.conf.nic4.bootp_relay = 0
net.ipv4.conf.nic4.disable_policy = 0
net.ipv4.conf.nic4.disable_xfrm = 0
net.ipv4.conf.nic4.force_igmp_version = 0
net.ipv4.conf.nic4.forwarding = 1
net.ipv4.conf.nic4.igmpv2_unsolicited_report_interval = 10000
net.ipv4.conf.nic4.igmpv3_unsolicited_report_interval = 1000
net.ipv4.conf.nic4.log_martians = 0
net.ipv4.conf.nic4.mc_forwarding = 0
net.ipv4.conf.nic4.medium_id = 0
net.ipv4.conf.nic4.promote_secondaries = 1
net.ipv4.conf.nic4.proxy_arp = 0
net.ipv4.conf.nic4.proxy_arp_pvlan = 0
net.ipv4.conf.nic4.route_localnet = 0
net.ipv4.conf.nic4.rp_filter = 1
net.ipv4.conf.nic4.secure_redirects = 1
net.ipv4.conf.nic4.send_redirects = 1
net.ipv4.conf.nic4.shared_media = 1
net.ipv4.conf.nic4.src_valid_mark = 0
net.ipv4.conf.nic4.tag = 0
net.ipv4.conf.vetha0f22e7.accept_local = 0
net.ipv4.conf.vetha0f22e7.accept_redirects = 1
net.ipv4.conf.vetha0f22e7.accept_source_route = 0
net.ipv4.conf.vetha0f22e7.arp_accept = 0
net.ipv4.conf.vetha0f22e7.arp_announce = 0
net.ipv4.conf.vetha0f22e7.arp_filter = 0
net.ipv4.conf.vetha0f22e7.arp_ignore = 0
net.ipv4.conf.vetha0f22e7.arp_notify = 0
net.ipv4.conf.vetha0f22e7.bootp_relay = 0
net.ipv4.conf.vetha0f22e7.disable_policy = 0
net.ipv4.conf.vetha0f22e7.disable_xfrm = 0
net.ipv4.conf.vetha0f22e7.force_igmp_version = 0
net.ipv4.conf.vetha0f22e7.forwarding = 1
net.ipv4.conf.vetha0f22e7.igmpv2_unsolicited_report_interval = 10000
net.ipv4.conf.vetha0f22e7.igmpv3_unsolicited_report_interval = 1000
net.ipv4.conf.vetha0f22e7.log_martians = 0
net.ipv4.conf.vetha0f22e7.mc_forwarding = 0
net.ipv4.conf.vetha0f22e7.medium_id = 0
net.ipv4.conf.vetha0f22e7.promote_secondaries = 1
net.ipv4.conf.vetha0f22e7.proxy_arp = 0
net.ipv4.conf.vetha0f22e7.proxy_arp_pvlan = 0
net.ipv4.conf.vetha0f22e7.route_localnet = 0
net.ipv4.conf.vetha0f22e7.rp_filter = 1
net.ipv4.conf.vetha0f22e7.secure_redirects = 1
net.ipv4.conf.vetha0f22e7.send_redirects = 1
net.ipv4.conf.vetha0f22e7.shared_media = 1
net.ipv4.conf.vetha0f22e7.src_valid_mark = 0
net.ipv4.conf.vetha0f22e7.tag = 0
net.ipv4.conf.vethb3fd4b7.accept_local = 0
net.ipv4.conf.vethb3fd4b7.accept_redirects = 1
net.ipv4.conf.vethb3fd4b7.accept_source_route = 0
net.ipv4.conf.vethb3fd4b7.arp_accept = 0
net.ipv4.conf.vethb3fd4b7.arp_announce = 0
net.ipv4.conf.vethb3fd4b7.arp_filter = 0
net.ipv4.conf.vethb3fd4b7.arp_ignore = 0
net.ipv4.conf.vethb3fd4b7.arp_notify = 0
net.ipv4.conf.vethb3fd4b7.bootp_relay = 0
net.ipv4.conf.vethb3fd4b7.disable_policy = 0
net.ipv4.conf.vethb3fd4b7.disable_xfrm = 0
net.ipv4.conf.vethb3fd4b7.force_igmp_version = 0
net.ipv4.conf.vethb3fd4b7.forwarding = 1
net.ipv4.conf.vethb3fd4b7.igmpv2_unsolicited_report_interval = 10000
net.ipv4.conf.vethb3fd4b7.igmpv3_unsolicited_report_interval = 1000
net.ipv4.conf.vethb3fd4b7.log_martians = 0
net.ipv4.conf.vethb3fd4b7.mc_forwarding = 0
net.ipv4.conf.vethb3fd4b7.medium_id = 0
net.ipv4.conf.vethb3fd4b7.promote_secondaries = 1
net.ipv4.conf.vethb3fd4b7.proxy_arp = 0
net.ipv4.conf.vethb3fd4b7.proxy_arp_pvlan = 0
net.ipv4.conf.vethb3fd4b7.route_localnet = 0
net.ipv4.conf.vethb3fd4b7.rp_filter = 1
net.ipv4.conf.vethb3fd4b7.secure_redirects = 1
net.ipv4.conf.vethb3fd4b7.send_redirects = 1
net.ipv4.conf.vethb3fd4b7.shared_media = 1
net.ipv4.conf.vethb3fd4b7.src_valid_mark = 0
net.ipv4.conf.vethb3fd4b7.tag = 0
net.ipv4.conf.vethb40a5ff.accept_local = 0
net.ipv4.conf.vethb40a5ff.accept_redirects = 1
net.ipv4.conf.vethb40a5ff.accept_source_route = 0
net.ipv4.conf.vethb40a5ff.arp_accept = 0
net.ipv4.conf.vethb40a5ff.arp_announce = 0
net.ipv4.conf.vethb40a5ff.arp_filter = 0
net.ipv4.conf.vethb40a5ff.arp_ignore = 0
net.ipv4.conf.vethb40a5ff.arp_notify = 0
net.ipv4.conf.vethb40a5ff.bootp_relay = 0
net.ipv4.conf.vethb40a5ff.disable_policy = 0
net.ipv4.conf.vethb40a5ff.disable_xfrm = 0
net.ipv4.conf.vethb40a5ff.force_igmp_version = 0
net.ipv4.conf.vethb40a5ff.forwarding = 1
net.ipv4.conf.vethb40a5ff.igmpv2_unsolicited_report_interval = 10000
net.ipv4.conf.vethb40a5ff.igmpv3_unsolicited_report_interval = 1000
net.ipv4.conf.vethb40a5ff.log_martians = 0
net.ipv4.conf.vethb40a5ff.mc_forwarding = 0
net.ipv4.conf.vethb40a5ff.medium_id = 0
net.ipv4.conf.vethb40a5ff.promote_secondaries = 1
net.ipv4.conf.vethb40a5ff.proxy_arp = 0
net.ipv4.conf.vethb40a5ff.proxy_arp_pvlan = 0
net.ipv4.conf.vethb40a5ff.route_localnet = 0
net.ipv4.conf.vethb40a5ff.rp_filter = 1
net.ipv4.conf.vethb40a5ff.secure_redirects = 1
net.ipv4.conf.vethb40a5ff.send_redirects = 1
net.ipv4.conf.vethb40a5ff.shared_media = 1
net.ipv4.conf.vethb40a5ff.src_valid_mark = 0
net.ipv4.conf.vethb40a5ff.tag = 0
net.ipv4.conf.vethc9d05f1.accept_local = 0
net.ipv4.conf.vethc9d05f1.accept_redirects = 1
net.ipv4.conf.vethc9d05f1.accept_source_route = 0
net.ipv4.conf.vethc9d05f1.arp_accept = 0
net.ipv4.conf.vethc9d05f1.arp_announce = 0
net.ipv4.conf.vethc9d05f1.arp_filter = 0
net.ipv4.conf.vethc9d05f1.arp_ignore = 0
net.ipv4.conf.vethc9d05f1.arp_notify = 0
net.ipv4.conf.vethc9d05f1.bootp_relay = 0
net.ipv4.conf.vethc9d05f1.disable_policy = 0
net.ipv4.conf.vethc9d05f1.disable_xfrm = 0
net.ipv4.conf.vethc9d05f1.force_igmp_version = 0
net.ipv4.conf.vethc9d05f1.forwarding = 1
net.ipv4.conf.vethc9d05f1.igmpv2_unsolicited_report_interval = 10000
net.ipv4.conf.vethc9d05f1.igmpv3_unsolicited_report_interval = 1000
net.ipv4.conf.vethc9d05f1.log_martians = 0
net.ipv4.conf.vethc9d05f1.mc_forwarding = 0
net.ipv4.conf.vethc9d05f1.medium_id = 0
net.ipv4.conf.vethc9d05f1.promote_secondaries = 1
net.ipv4.conf.vethc9d05f1.proxy_arp = 0
net.ipv4.conf.vethc9d05f1.proxy_arp_pvlan = 0
net.ipv4.conf.vethc9d05f1.route_localnet = 0
net.ipv4.conf.vethc9d05f1.rp_filter = 1
net.ipv4.conf.vethc9d05f1.secure_redirects = 1
net.ipv4.conf.vethc9d05f1.send_redirects = 1
net.ipv4.conf.vethc9d05f1.shared_media = 1
net.ipv4.conf.vethc9d05f1.src_valid_mark = 0
net.ipv4.conf.vethc9d05f1.tag = 0
net.ipv4.fib_multipath_hash_policy = 0
net.ipv4.fwmark_reflect = 0
net.ipv4.icmp_echo_ignore_all = 0
net.ipv4.icmp_echo_ignore_broadcasts = 1
net.ipv4.icmp_errors_use_inbound_ifaddr = 0
net.ipv4.icmp_ignore_bogus_error_responses = 1
net.ipv4.icmp_msgs_burst = 50
net.ipv4.icmp_msgs_per_sec = 1000
net.ipv4.icmp_ratelimit = 1000
net.ipv4.icmp_ratemask = 6168
net.ipv4.igmp_max_memberships = 20
net.ipv4.igmp_max_msf = 10
net.ipv4.igmp_qrv = 2
net.ipv4.inet_peer_maxttl = 600
net.ipv4.inet_peer_minttl = 120
net.ipv4.inet_peer_threshold = 65664
net.ipv4.ip_default_ttl = 64
net.ipv4.ip_dynaddr = 0
net.ipv4.ip_early_demux = 1
net.ipv4.ip_forward = 1
net.ipv4.ip_forward_use_pmtu = 0
net.ipv4.ip_local_port_range = 32768	60999
net.ipv4.ip_local_reserved_ports = 
net.ipv4.ip_no_pmtu_disc = 0
net.ipv4.ip_nonlocal_bind = 0
net.ipv4.ipfrag_high_thresh = 4194304
net.ipv4.ipfrag_low_thresh = 3145728
net.ipv4.ipfrag_max_dist = 64
net.ipv4.ipfrag_secret_interval = 600
net.ipv4.ipfrag_time = 30
net.ipv4.neigh.bond0.anycast_delay = 100
net.ipv4.neigh.bond0.app_solicit = 0
net.ipv4.neigh.bond0.base_reachable_time_ms = 30000
net.ipv4.neigh.bond0.delay_first_probe_time = 5
net.ipv4.neigh.bond0.gc_stale_time = 60
net.ipv4.neigh.bond0.locktime = 100
net.ipv4.neigh.bond0.mcast_solicit = 3
net.ipv4.neigh.bond0.proxy_delay = 80
net.ipv4.neigh.bond0.proxy_qlen = 64
net.ipv4.neigh.bond0.retrans_time_ms = 1000
net.ipv4.neigh.bond0.ucast_solicit = 3
net.ipv4.neigh.bond0.unres_qlen = 31
net.ipv4.neigh.bond0.unres_qlen_bytes = 65536
net.ipv4.neigh.br-6bb0e8a2fafc.anycast_delay = 100
net.ipv4.neigh.br-6bb0e8a2fafc.app_solicit = 0
net.ipv4.neigh.br-6bb0e8a2fafc.base_reachable_time_ms = 30000
net.ipv4.neigh.br-6bb0e8a2fafc.delay_first_probe_time = 5
net.ipv4.neigh.br-6bb0e8a2fafc.gc_stale_time = 60
net.ipv4.neigh.br-6bb0e8a2fafc.locktime = 100
net.ipv4.neigh.br-6bb0e8a2fafc.mcast_solicit = 3
net.ipv4.neigh.br-6bb0e8a2fafc.proxy_delay = 80
net.ipv4.neigh.br-6bb0e8a2fafc.proxy_qlen = 64
net.ipv4.neigh.br-6bb0e8a2fafc.retrans_time_ms = 1000
net.ipv4.neigh.br-6bb0e8a2fafc.ucast_solicit = 3
net.ipv4.neigh.br-6bb0e8a2fafc.unres_qlen = 31
net.ipv4.neigh.br-6bb0e8a2fafc.unres_qlen_bytes = 65536
net.ipv4.neigh.default.anycast_delay = 100
net.ipv4.neigh.default.app_solicit = 0
net.ipv4.neigh.default.base_reachable_time_ms = 30000
net.ipv4.neigh.default.delay_first_probe_time = 5
net.ipv4.neigh.default.gc_interval = 30
net.ipv4.neigh.default.gc_stale_time = 60
net.ipv4.neigh.default.gc_thresh1 = 128
net.ipv4.neigh.default.gc_thresh2 = 512
net.ipv4.neigh.default.gc_thresh3 = 1024
net.ipv4.neigh.default.locktime = 100
net.ipv4.neigh.default.mcast_solicit = 3
net.ipv4.neigh.default.proxy_delay = 80
net.ipv4.neigh.default.proxy_qlen = 64
net.ipv4.neigh.default.retrans_time_ms = 1000
net.ipv4.neigh.default.ucast_solicit = 3
net.ipv4.neigh.default.unres_qlen = 31
net.ipv4.neigh.default.unres_qlen_bytes = 65536
net.ipv4.neigh.docker0.anycast_delay = 100
net.ipv4.neigh.docker0.app_solicit = 0
net.ipv4.neigh.docker0.base_reachable_time_ms = 30000
net.ipv4.neigh.docker0.delay_first_probe_time = 5
net.ipv4.neigh.docker0.gc_stale_time = 60
net.ipv4.neigh.docker0.locktime = 100
net.ipv4.neigh.docker0.mcast_solicit = 3
net.ipv4.neigh.docker0.proxy_delay = 80
net.ipv4.neigh.docker0.proxy_qlen = 64
net.ipv4.neigh.docker0.retrans_time_ms = 1000
net.ipv4.neigh.docker0.ucast_solicit = 3
net.ipv4.neigh.docker0.unres_qlen = 31
net.ipv4.neigh.docker0.unres_qlen_bytes = 65536
net.ipv4.neigh.host0.anycast_delay = 100
net.ipv4.neigh.host0.app_solicit = 0
net.ipv4.neigh.host0.base_reachable_time_ms = 30000
net.ipv4.neigh.host0.delay_first_probe_time = 5
net.ipv4.neigh.host0.gc_stale_time = 60
net.ipv4.neigh.host0.locktime = 100
net.ipv4.neigh.host0.mcast_solicit = 3
net.ipv4.neigh.host0.proxy_delay = 80
net.ipv4.neigh.host0.proxy_qlen = 64
net.ipv4.neigh.host0.retrans_time_ms = 1000
net.ipv4.neigh.host0.ucast_solicit = 3
net.ipv4.neigh.host0.unres_qlen = 31
net.ipv4.neigh.host0.unres_qlen_bytes = 65536
net.ipv4.neigh.lo.anycast_delay = 100
net.ipv4.neigh.lo.app_solicit = 0
net.ipv4.neigh.lo.base_reachable_time_ms = 30000
net.ipv4.neigh.lo.delay_first_probe_time = 5
net.ipv4.neigh.lo.gc_stale_time = 60
net.ipv4.neigh.lo.locktime = 100
net.ipv4.neigh.lo.mcast_solicit = 3
net.ipv4.neigh.lo.proxy_delay = 80
net.ipv4.neigh.lo.proxy_qlen = 64
net.ipv4.neigh.lo.retrans_time_ms = 1000
net.ipv4.neigh.lo.ucast_solicit = 3
net.ipv4.neigh.lo.unres_qlen = 31
net.ipv4.neigh.lo.unres_qlen_bytes = 65536
net.ipv4.neigh.mgmt0.anycast_delay = 100
net.ipv4.neigh.mgmt0.app_solicit = 0
net.ipv4.neigh.mgmt0.base_reachable_time_ms = 30000
net.ipv4.neigh.mgmt0.delay_first_probe_time = 5
net.ipv4.neigh.mgmt0.gc_stale_time = 60
net.ipv4.neigh.mgmt0.locktime = 100
net.ipv4.neigh.mgmt0.mcast_solicit = 3
net.ipv4.neigh.mgmt0.proxy_delay = 80
net.ipv4.neigh.mgmt0.proxy_qlen = 64
net.ipv4.neigh.mgmt0.retrans_time_ms = 1000
net.ipv4.neigh.mgmt0.ucast_solicit = 3
net.ipv4.neigh.mgmt0.unres_qlen = 31
net.ipv4.neigh.mgmt0.unres_qlen_bytes = 65536
net.ipv4.neigh.nic0.anycast_delay = 100
net.ipv4.neigh.nic0.app_solicit = 0
net.ipv4.neigh.nic0.base_reachable_time_ms = 30000
net.ipv4.neigh.nic0.delay_first_probe_time = 5
net.ipv4.neigh.nic0.gc_stale_time = 60
net.ipv4.neigh.nic0.locktime = 100
net.ipv4.neigh.nic0.mcast_solicit = 3
net.ipv4.neigh.nic0.proxy_delay = 80
net.ipv4.neigh.nic0.proxy_qlen = 64
net.ipv4.neigh.nic0.retrans_time_ms = 1000
net.ipv4.neigh.nic0.ucast_solicit = 3
net.ipv4.neigh.nic0.unres_qlen = 31
net.ipv4.neigh.nic0.unres_qlen_bytes = 65536
net.ipv4.neigh.nic1.anycast_delay = 100
net.ipv4.neigh.nic1.app_solicit = 0
net.ipv4.neigh.nic1.base_reachable_time_ms = 30000
net.ipv4.neigh.nic1.delay_first_probe_time = 5
net.ipv4.neigh.nic1.gc_stale_time = 60
net.ipv4.neigh.nic1.locktime = 100
net.ipv4.neigh.nic1.mcast_solicit = 3
net.ipv4.neigh.nic1.proxy_delay = 80
net.ipv4.neigh.nic1.proxy_qlen = 64
net.ipv4.neigh.nic1.retrans_time_ms = 1000
net.ipv4.neigh.nic1.ucast_solicit = 3
net.ipv4.neigh.nic1.unres_qlen = 31
net.ipv4.neigh.nic1.unres_qlen_bytes = 65536
net.ipv4.neigh.nic2.anycast_delay = 100
net.ipv4.neigh.nic2.app_solicit = 0
net.ipv4.neigh.nic2.base_reachable_time_ms = 30000
net.ipv4.neigh.nic2.delay_first_probe_time = 5
net.ipv4.neigh.nic2.gc_stale_time = 60
net.ipv4.neigh.nic2.locktime = 100
net.ipv4.neigh.nic2.mcast_solicit = 3
net.ipv4.neigh.nic2.proxy_delay = 80
net.ipv4.neigh.nic2.proxy_qlen = 64
net.ipv4.neigh.nic2.retrans_time_ms = 1000
net.ipv4.neigh.nic2.ucast_solicit = 3
net.ipv4.neigh.nic2.unres_qlen = 31
net.ipv4.neigh.nic2.unres_qlen_bytes = 65536
net.ipv4.neigh.nic3.anycast_delay = 100
net.ipv4.neigh.nic3.app_solicit = 0
net.ipv4.neigh.nic3.base_reachable_time_ms = 30000
net.ipv4.neigh.nic3.delay_first_probe_time = 5
net.ipv4.neigh.nic3.gc_stale_time = 60
net.ipv4.neigh.nic3.locktime = 100
net.ipv4.neigh.nic3.mcast_solicit = 3
net.ipv4.neigh.nic3.proxy_delay = 80
net.ipv4.neigh.nic3.proxy_qlen = 64
net.ipv4.neigh.nic3.retrans_time_ms = 1000
net.ipv4.neigh.nic3.ucast_solicit = 3
net.ipv4.neigh.nic3.unres_qlen = 31
net.ipv4.neigh.nic3.unres_qlen_bytes = 65536
net.ipv4.neigh.nic4.anycast_delay = 100
net.ipv4.neigh.nic4.app_solicit = 0
net.ipv4.neigh.nic4.base_reachable_time_ms = 30000
net.ipv4.neigh.nic4.delay_first_probe_time = 5
net.ipv4.neigh.nic4.gc_stale_time = 60
net.ipv4.neigh.nic4.locktime = 100
net.ipv4.neigh.nic4.mcast_solicit = 3
net.ipv4.neigh.nic4.proxy_delay = 80
net.ipv4.neigh.nic4.proxy_qlen = 64
net.ipv4.neigh.nic4.retrans_time_ms = 1000
net.ipv4.neigh.nic4.ucast_solicit = 3
net.ipv4.neigh.nic4.unres_qlen = 31
net.ipv4.neigh.nic4.unres_qlen_bytes = 65536
net.ipv4.neigh.vetha0f22e7.anycast_delay = 100
net.ipv4.neigh.vetha0f22e7.app_solicit = 0
net.ipv4.neigh.vetha0f22e7.base_reachable_time_ms = 30000
net.ipv4.neigh.vetha0f22e7.delay_first_probe_time = 5
net.ipv4.neigh.vetha0f22e7.gc_stale_time = 60
net.ipv4.neigh.vetha0f22e7.locktime = 100
net.ipv4.neigh.vetha0f22e7.mcast_solicit = 3
net.ipv4.neigh.vetha0f22e7.proxy_delay = 80
net.ipv4.neigh.vetha0f22e7.proxy_qlen = 64
net.ipv4.neigh.vetha0f22e7.retrans_time_ms = 1000
net.ipv4.neigh.vetha0f22e7.ucast_solicit = 3
net.ipv4.neigh.vetha0f22e7.unres_qlen = 31
net.ipv4.neigh.vetha0f22e7.unres_qlen_bytes = 65536
net.ipv4.neigh.vethb3fd4b7.anycast_delay = 100
net.ipv4.neigh.vethb3fd4b7.app_solicit = 0
net.ipv4.neigh.vethb3fd4b7.base_reachable_time_ms = 30000
net.ipv4.neigh.vethb3fd4b7.delay_first_probe_time = 5
net.ipv4.neigh.vethb3fd4b7.gc_stale_time = 60
net.ipv4.neigh.vethb3fd4b7.locktime = 100
net.ipv4.neigh.vethb3fd4b7.mcast_solicit = 3
net.ipv4.neigh.vethb3fd4b7.proxy_delay = 80
net.ipv4.neigh.vethb3fd4b7.proxy_qlen = 64
net.ipv4.neigh.vethb3fd4b7.retrans_time_ms = 1000
net.ipv4.neigh.vethb3fd4b7.ucast_solicit = 3
net.ipv4.neigh.vethb3fd4b7.unres_qlen = 31
net.ipv4.neigh.vethb3fd4b7.unres_qlen_bytes = 65536
net.ipv4.neigh.vethb40a5ff.anycast_delay = 100
net.ipv4.neigh.vethb40a5ff.app_solicit = 0
net.ipv4.neigh.vethb40a5ff.base_reachable_time_ms = 30000
net.ipv4.neigh.vethb40a5ff.delay_first_probe_time = 5
net.ipv4.neigh.vethb40a5ff.gc_stale_time = 60
net.ipv4.neigh.vethb40a5ff.locktime = 100
net.ipv4.neigh.vethb40a5ff.mcast_solicit = 3
net.ipv4.neigh.vethb40a5ff.proxy_delay = 80
net.ipv4.neigh.vethb40a5ff.proxy_qlen = 64
net.ipv4.neigh.vethb40a5ff.retrans_time_ms = 1000
net.ipv4.neigh.vethb40a5ff.ucast_solicit = 3
net.ipv4.neigh.vethb40a5ff.unres_qlen = 31
net.ipv4.neigh.vethb40a5ff.unres_qlen_bytes = 65536
net.ipv4.neigh.vethc9d05f1.anycast_delay = 100
net.ipv4.neigh.vethc9d05f1.app_solicit = 0
net.ipv4.neigh.vethc9d05f1.base_reachable_time_ms = 30000
net.ipv4.neigh.vethc9d05f1.delay_first_probe_time = 5
net.ipv4.neigh.vethc9d05f1.gc_stale_time = 60
net.ipv4.neigh.vethc9d05f1.locktime = 100
net.ipv4.neigh.vethc9d05f1.mcast_solicit = 3
net.ipv4.neigh.vethc9d05f1.proxy_delay = 80
net.ipv4.neigh.vethc9d05f1.proxy_qlen = 64
net.ipv4.neigh.vethc9d05f1.retrans_time_ms = 1000
net.ipv4.neigh.vethc9d05f1.ucast_solicit = 3
net.ipv4.neigh.vethc9d05f1.unres_qlen = 31
net.ipv4.neigh.vethc9d05f1.unres_qlen_bytes = 65536
net.ipv4.ping_group_range = 1	0
net.ipv4.route.error_burst = 5000
net.ipv4.route.error_cost = 1000
net.ipv4.route.gc_elasticity = 8
net.ipv4.route.gc_interval = 60
net.ipv4.route.gc_min_interval = 0
net.ipv4.route.gc_min_interval_ms = 500
net.ipv4.route.gc_thresh = -1
net.ipv4.route.gc_timeout = 300
net.ipv4.route.max_size = 2147483647
net.ipv4.route.min_adv_mss = 256
net.ipv4.route.min_pmtu = 552
net.ipv4.route.mtu_expires = 600
net.ipv4.route.redirect_load = 20
net.ipv4.route.redirect_number = 9
net.ipv4.route.redirect_silence = 20480
net.ipv4.tcp_abort_on_overflow = 0
net.ipv4.tcp_adv_win_scale = 1
net.ipv4.tcp_allowed_congestion_control = cubic reno
net.ipv4.tcp_app_win = 31
net.ipv4.tcp_autocorking = 1
net.ipv4.tcp_available_congestion_control = cubic reno
net.ipv4.tcp_base_mss = 512
net.ipv4.tcp_challenge_ack_limit = 1000
net.ipv4.tcp_congestion_control = cubic
net.ipv4.tcp_dsack = 1
net.ipv4.tcp_early_retrans = 3
net.ipv4.tcp_ecn = 2
net.ipv4.tcp_fack = 1
net.ipv4.tcp_fastopen = 0
net.ipv4.tcp_fastopen_key = 00000000-00000000-00000000-00000000
net.ipv4.tcp_fin_timeout = 60
net.ipv4.tcp_frto = 2
net.ipv4.tcp_invalid_ratelimit = 500
net.ipv4.tcp_keepalive_intvl = 75
net.ipv4.tcp_keepalive_probes = 9
net.ipv4.tcp_keepalive_time = 7200
net.ipv4.tcp_limit_output_bytes = 262144
net.ipv4.tcp_low_latency = 0
net.ipv4.tcp_max_orphans = 262144
net.ipv4.tcp_max_ssthresh = 0
net.ipv4.tcp_max_syn_backlog = 2048
net.ipv4.tcp_max_tw_buckets = 262144
net.ipv4.tcp_mem = 1526913	2035887	3053826
net.ipv4.tcp_min_snd_mss = 48
net.ipv4.tcp_min_tso_segs = 2
net.ipv4.tcp_moderate_rcvbuf = 1
net.ipv4.tcp_mtu_probing = 0
net.ipv4.tcp_no_metrics_save = 0
net.ipv4.tcp_notsent_lowat = -1
net.ipv4.tcp_orphan_retries = 0
net.ipv4.tcp_reordering = 3
net.ipv4.tcp_retrans_collapse = 1
net.ipv4.tcp_retries1 = 3
net.ipv4.tcp_retries2 = 15
net.ipv4.tcp_rfc1337 = 0
net.ipv4.tcp_rmem = 4096	87380	6291456
net.ipv4.tcp_sack = 1
net.ipv4.tcp_slow_start_after_idle = 1
net.ipv4.tcp_stdurg = 0
net.ipv4.tcp_syn_retries = 6
net.ipv4.tcp_synack_retries = 5
net.ipv4.tcp_syncookies = 1
net.ipv4.tcp_thin_dupack = 0
net.ipv4.tcp_thin_linear_timeouts = 0
net.ipv4.tcp_timestamps = 1
net.ipv4.tcp_tso_win_divisor = 3
net.ipv4.tcp_tw_recycle = 0
net.ipv4.tcp_tw_reuse = 0
net.ipv4.tcp_window_scaling = 1
net.ipv4.tcp_wmem = 4096	16384	4194304
net.ipv4.tcp_workaround_signed_windows = 0
net.ipv4.udp_mem = 1527516	2036689	3055032
net.ipv4.udp_rmem_min = 4096
net.ipv4.udp_wmem_min = 4096
net.ipv4.xfrm4_gc_thresh = 32768
net.ipv6.anycast_src_echo_reply = 0
net.ipv6.bindv6only = 0
net.ipv6.conf.all.accept_dad = 0
net.ipv6.conf.all.accept_ra = 0
net.ipv6.conf.all.accept_ra_defrtr = 1
net.ipv6.conf.all.accept_ra_pinfo = 1
net.ipv6.conf.all.accept_ra_rt_info_max_plen = 0
net.ipv6.conf.all.accept_ra_rtr_pref = 1
net.ipv6.conf.all.accept_redirects = 1
net.ipv6.conf.all.accept_source_route = 0
net.ipv6.conf.all.autoconf = 1
net.ipv6.conf.all.dad_transmits = 1
net.ipv6.conf.all.disable_ipv6 = 0
net.ipv6.conf.all.enhanced_dad = 1
net.ipv6.conf.all.force_mld_version = 0
net.ipv6.conf.all.force_tllao = 0
net.ipv6.conf.all.forwarding = 0
net.ipv6.conf.all.hop_limit = 64
net.ipv6.conf.all.keep_addr_on_down = 0
net.ipv6.conf.all.max_addresses = 16
net.ipv6.conf.all.max_desync_factor = 600
net.ipv6.conf.all.mc_forwarding = 0
net.ipv6.conf.all.mldv1_unsolicited_report_interval = 10000
net.ipv6.conf.all.mldv2_unsolicited_report_interval = 1000
net.ipv6.conf.all.mtu = 1280
net.ipv6.conf.all.ndisc_notify = 0
net.ipv6.conf.all.optimistic_dad = 0
net.ipv6.conf.all.proxy_ndp = 0
net.ipv6.conf.all.regen_max_retry = 3
net.ipv6.conf.all.router_probe_interval = 60
net.ipv6.conf.all.router_solicitation_delay = 1
net.ipv6.conf.all.router_solicitation_interval = 4
net.ipv6.conf.all.router_solicitations = 3
net.ipv6.conf.all.temp_prefered_lft = 86400
net.ipv6.conf.all.temp_valid_lft = 604800
net.ipv6.conf.all.use_optimistic = 0
net.ipv6.conf.all.use_tempaddr = 0
net.ipv6.conf.bond0.accept_dad = 1
net.ipv6.conf.bond0.accept_ra = 1
net.ipv6.conf.bond0.accept_ra_defrtr = 0
net.ipv6.conf.bond0.accept_ra_pinfo = 0
net.ipv6.conf.bond0.accept_ra_rt_info_max_plen = 0
net.ipv6.conf.bond0.accept_ra_rtr_pref = 0
net.ipv6.conf.bond0.accept_redirects = 1
net.ipv6.conf.bond0.accept_source_route = 0
net.ipv6.conf.bond0.autoconf = 1
net.ipv6.conf.bond0.dad_transmits = 1
net.ipv6.conf.bond0.disable_ipv6 = 0
net.ipv6.conf.bond0.enhanced_dad = 1
net.ipv6.conf.bond0.force_mld_version = 0
net.ipv6.conf.bond0.force_tllao = 0
net.ipv6.conf.bond0.forwarding = 0
net.ipv6.conf.bond0.hop_limit = 64
net.ipv6.conf.bond0.keep_addr_on_down = 0
net.ipv6.conf.bond0.max_addresses = 16
net.ipv6.conf.bond0.max_desync_factor = 600
net.ipv6.conf.bond0.mc_forwarding = 0
net.ipv6.conf.bond0.mldv1_unsolicited_report_interval = 10000
net.ipv6.conf.bond0.mldv2_unsolicited_report_interval = 1000
net.ipv6.conf.bond0.mtu = 1500
net.ipv6.conf.bond0.ndisc_notify = 0
net.ipv6.conf.bond0.optimistic_dad = 0
net.ipv6.conf.bond0.proxy_ndp = 0
net.ipv6.conf.bond0.regen_max_retry = 3
net.ipv6.conf.bond0.router_probe_interval = 60
net.ipv6.conf.bond0.router_solicitation_delay = 1
net.ipv6.conf.bond0.router_solicitation_interval = 4
net.ipv6.conf.bond0.router_solicitations = 3
net.ipv6.conf.bond0.temp_prefered_lft = 86400
net.ipv6.conf.bond0.temp_valid_lft = 604800
net.ipv6.conf.bond0.use_optimistic = 0
net.ipv6.conf.bond0.use_tempaddr = 0
net.ipv6.conf.br-6bb0e8a2fafc.accept_dad = 1
net.ipv6.conf.br-6bb0e8a2fafc.accept_ra = 1
net.ipv6.conf.br-6bb0e8a2fafc.accept_ra_defrtr = 1
net.ipv6.conf.br-6bb0e8a2fafc.accept_ra_pinfo = 1
net.ipv6.conf.br-6bb0e8a2fafc.accept_ra_rt_info_max_plen = 0
net.ipv6.conf.br-6bb0e8a2fafc.accept_ra_rtr_pref = 1
net.ipv6.conf.br-6bb0e8a2fafc.accept_redirects = 1
net.ipv6.conf.br-6bb0e8a2fafc.accept_source_route = 0
net.ipv6.conf.br-6bb0e8a2fafc.autoconf = 1
net.ipv6.conf.br-6bb0e8a2fafc.dad_transmits = 1
net.ipv6.conf.br-6bb0e8a2fafc.disable_ipv6 = 0
net.ipv6.conf.br-6bb0e8a2fafc.enhanced_dad = 1
net.ipv6.conf.br-6bb0e8a2fafc.force_mld_version = 0
net.ipv6.conf.br-6bb0e8a2fafc.force_tllao = 0
net.ipv6.conf.br-6bb0e8a2fafc.forwarding = 0
net.ipv6.conf.br-6bb0e8a2fafc.hop_limit = 64
net.ipv6.conf.br-6bb0e8a2fafc.keep_addr_on_down = 0
net.ipv6.conf.br-6bb0e8a2fafc.max_addresses = 16
net.ipv6.conf.br-6bb0e8a2fafc.max_desync_factor = 600
net.ipv6.conf.br-6bb0e8a2fafc.mc_forwarding = 0
net.ipv6.conf.br-6bb0e8a2fafc.mldv1_unsolicited_report_interval = 10000
net.ipv6.conf.br-6bb0e8a2fafc.mldv2_unsolicited_report_interval = 1000
net.ipv6.conf.br-6bb0e8a2fafc.mtu = 1500
net.ipv6.conf.br-6bb0e8a2fafc.ndisc_notify = 0
net.ipv6.conf.br-6bb0e8a2fafc.optimistic_dad = 0
net.ipv6.conf.br-6bb0e8a2fafc.proxy_ndp = 0
net.ipv6.conf.br-6bb0e8a2fafc.regen_max_retry = 3
net.ipv6.conf.br-6bb0e8a2fafc.router_probe_interval = 60
net.ipv6.conf.br-6bb0e8a2fafc.router_solicitation_delay = 1
net.ipv6.conf.br-6bb0e8a2fafc.router_solicitation_interval = 4
net.ipv6.conf.br-6bb0e8a2fafc.router_solicitations = 3
net.ipv6.conf.br-6bb0e8a2fafc.temp_prefered_lft = 86400
net.ipv6.conf.br-6bb0e8a2fafc.temp_valid_lft = 604800
net.ipv6.conf.br-6bb0e8a2fafc.use_optimistic = 0
net.ipv6.conf.br-6bb0e8a2fafc.use_tempaddr = 0
net.ipv6.conf.default.accept_dad = 1
net.ipv6.conf.default.accept_ra = 1
net.ipv6.conf.default.accept_ra_defrtr = 1
net.ipv6.conf.default.accept_ra_pinfo = 1
net.ipv6.conf.default.accept_ra_rt_info_max_plen = 0
net.ipv6.conf.default.accept_ra_rtr_pref = 1
net.ipv6.conf.default.accept_redirects = 1
net.ipv6.conf.default.accept_source_route = 0
net.ipv6.conf.default.autoconf = 1
net.ipv6.conf.default.dad_transmits = 1
net.ipv6.conf.default.disable_ipv6 = 0
net.ipv6.conf.default.enhanced_dad = 1
net.ipv6.conf.default.force_mld_version = 0
net.ipv6.conf.default.force_tllao = 0
net.ipv6.conf.default.forwarding = 0
net.ipv6.conf.default.hop_limit = 64
net.ipv6.conf.default.keep_addr_on_down = 0
net.ipv6.conf.default.max_addresses = 16
net.ipv6.conf.default.max_desync_factor = 600
net.ipv6.conf.default.mc_forwarding = 0
net.ipv6.conf.default.mldv1_unsolicited_report_interval = 10000
net.ipv6.conf.default.mldv2_unsolicited_report_interval = 1000
net.ipv6.conf.default.mtu = 1280
net.ipv6.conf.default.ndisc_notify = 0
net.ipv6.conf.default.optimistic_dad = 0
net.ipv6.conf.default.proxy_ndp = 0
net.ipv6.conf.default.regen_max_retry = 3
net.ipv6.conf.default.router_probe_interval = 60
net.ipv6.conf.default.router_solicitation_delay = 1
net.ipv6.conf.default.router_solicitation_interval = 4
net.ipv6.conf.default.router_solicitations = 3
net.ipv6.conf.default.temp_prefered_lft = 86400
net.ipv6.conf.default.temp_valid_lft = 604800
net.ipv6.conf.default.use_optimistic = 0
net.ipv6.conf.default.use_tempaddr = 0
net.ipv6.conf.docker0.accept_dad = 1
net.ipv6.conf.docker0.accept_ra = 1
net.ipv6.conf.docker0.accept_ra_defrtr = 1
net.ipv6.conf.docker0.accept_ra_pinfo = 1
net.ipv6.conf.docker0.accept_ra_rt_info_max_plen = 0
net.ipv6.conf.docker0.accept_ra_rtr_pref = 1
net.ipv6.conf.docker0.accept_redirects = 1
net.ipv6.conf.docker0.accept_source_route = 0
net.ipv6.conf.docker0.autoconf = 1
net.ipv6.conf.docker0.dad_transmits = 1
net.ipv6.conf.docker0.disable_ipv6 = 0
net.ipv6.conf.docker0.enhanced_dad = 1
net.ipv6.conf.docker0.force_mld_version = 0
net.ipv6.conf.docker0.force_tllao = 0
net.ipv6.conf.docker0.forwarding = 0
net.ipv6.conf.docker0.hop_limit = 64
net.ipv6.conf.docker0.keep_addr_on_down = 0
net.ipv6.conf.docker0.max_addresses = 16
net.ipv6.conf.docker0.max_desync_factor = 600
net.ipv6.conf.docker0.mc_forwarding = 0
net.ipv6.conf.docker0.mldv1_unsolicited_report_interval = 10000
net.ipv6.conf.docker0.mldv2_unsolicited_report_interval = 1000
net.ipv6.conf.docker0.mtu = 1500
net.ipv6.conf.docker0.ndisc_notify = 0
net.ipv6.conf.docker0.optimistic_dad = 0
net.ipv6.conf.docker0.proxy_ndp = 0
net.ipv6.conf.docker0.regen_max_retry = 3
net.ipv6.conf.docker0.router_probe_interval = 60
net.ipv6.conf.docker0.router_solicitation_delay = 1
net.ipv6.conf.docker0.router_solicitation_interval = 4
net.ipv6.conf.docker0.router_solicitations = 3
net.ipv6.conf.docker0.temp_prefered_lft = 86400
net.ipv6.conf.docker0.temp_valid_lft = 604800
net.ipv6.conf.docker0.use_optimistic = 0
net.ipv6.conf.docker0.use_tempaddr = 0
net.ipv6.conf.host0.accept_dad = 1
net.ipv6.conf.host0.accept_ra = 0
net.ipv6.conf.host0.accept_ra_defrtr = 0
net.ipv6.conf.host0.accept_ra_pinfo = 0
net.ipv6.conf.host0.accept_ra_rt_info_max_plen = 0
net.ipv6.conf.host0.accept_ra_rtr_pref = 0
net.ipv6.conf.host0.accept_redirects = 1
net.ipv6.conf.host0.accept_source_route = 0
net.ipv6.conf.host0.autoconf = 1
net.ipv6.conf.host0.dad_transmits = 1
net.ipv6.conf.host0.disable_ipv6 = 0
net.ipv6.conf.host0.enhanced_dad = 1
net.ipv6.conf.host0.force_mld_version = 0
net.ipv6.conf.host0.force_tllao = 0
net.ipv6.conf.host0.forwarding = 0
net.ipv6.conf.host0.hop_limit = 64
net.ipv6.conf.host0.keep_addr_on_down = 0
net.ipv6.conf.host0.max_addresses = 16
net.ipv6.conf.host0.max_desync_factor = 600
net.ipv6.conf.host0.mc_forwarding = 0
net.ipv6.conf.host0.mldv1_unsolicited_report_interval = 10000
net.ipv6.conf.host0.mldv2_unsolicited_report_interval = 1000
net.ipv6.conf.host0.mtu = 1500
net.ipv6.conf.host0.ndisc_notify = 0
net.ipv6.conf.host0.optimistic_dad = 0
net.ipv6.conf.host0.proxy_ndp = 0
net.ipv6.conf.host0.regen_max_retry = 3
net.ipv6.conf.host0.router_probe_interval = 60
net.ipv6.conf.host0.router_solicitation_delay = 1
net.ipv6.conf.host0.router_solicitation_interval = 4
net.ipv6.conf.host0.router_solicitations = 3
net.ipv6.conf.host0.temp_prefered_lft = 86400
net.ipv6.conf.host0.temp_valid_lft = 604800
net.ipv6.conf.host0.use_optimistic = 0
net.ipv6.conf.host0.use_tempaddr = 0
net.ipv6.conf.lo.accept_dad = -1
net.ipv6.conf.lo.accept_ra = 1
net.ipv6.conf.lo.accept_ra_defrtr = 1
net.ipv6.conf.lo.accept_ra_pinfo = 1
net.ipv6.conf.lo.accept_ra_rt_info_max_plen = 0
net.ipv6.conf.lo.accept_ra_rtr_pref = 1
net.ipv6.conf.lo.accept_redirects = 1
net.ipv6.conf.lo.accept_source_route = 0
net.ipv6.conf.lo.autoconf = 1
net.ipv6.conf.lo.dad_transmits = 1
net.ipv6.conf.lo.disable_ipv6 = 0
net.ipv6.conf.lo.enhanced_dad = 1
net.ipv6.conf.lo.force_mld_version = 0
net.ipv6.conf.lo.force_tllao = 0
net.ipv6.conf.lo.forwarding = 0
net.ipv6.conf.lo.hop_limit = 64
net.ipv6.conf.lo.keep_addr_on_down = 0
net.ipv6.conf.lo.max_addresses = 16
net.ipv6.conf.lo.max_desync_factor = 600
net.ipv6.conf.lo.mc_forwarding = 0
net.ipv6.conf.lo.mldv1_unsolicited_report_interval = 10000
net.ipv6.conf.lo.mldv2_unsolicited_report_interval = 1000
net.ipv6.conf.lo.mtu = 65536
net.ipv6.conf.lo.ndisc_notify = 0
net.ipv6.conf.lo.optimistic_dad = 0
net.ipv6.conf.lo.proxy_ndp = 0
net.ipv6.conf.lo.regen_max_retry = 3
net.ipv6.conf.lo.router_probe_interval = 60
net.ipv6.conf.lo.router_solicitation_delay = 1
net.ipv6.conf.lo.router_solicitation_interval = 4
net.ipv6.conf.lo.router_solicitations = 3
net.ipv6.conf.lo.temp_prefered_lft = 86400
net.ipv6.conf.lo.temp_valid_lft = 604800
net.ipv6.conf.lo.use_optimistic = 0
net.ipv6.conf.lo.use_tempaddr = -1
net.ipv6.conf.mgmt0.accept_dad = 1
net.ipv6.conf.mgmt0.accept_ra = 1
net.ipv6.conf.mgmt0.accept_ra_defrtr = 0
net.ipv6.conf.mgmt0.accept_ra_pinfo = 0
net.ipv6.conf.mgmt0.accept_ra_rt_info_max_plen = 0
net.ipv6.conf.mgmt0.accept_ra_rtr_pref = 0
net.ipv6.conf.mgmt0.accept_redirects = 1
net.ipv6.conf.mgmt0.accept_source_route = 0
net.ipv6.conf.mgmt0.autoconf = 1
net.ipv6.conf.mgmt0.dad_transmits = 1
net.ipv6.conf.mgmt0.disable_ipv6 = 0
net.ipv6.conf.mgmt0.enhanced_dad = 1
net.ipv6.conf.mgmt0.force_mld_version = 0
net.ipv6.conf.mgmt0.force_tllao = 0
net.ipv6.conf.mgmt0.forwarding = 0
net.ipv6.conf.mgmt0.hop_limit = 64
net.ipv6.conf.mgmt0.keep_addr_on_down = 0
net.ipv6.conf.mgmt0.max_addresses = 16
net.ipv6.conf.mgmt0.max_desync_factor = 600
net.ipv6.conf.mgmt0.mc_forwarding = 0
net.ipv6.conf.mgmt0.mldv1_unsolicited_report_interval = 10000
net.ipv6.conf.mgmt0.mldv2_unsolicited_report_interval = 1000
net.ipv6.conf.mgmt0.mtu = 1500
net.ipv6.conf.mgmt0.ndisc_notify = 0
net.ipv6.conf.mgmt0.optimistic_dad = 0
net.ipv6.conf.mgmt0.proxy_ndp = 0
net.ipv6.conf.mgmt0.regen_max_retry = 3
net.ipv6.conf.mgmt0.router_probe_interval = 60
net.ipv6.conf.mgmt0.router_solicitation_delay = 1
net.ipv6.conf.mgmt0.router_solicitation_interval = 4
net.ipv6.conf.mgmt0.router_solicitations = 3
net.ipv6.conf.mgmt0.temp_prefered_lft = 86400
net.ipv6.conf.mgmt0.temp_valid_lft = 604800
net.ipv6.conf.mgmt0.use_optimistic = 0
net.ipv6.conf.mgmt0.use_tempaddr = 0
net.ipv6.conf.nic0.accept_dad = 1
net.ipv6.conf.nic0.accept_ra = 0
net.ipv6.conf.nic0.accept_ra_defrtr = 0
net.ipv6.conf.nic0.accept_ra_pinfo = 0
net.ipv6.conf.nic0.accept_ra_rt_info_max_plen = 0
net.ipv6.conf.nic0.accept_ra_rtr_pref = 0
net.ipv6.conf.nic0.accept_redirects = 1
net.ipv6.conf.nic0.accept_source_route = 0
net.ipv6.conf.nic0.autoconf = 1
net.ipv6.conf.nic0.dad_transmits = 1
net.ipv6.conf.nic0.disable_ipv6 = 0
net.ipv6.conf.nic0.enhanced_dad = 1
net.ipv6.conf.nic0.force_mld_version = 0
net.ipv6.conf.nic0.force_tllao = 0
net.ipv6.conf.nic0.forwarding = 0
net.ipv6.conf.nic0.hop_limit = 64
net.ipv6.conf.nic0.keep_addr_on_down = 0
net.ipv6.conf.nic0.max_addresses = 16
net.ipv6.conf.nic0.max_desync_factor = 600
net.ipv6.conf.nic0.mc_forwarding = 0
net.ipv6.conf.nic0.mldv1_unsolicited_report_interval = 10000
net.ipv6.conf.nic0.mldv2_unsolicited_report_interval = 1000
net.ipv6.conf.nic0.mtu = 1500
net.ipv6.conf.nic0.ndisc_notify = 0
net.ipv6.conf.nic0.optimistic_dad = 0
net.ipv6.conf.nic0.proxy_ndp = 0
net.ipv6.conf.nic0.regen_max_retry = 3
net.ipv6.conf.nic0.router_probe_interval = 60
net.ipv6.conf.nic0.router_solicitation_delay = 1
net.ipv6.conf.nic0.router_solicitation_interval = 4
net.ipv6.conf.nic0.router_solicitations = 3
net.ipv6.conf.nic0.temp_prefered_lft = 86400
net.ipv6.conf.nic0.temp_valid_lft = 604800
net.ipv6.conf.nic0.use_optimistic = 0
net.ipv6.conf.nic0.use_tempaddr = 0
net.ipv6.conf.nic1.accept_dad = 1
net.ipv6.conf.nic1.accept_ra = 0
net.ipv6.conf.nic1.accept_ra_defrtr = 0
net.ipv6.conf.nic1.accept_ra_pinfo = 0
net.ipv6.conf.nic1.accept_ra_rt_info_max_plen = 0
net.ipv6.conf.nic1.accept_ra_rtr_pref = 0
net.ipv6.conf.nic1.accept_redirects = 1
net.ipv6.conf.nic1.accept_source_route = 0
net.ipv6.conf.nic1.autoconf = 1
net.ipv6.conf.nic1.dad_transmits = 1
net.ipv6.conf.nic1.disable_ipv6 = 0
net.ipv6.conf.nic1.enhanced_dad = 1
net.ipv6.conf.nic1.force_mld_version = 0
net.ipv6.conf.nic1.force_tllao = 0
net.ipv6.conf.nic1.forwarding = 0
net.ipv6.conf.nic1.hop_limit = 64
net.ipv6.conf.nic1.keep_addr_on_down = 0
net.ipv6.conf.nic1.max_addresses = 16
net.ipv6.conf.nic1.max_desync_factor = 600
net.ipv6.conf.nic1.mc_forwarding = 0
net.ipv6.conf.nic1.mldv1_unsolicited_report_interval = 10000
net.ipv6.conf.nic1.mldv2_unsolicited_report_interval = 1000
net.ipv6.conf.nic1.mtu = 1500
net.ipv6.conf.nic1.ndisc_notify = 0
net.ipv6.conf.nic1.optimistic_dad = 0
net.ipv6.conf.nic1.proxy_ndp = 0
net.ipv6.conf.nic1.regen_max_retry = 3
net.ipv6.conf.nic1.router_probe_interval = 60
net.ipv6.conf.nic1.router_solicitation_delay = 1
net.ipv6.conf.nic1.router_solicitation_interval = 4
net.ipv6.conf.nic1.router_solicitations = 3
net.ipv6.conf.nic1.temp_prefered_lft = 86400
net.ipv6.conf.nic1.temp_valid_lft = 604800
net.ipv6.conf.nic1.use_optimistic = 0
net.ipv6.conf.nic1.use_tempaddr = 0
net.ipv6.conf.nic2.accept_dad = 1
net.ipv6.conf.nic2.accept_ra = 0
net.ipv6.conf.nic2.accept_ra_defrtr = 0
net.ipv6.conf.nic2.accept_ra_pinfo = 0
net.ipv6.conf.nic2.accept_ra_rt_info_max_plen = 0
net.ipv6.conf.nic2.accept_ra_rtr_pref = 0
net.ipv6.conf.nic2.accept_redirects = 1
net.ipv6.conf.nic2.accept_source_route = 0
net.ipv6.conf.nic2.autoconf = 1
net.ipv6.conf.nic2.dad_transmits = 1
net.ipv6.conf.nic2.disable_ipv6 = 0
net.ipv6.conf.nic2.enhanced_dad = 1
net.ipv6.conf.nic2.force_mld_version = 0
net.ipv6.conf.nic2.force_tllao = 0
net.ipv6.conf.nic2.forwarding = 0
net.ipv6.conf.nic2.hop_limit = 64
net.ipv6.conf.nic2.keep_addr_on_down = 0
net.ipv6.conf.nic2.max_addresses = 16
net.ipv6.conf.nic2.max_desync_factor = 600
net.ipv6.conf.nic2.mc_forwarding = 0
net.ipv6.conf.nic2.mldv1_unsolicited_report_interval = 10000
net.ipv6.conf.nic2.mldv2_unsolicited_report_interval = 1000
net.ipv6.conf.nic2.mtu = 1500
net.ipv6.conf.nic2.ndisc_notify = 0
net.ipv6.conf.nic2.optimistic_dad = 0
net.ipv6.conf.nic2.proxy_ndp = 0
net.ipv6.conf.nic2.regen_max_retry = 3
net.ipv6.conf.nic2.router_probe_interval = 60
net.ipv6.conf.nic2.router_solicitation_delay = 1
net.ipv6.conf.nic2.router_solicitation_interval = 4
net.ipv6.conf.nic2.router_solicitations = 3
net.ipv6.conf.nic2.temp_prefered_lft = 86400
net.ipv6.conf.nic2.temp_valid_lft = 604800
net.ipv6.conf.nic2.use_optimistic = 0
net.ipv6.conf.nic2.use_tempaddr = 0
net.ipv6.conf.nic3.accept_dad = 1
net.ipv6.conf.nic3.accept_ra = 0
net.ipv6.conf.nic3.accept_ra_defrtr = 0
net.ipv6.conf.nic3.accept_ra_pinfo = 0
net.ipv6.conf.nic3.accept_ra_rt_info_max_plen = 0
net.ipv6.conf.nic3.accept_ra_rtr_pref = 0
net.ipv6.conf.nic3.accept_redirects = 1
net.ipv6.conf.nic3.accept_source_route = 0
net.ipv6.conf.nic3.autoconf = 1
net.ipv6.conf.nic3.dad_transmits = 1
net.ipv6.conf.nic3.disable_ipv6 = 0
net.ipv6.conf.nic3.enhanced_dad = 1
net.ipv6.conf.nic3.force_mld_version = 0
net.ipv6.conf.nic3.force_tllao = 0
net.ipv6.conf.nic3.forwarding = 0
net.ipv6.conf.nic3.hop_limit = 64
net.ipv6.conf.nic3.keep_addr_on_down = 0
net.ipv6.conf.nic3.max_addresses = 16
net.ipv6.conf.nic3.max_desync_factor = 600
net.ipv6.conf.nic3.mc_forwarding = 0
net.ipv6.conf.nic3.mldv1_unsolicited_report_interval = 10000
net.ipv6.conf.nic3.mldv2_unsolicited_report_interval = 1000
net.ipv6.conf.nic3.mtu = 1500
net.ipv6.conf.nic3.ndisc_notify = 0
net.ipv6.conf.nic3.optimistic_dad = 0
net.ipv6.conf.nic3.proxy_ndp = 0
net.ipv6.conf.nic3.regen_max_retry = 3
net.ipv6.conf.nic3.router_probe_interval = 60
net.ipv6.conf.nic3.router_solicitation_delay = 1
net.ipv6.conf.nic3.router_solicitation_interval = 4
net.ipv6.conf.nic3.router_solicitations = 3
net.ipv6.conf.nic3.temp_prefered_lft = 86400
net.ipv6.conf.nic3.temp_valid_lft = 604800
net.ipv6.conf.nic3.use_optimistic = 0
net.ipv6.conf.nic3.use_tempaddr = 0
net.ipv6.conf.nic4.accept_dad = 1
net.ipv6.conf.nic4.accept_ra = 0
net.ipv6.conf.nic4.accept_ra_defrtr = 0
net.ipv6.conf.nic4.accept_ra_pinfo = 0
net.ipv6.conf.nic4.accept_ra_rt_info_max_plen = 0
net.ipv6.conf.nic4.accept_ra_rtr_pref = 0
net.ipv6.conf.nic4.accept_redirects = 1
net.ipv6.conf.nic4.accept_source_route = 0
net.ipv6.conf.nic4.autoconf = 1
net.ipv6.conf.nic4.dad_transmits = 1
net.ipv6.conf.nic4.disable_ipv6 = 0
net.ipv6.conf.nic4.enhanced_dad = 1
net.ipv6.conf.nic4.force_mld_version = 0
net.ipv6.conf.nic4.force_tllao = 0
net.ipv6.conf.nic4.forwarding = 0
net.ipv6.conf.nic4.hop_limit = 64
net.ipv6.conf.nic4.keep_addr_on_down = 0
net.ipv6.conf.nic4.max_addresses = 16
net.ipv6.conf.nic4.max_desync_factor = 600
net.ipv6.conf.nic4.mc_forwarding = 0
net.ipv6.conf.nic4.mldv1_unsolicited_report_interval = 10000
net.ipv6.conf.nic4.mldv2_unsolicited_report_interval = 1000
net.ipv6.conf.nic4.mtu = 1500
net.ipv6.conf.nic4.ndisc_notify = 0
net.ipv6.conf.nic4.optimistic_dad = 0
net.ipv6.conf.nic4.proxy_ndp = 0
net.ipv6.conf.nic4.regen_max_retry = 3
net.ipv6.conf.nic4.router_probe_interval = 60
net.ipv6.conf.nic4.router_solicitation_delay = 1
net.ipv6.conf.nic4.router_solicitation_interval = 4
net.ipv6.conf.nic4.router_solicitations = 3
net.ipv6.conf.nic4.temp_prefered_lft = 86400
net.ipv6.conf.nic4.temp_valid_lft = 604800
net.ipv6.conf.nic4.use_optimistic = 0
net.ipv6.conf.nic4.use_tempaddr = 0
net.ipv6.conf.vetha0f22e7.accept_dad = 1
net.ipv6.conf.vetha0f22e7.accept_ra = 1
net.ipv6.conf.vetha0f22e7.accept_ra_defrtr = 1
net.ipv6.conf.vetha0f22e7.accept_ra_pinfo = 1
net.ipv6.conf.vetha0f22e7.accept_ra_rt_info_max_plen = 0
net.ipv6.conf.vetha0f22e7.accept_ra_rtr_pref = 1
net.ipv6.conf.vetha0f22e7.accept_redirects = 1
net.ipv6.conf.vetha0f22e7.accept_source_route = 0
net.ipv6.conf.vetha0f22e7.autoconf = 1
net.ipv6.conf.vetha0f22e7.dad_transmits = 1
net.ipv6.conf.vetha0f22e7.disable_ipv6 = 0
net.ipv6.conf.vetha0f22e7.enhanced_dad = 1
net.ipv6.conf.vetha0f22e7.force_mld_version = 0
net.ipv6.conf.vetha0f22e7.force_tllao = 0
net.ipv6.conf.vetha0f22e7.forwarding = 0
net.ipv6.conf.vetha0f22e7.hop_limit = 64
net.ipv6.conf.vetha0f22e7.keep_addr_on_down = 0
net.ipv6.conf.vetha0f22e7.max_addresses = 16
net.ipv6.conf.vetha0f22e7.max_desync_factor = 600
net.ipv6.conf.vetha0f22e7.mc_forwarding = 0
net.ipv6.conf.vetha0f22e7.mldv1_unsolicited_report_interval = 10000
net.ipv6.conf.vetha0f22e7.mldv2_unsolicited_report_interval = 1000
net.ipv6.conf.vetha0f22e7.mtu = 1500
net.ipv6.conf.vetha0f22e7.ndisc_notify = 0
net.ipv6.conf.vetha0f22e7.optimistic_dad = 0
net.ipv6.conf.vetha0f22e7.proxy_ndp = 0
net.ipv6.conf.vetha0f22e7.regen_max_retry = 3
net.ipv6.conf.vetha0f22e7.router_probe_interval = 60
net.ipv6.conf.vetha0f22e7.router_solicitation_delay = 1
net.ipv6.conf.vetha0f22e7.router_solicitation_interval = 4
net.ipv6.conf.vetha0f22e7.router_solicitations = 3
net.ipv6.conf.vetha0f22e7.temp_prefered_lft = 86400
net.ipv6.conf.vetha0f22e7.temp_valid_lft = 604800
net.ipv6.conf.vetha0f22e7.use_optimistic = 0
net.ipv6.conf.vetha0f22e7.use_tempaddr = 0
net.ipv6.conf.vethb3fd4b7.accept_dad = 1
net.ipv6.conf.vethb3fd4b7.accept_ra = 1
net.ipv6.conf.vethb3fd4b7.accept_ra_defrtr = 1
net.ipv6.conf.vethb3fd4b7.accept_ra_pinfo = 1
net.ipv6.conf.vethb3fd4b7.accept_ra_rt_info_max_plen = 0
net.ipv6.conf.vethb3fd4b7.accept_ra_rtr_pref = 1
net.ipv6.conf.vethb3fd4b7.accept_redirects = 1
net.ipv6.conf.vethb3fd4b7.accept_source_route = 0
net.ipv6.conf.vethb3fd4b7.autoconf = 1
net.ipv6.conf.vethb3fd4b7.dad_transmits = 1
net.ipv6.conf.vethb3fd4b7.disable_ipv6 = 0
net.ipv6.conf.vethb3fd4b7.enhanced_dad = 1
net.ipv6.conf.vethb3fd4b7.force_mld_version = 0
net.ipv6.conf.vethb3fd4b7.force_tllao = 0
net.ipv6.conf.vethb3fd4b7.forwarding = 0
net.ipv6.conf.vethb3fd4b7.hop_limit = 64
net.ipv6.conf.vethb3fd4b7.keep_addr_on_down = 0
net.ipv6.conf.vethb3fd4b7.max_addresses = 16
net.ipv6.conf.vethb3fd4b7.max_desync_factor = 600
net.ipv6.conf.vethb3fd4b7.mc_forwarding = 0
net.ipv6.conf.vethb3fd4b7.mldv1_unsolicited_report_interval = 10000
net.ipv6.conf.vethb3fd4b7.mldv2_unsolicited_report_interval = 1000
net.ipv6.conf.vethb3fd4b7.mtu = 1500
net.ipv6.conf.vethb3fd4b7.ndisc_notify = 0
net.ipv6.conf.vethb3fd4b7.optimistic_dad = 0
net.ipv6.conf.vethb3fd4b7.proxy_ndp = 0
net.ipv6.conf.vethb3fd4b7.regen_max_retry = 3
net.ipv6.conf.vethb3fd4b7.router_probe_interval = 60
net.ipv6.conf.vethb3fd4b7.router_solicitation_delay = 1
net.ipv6.conf.vethb3fd4b7.router_solicitation_interval = 4
net.ipv6.conf.vethb3fd4b7.router_solicitations = 3
net.ipv6.conf.vethb3fd4b7.temp_prefered_lft = 86400
net.ipv6.conf.vethb3fd4b7.temp_valid_lft = 604800
net.ipv6.conf.vethb3fd4b7.use_optimistic = 0
net.ipv6.conf.vethb3fd4b7.use_tempaddr = 0
net.ipv6.conf.vethb40a5ff.accept_dad = 1
net.ipv6.conf.vethb40a5ff.accept_ra = 1
net.ipv6.conf.vethb40a5ff.accept_ra_defrtr = 1
net.ipv6.conf.vethb40a5ff.accept_ra_pinfo = 1
net.ipv6.conf.vethb40a5ff.accept_ra_rt_info_max_plen = 0
net.ipv6.conf.vethb40a5ff.accept_ra_rtr_pref = 1
net.ipv6.conf.vethb40a5ff.accept_redirects = 1
net.ipv6.conf.vethb40a5ff.accept_source_route = 0
net.ipv6.conf.vethb40a5ff.autoconf = 1
net.ipv6.conf.vethb40a5ff.dad_transmits = 1
net.ipv6.conf.vethb40a5ff.disable_ipv6 = 0
net.ipv6.conf.vethb40a5ff.enhanced_dad = 1
net.ipv6.conf.vethb40a5ff.force_mld_version = 0
net.ipv6.conf.vethb40a5ff.force_tllao = 0
net.ipv6.conf.vethb40a5ff.forwarding = 0
net.ipv6.conf.vethb40a5ff.hop_limit = 64
net.ipv6.conf.vethb40a5ff.keep_addr_on_down = 0
net.ipv6.conf.vethb40a5ff.max_addresses = 16
net.ipv6.conf.vethb40a5ff.max_desync_factor = 600
net.ipv6.conf.vethb40a5ff.mc_forwarding = 0
net.ipv6.conf.vethb40a5ff.mldv1_unsolicited_report_interval = 10000
net.ipv6.conf.vethb40a5ff.mldv2_unsolicited_report_interval = 1000
net.ipv6.conf.vethb40a5ff.mtu = 1500
net.ipv6.conf.vethb40a5ff.ndisc_notify = 0
net.ipv6.conf.vethb40a5ff.optimistic_dad = 0
net.ipv6.conf.vethb40a5ff.proxy_ndp = 0
net.ipv6.conf.vethb40a5ff.regen_max_retry = 3
net.ipv6.conf.vethb40a5ff.router_probe_interval = 60
net.ipv6.conf.vethb40a5ff.router_solicitation_delay = 1
net.ipv6.conf.vethb40a5ff.router_solicitation_interval = 4
net.ipv6.conf.vethb40a5ff.router_solicitations = 3
net.ipv6.conf.vethb40a5ff.temp_prefered_lft = 86400
net.ipv6.conf.vethb40a5ff.temp_valid_lft = 604800
net.ipv6.conf.vethb40a5ff.use_optimistic = 0
net.ipv6.conf.vethb40a5ff.use_tempaddr = 0
net.ipv6.conf.vethc9d05f1.accept_dad = 1
net.ipv6.conf.vethc9d05f1.accept_ra = 1
net.ipv6.conf.vethc9d05f1.accept_ra_defrtr = 1
net.ipv6.conf.vethc9d05f1.accept_ra_pinfo = 1
net.ipv6.conf.vethc9d05f1.accept_ra_rt_info_max_plen = 0
net.ipv6.conf.vethc9d05f1.accept_ra_rtr_pref = 1
net.ipv6.conf.vethc9d05f1.accept_redirects = 1
net.ipv6.conf.vethc9d05f1.accept_source_route = 0
net.ipv6.conf.vethc9d05f1.autoconf = 1
net.ipv6.conf.vethc9d05f1.dad_transmits = 1
net.ipv6.conf.vethc9d05f1.disable_ipv6 = 0
net.ipv6.conf.vethc9d05f1.enhanced_dad = 1
net.ipv6.conf.vethc9d05f1.force_mld_version = 0
net.ipv6.conf.vethc9d05f1.force_tllao = 0
net.ipv6.conf.vethc9d05f1.forwarding = 0
net.ipv6.conf.vethc9d05f1.hop_limit = 64
net.ipv6.conf.vethc9d05f1.keep_addr_on_down = 0
net.ipv6.conf.vethc9d05f1.max_addresses = 16
net.ipv6.conf.vethc9d05f1.max_desync_factor = 600
net.ipv6.conf.vethc9d05f1.mc_forwarding = 0
net.ipv6.conf.vethc9d05f1.mldv1_unsolicited_report_interval = 10000
net.ipv6.conf.vethc9d05f1.mldv2_unsolicited_report_interval = 1000
net.ipv6.conf.vethc9d05f1.mtu = 1500
net.ipv6.conf.vethc9d05f1.ndisc_notify = 0
net.ipv6.conf.vethc9d05f1.optimistic_dad = 0
net.ipv6.conf.vethc9d05f1.proxy_ndp = 0
net.ipv6.conf.vethc9d05f1.regen_max_retry = 3
net.ipv6.conf.vethc9d05f1.router_probe_interval = 60
net.ipv6.conf.vethc9d05f1.router_solicitation_delay = 1
net.ipv6.conf.vethc9d05f1.router_solicitation_interval = 4
net.ipv6.conf.vethc9d05f1.router_solicitations = 3
net.ipv6.conf.vethc9d05f1.temp_prefered_lft = 86400
net.ipv6.conf.vethc9d05f1.temp_valid_lft = 604800
net.ipv6.conf.vethc9d05f1.use_optimistic = 0
net.ipv6.conf.vethc9d05f1.use_tempaddr = 0
net.ipv6.fwmark_reflect = 0
net.ipv6.icmp.ratelimit = 1000
net.ipv6.idgen_delay = 1
net.ipv6.idgen_retries = 3
net.ipv6.ip6frag_high_thresh = 4194304
net.ipv6.ip6frag_low_thresh = 3145728
net.ipv6.ip6frag_secret_interval = 600
net.ipv6.ip6frag_time = 60
net.ipv6.ip_nonlocal_bind = 0
net.ipv6.mld_max_msf = 64
net.ipv6.mld_qrv = 2
net.ipv6.neigh.bond0.anycast_delay = 100
net.ipv6.neigh.bond0.app_solicit = 0
net.ipv6.neigh.bond0.base_reachable_time_ms = 30000
net.ipv6.neigh.bond0.delay_first_probe_time = 5
net.ipv6.neigh.bond0.gc_stale_time = 60
net.ipv6.neigh.bond0.locktime = 0
net.ipv6.neigh.bond0.mcast_solicit = 3
net.ipv6.neigh.bond0.proxy_delay = 80
net.ipv6.neigh.bond0.proxy_qlen = 64
net.ipv6.neigh.bond0.retrans_time_ms = 1000
net.ipv6.neigh.bond0.ucast_solicit = 3
net.ipv6.neigh.bond0.unres_qlen = 31
net.ipv6.neigh.bond0.unres_qlen_bytes = 65536
net.ipv6.neigh.br-6bb0e8a2fafc.anycast_delay = 100
net.ipv6.neigh.br-6bb0e8a2fafc.app_solicit = 0
net.ipv6.neigh.br-6bb0e8a2fafc.base_reachable_time_ms = 30000
net.ipv6.neigh.br-6bb0e8a2fafc.delay_first_probe_time = 5
net.ipv6.neigh.br-6bb0e8a2fafc.gc_stale_time = 60
net.ipv6.neigh.br-6bb0e8a2fafc.locktime = 0
net.ipv6.neigh.br-6bb0e8a2fafc.mcast_solicit = 3
net.ipv6.neigh.br-6bb0e8a2fafc.proxy_delay = 80
net.ipv6.neigh.br-6bb0e8a2fafc.proxy_qlen = 64
net.ipv6.neigh.br-6bb0e8a2fafc.retrans_time_ms = 1000
net.ipv6.neigh.br-6bb0e8a2fafc.ucast_solicit = 3
net.ipv6.neigh.br-6bb0e8a2fafc.unres_qlen = 31
net.ipv6.neigh.br-6bb0e8a2fafc.unres_qlen_bytes = 65536
net.ipv6.neigh.default.anycast_delay = 100
net.ipv6.neigh.default.app_solicit = 0
net.ipv6.neigh.default.base_reachable_time_ms = 30000
net.ipv6.neigh.default.delay_first_probe_time = 5
net.ipv6.neigh.default.gc_interval = 30
net.ipv6.neigh.default.gc_stale_time = 60
net.ipv6.neigh.default.gc_thresh1 = 128
net.ipv6.neigh.default.gc_thresh2 = 512
net.ipv6.neigh.default.gc_thresh3 = 1024
net.ipv6.neigh.default.locktime = 0
net.ipv6.neigh.default.mcast_solicit = 3
net.ipv6.neigh.default.proxy_delay = 80
net.ipv6.neigh.default.proxy_qlen = 64
net.ipv6.neigh.default.retrans_time_ms = 1000
net.ipv6.neigh.default.ucast_solicit = 3
net.ipv6.neigh.default.unres_qlen = 31
net.ipv6.neigh.default.unres_qlen_bytes = 65536
net.ipv6.neigh.docker0.anycast_delay = 100
net.ipv6.neigh.docker0.app_solicit = 0
net.ipv6.neigh.docker0.base_reachable_time_ms = 30000
net.ipv6.neigh.docker0.delay_first_probe_time = 5
net.ipv6.neigh.docker0.gc_stale_time = 60
net.ipv6.neigh.docker0.locktime = 0
net.ipv6.neigh.docker0.mcast_solicit = 3
net.ipv6.neigh.docker0.proxy_delay = 80
net.ipv6.neigh.docker0.proxy_qlen = 64
net.ipv6.neigh.docker0.retrans_time_ms = 1000
net.ipv6.neigh.docker0.ucast_solicit = 3
net.ipv6.neigh.docker0.unres_qlen = 31
net.ipv6.neigh.docker0.unres_qlen_bytes = 65536
net.ipv6.neigh.host0.anycast_delay = 100
net.ipv6.neigh.host0.app_solicit = 0
net.ipv6.neigh.host0.base_reachable_time_ms = 30000
net.ipv6.neigh.host0.delay_first_probe_time = 5
net.ipv6.neigh.host0.gc_stale_time = 60
net.ipv6.neigh.host0.locktime = 0
net.ipv6.neigh.host0.mcast_solicit = 3
net.ipv6.neigh.host0.proxy_delay = 80
net.ipv6.neigh.host0.proxy_qlen = 64
net.ipv6.neigh.host0.retrans_time_ms = 1000
net.ipv6.neigh.host0.ucast_solicit = 3
net.ipv6.neigh.host0.unres_qlen = 31
net.ipv6.neigh.host0.unres_qlen_bytes = 65536
net.ipv6.neigh.lo.anycast_delay = 100
net.ipv6.neigh.lo.app_solicit = 0
net.ipv6.neigh.lo.base_reachable_time_ms = 30000
net.ipv6.neigh.lo.delay_first_probe_time = 5
net.ipv6.neigh.lo.gc_stale_time = 60
net.ipv6.neigh.lo.locktime = 0
net.ipv6.neigh.lo.mcast_solicit = 3
net.ipv6.neigh.lo.proxy_delay = 80
net.ipv6.neigh.lo.proxy_qlen = 64
net.ipv6.neigh.lo.retrans_time_ms = 1000
net.ipv6.neigh.lo.ucast_solicit = 3
net.ipv6.neigh.lo.unres_qlen = 31
net.ipv6.neigh.lo.unres_qlen_bytes = 65536
net.ipv6.neigh.mgmt0.anycast_delay = 100
net.ipv6.neigh.mgmt0.app_solicit = 0
net.ipv6.neigh.mgmt0.base_reachable_time_ms = 30000
net.ipv6.neigh.mgmt0.delay_first_probe_time = 5
net.ipv6.neigh.mgmt0.gc_stale_time = 60
net.ipv6.neigh.mgmt0.locktime = 0
net.ipv6.neigh.mgmt0.mcast_solicit = 3
net.ipv6.neigh.mgmt0.proxy_delay = 80
net.ipv6.neigh.mgmt0.proxy_qlen = 64
net.ipv6.neigh.mgmt0.retrans_time_ms = 1000
net.ipv6.neigh.mgmt0.ucast_solicit = 3
net.ipv6.neigh.mgmt0.unres_qlen = 31
net.ipv6.neigh.mgmt0.unres_qlen_bytes = 65536
net.ipv6.neigh.nic0.anycast_delay = 100
net.ipv6.neigh.nic0.app_solicit = 0
net.ipv6.neigh.nic0.base_reachable_time_ms = 30000
net.ipv6.neigh.nic0.delay_first_probe_time = 5
net.ipv6.neigh.nic0.gc_stale_time = 60
net.ipv6.neigh.nic0.locktime = 0
net.ipv6.neigh.nic0.mcast_solicit = 3
net.ipv6.neigh.nic0.proxy_delay = 80
net.ipv6.neigh.nic0.proxy_qlen = 64
net.ipv6.neigh.nic0.retrans_time_ms = 1000
net.ipv6.neigh.nic0.ucast_solicit = 3
net.ipv6.neigh.nic0.unres_qlen = 31
net.ipv6.neigh.nic0.unres_qlen_bytes = 65536
net.ipv6.neigh.nic1.anycast_delay = 100
net.ipv6.neigh.nic1.app_solicit = 0
net.ipv6.neigh.nic1.base_reachable_time_ms = 30000
net.ipv6.neigh.nic1.delay_first_probe_time = 5
net.ipv6.neigh.nic1.gc_stale_time = 60
net.ipv6.neigh.nic1.locktime = 0
net.ipv6.neigh.nic1.mcast_solicit = 3
net.ipv6.neigh.nic1.proxy_delay = 80
net.ipv6.neigh.nic1.proxy_qlen = 64
net.ipv6.neigh.nic1.retrans_time_ms = 1000
net.ipv6.neigh.nic1.ucast_solicit = 3
net.ipv6.neigh.nic1.unres_qlen = 31
net.ipv6.neigh.nic1.unres_qlen_bytes = 65536
net.ipv6.neigh.nic2.anycast_delay = 100
net.ipv6.neigh.nic2.app_solicit = 0
net.ipv6.neigh.nic2.base_reachable_time_ms = 30000
net.ipv6.neigh.nic2.delay_first_probe_time = 5
net.ipv6.neigh.nic2.gc_stale_time = 60
net.ipv6.neigh.nic2.locktime = 0
net.ipv6.neigh.nic2.mcast_solicit = 3
net.ipv6.neigh.nic2.proxy_delay = 80
net.ipv6.neigh.nic2.proxy_qlen = 64
net.ipv6.neigh.nic2.retrans_time_ms = 1000
net.ipv6.neigh.nic2.ucast_solicit = 3
net.ipv6.neigh.nic2.unres_qlen = 31
net.ipv6.neigh.nic2.unres_qlen_bytes = 65536
net.ipv6.neigh.nic3.anycast_delay = 100
net.ipv6.neigh.nic3.app_solicit = 0
net.ipv6.neigh.nic3.base_reachable_time_ms = 30000
net.ipv6.neigh.nic3.delay_first_probe_time = 5
net.ipv6.neigh.nic3.gc_stale_time = 60
net.ipv6.neigh.nic3.locktime = 0
net.ipv6.neigh.nic3.mcast_solicit = 3
net.ipv6.neigh.nic3.proxy_delay = 80
net.ipv6.neigh.nic3.proxy_qlen = 64
net.ipv6.neigh.nic3.retrans_time_ms = 1000
net.ipv6.neigh.nic3.ucast_solicit = 3
net.ipv6.neigh.nic3.unres_qlen = 31
net.ipv6.neigh.nic3.unres_qlen_bytes = 65536
net.ipv6.neigh.nic4.anycast_delay = 100
net.ipv6.neigh.nic4.app_solicit = 0
net.ipv6.neigh.nic4.base_reachable_time_ms = 30000
net.ipv6.neigh.nic4.delay_first_probe_time = 5
net.ipv6.neigh.nic4.gc_stale_time = 60
net.ipv6.neigh.nic4.locktime = 0
net.ipv6.neigh.nic4.mcast_solicit = 3
net.ipv6.neigh.nic4.proxy_delay = 80
net.ipv6.neigh.nic4.proxy_qlen = 64
net.ipv6.neigh.nic4.retrans_time_ms = 1000
net.ipv6.neigh.nic4.ucast_solicit = 3
net.ipv6.neigh.nic4.unres_qlen = 31
net.ipv6.neigh.nic4.unres_qlen_bytes = 65536
net.ipv6.neigh.vetha0f22e7.anycast_delay = 100
net.ipv6.neigh.vetha0f22e7.app_solicit = 0
net.ipv6.neigh.vetha0f22e7.base_reachable_time_ms = 30000
net.ipv6.neigh.vetha0f22e7.delay_first_probe_time = 5
net.ipv6.neigh.vetha0f22e7.gc_stale_time = 60
net.ipv6.neigh.vetha0f22e7.locktime = 0
net.ipv6.neigh.vetha0f22e7.mcast_solicit = 3
net.ipv6.neigh.vetha0f22e7.proxy_delay = 80
net.ipv6.neigh.vetha0f22e7.proxy_qlen = 64
net.ipv6.neigh.vetha0f22e7.retrans_time_ms = 1000
net.ipv6.neigh.vetha0f22e7.ucast_solicit = 3
net.ipv6.neigh.vetha0f22e7.unres_qlen = 31
net.ipv6.neigh.vetha0f22e7.unres_qlen_bytes = 65536
net.ipv6.neigh.vethb3fd4b7.anycast_delay = 100
net.ipv6.neigh.vethb3fd4b7.app_solicit = 0
net.ipv6.neigh.vethb3fd4b7.base_reachable_time_ms = 30000
net.ipv6.neigh.vethb3fd4b7.delay_first_probe_time = 5
net.ipv6.neigh.vethb3fd4b7.gc_stale_time = 60
net.ipv6.neigh.vethb3fd4b7.locktime = 0
net.ipv6.neigh.vethb3fd4b7.mcast_solicit = 3
net.ipv6.neigh.vethb3fd4b7.proxy_delay = 80
net.ipv6.neigh.vethb3fd4b7.proxy_qlen = 64
net.ipv6.neigh.vethb3fd4b7.retrans_time_ms = 1000
net.ipv6.neigh.vethb3fd4b7.ucast_solicit = 3
net.ipv6.neigh.vethb3fd4b7.unres_qlen = 31
net.ipv6.neigh.vethb3fd4b7.unres_qlen_bytes = 65536
net.ipv6.neigh.vethb40a5ff.anycast_delay = 100
net.ipv6.neigh.vethb40a5ff.app_solicit = 0
net.ipv6.neigh.vethb40a5ff.base_reachable_time_ms = 30000
net.ipv6.neigh.vethb40a5ff.delay_first_probe_time = 5
net.ipv6.neigh.vethb40a5ff.gc_stale_time = 60
net.ipv6.neigh.vethb40a5ff.locktime = 0
net.ipv6.neigh.vethb40a5ff.mcast_solicit = 3
net.ipv6.neigh.vethb40a5ff.proxy_delay = 80
net.ipv6.neigh.vethb40a5ff.proxy_qlen = 64
net.ipv6.neigh.vethb40a5ff.retrans_time_ms = 1000
net.ipv6.neigh.vethb40a5ff.ucast_solicit = 3
net.ipv6.neigh.vethb40a5ff.unres_qlen = 31
net.ipv6.neigh.vethb40a5ff.unres_qlen_bytes = 65536
net.ipv6.neigh.vethc9d05f1.anycast_delay = 100
net.ipv6.neigh.vethc9d05f1.app_solicit = 0
net.ipv6.neigh.vethc9d05f1.base_reachable_time_ms = 30000
net.ipv6.neigh.vethc9d05f1.delay_first_probe_time = 5
net.ipv6.neigh.vethc9d05f1.gc_stale_time = 60
net.ipv6.neigh.vethc9d05f1.locktime = 0
net.ipv6.neigh.vethc9d05f1.mcast_solicit = 3
net.ipv6.neigh.vethc9d05f1.proxy_delay = 80
net.ipv6.neigh.vethc9d05f1.proxy_qlen = 64
net.ipv6.neigh.vethc9d05f1.retrans_time_ms = 1000
net.ipv6.neigh.vethc9d05f1.ucast_solicit = 3
net.ipv6.neigh.vethc9d05f1.unres_qlen = 31
net.ipv6.neigh.vethc9d05f1.unres_qlen_bytes = 65536
net.ipv6.route.gc_elasticity = 9
net.ipv6.route.gc_interval = 30
net.ipv6.route.gc_min_interval = 0
net.ipv6.route.gc_min_interval_ms = 500
net.ipv6.route.gc_thresh = 1024
net.ipv6.route.gc_timeout = 60
net.ipv6.route.max_size = 16384
net.ipv6.route.min_adv_mss = 1220
net.ipv6.route.mtu_expires = 600
net.ipv6.xfrm6_gc_thresh = 32768
net.netfilter.nf_conntrack_acct = 0
net.netfilter.nf_conntrack_buckets = 65536
net.netfilter.nf_conntrack_checksum = 1
net.netfilter.nf_conntrack_count = 41
net.netfilter.nf_conntrack_dccp_loose = 1
net.netfilter.nf_conntrack_dccp_timeout_closereq = 64
net.netfilter.nf_conntrack_dccp_timeout_closing = 64
net.netfilter.nf_conntrack_dccp_timeout_open = 43200
net.netfilter.nf_conntrack_dccp_timeout_partopen = 480
net.netfilter.nf_conntrack_dccp_timeout_request = 240
net.netfilter.nf_conntrack_dccp_timeout_respond = 480
net.netfilter.nf_conntrack_dccp_timeout_timewait = 240
net.netfilter.nf_conntrack_events = 1
net.netfilter.nf_conntrack_events_retry_timeout = 15
net.netfilter.nf_conntrack_expect_max = 1024
net.netfilter.nf_conntrack_generic_timeout = 600
net.netfilter.nf_conntrack_helper = 1
net.netfilter.nf_conntrack_icmp_timeout = 30
net.netfilter.nf_conntrack_log_invalid = 0
net.netfilter.nf_conntrack_max = 262144
net.netfilter.nf_conntrack_sctp_timeout_closed = 10
net.netfilter.nf_conntrack_sctp_timeout_cookie_echoed = 3
net.netfilter.nf_conntrack_sctp_timeout_cookie_wait = 3
net.netfilter.nf_conntrack_sctp_timeout_established = 432000
net.netfilter.nf_conntrack_sctp_timeout_heartbeat_acked = 210
net.netfilter.nf_conntrack_sctp_timeout_heartbeat_sent = 30
net.netfilter.nf_conntrack_sctp_timeout_shutdown_ack_sent = 3
net.netfilter.nf_conntrack_sctp_timeout_shutdown_recd = 0
net.netfilter.nf_conntrack_sctp_timeout_shutdown_sent = 0
net.netfilter.nf_conntrack_tcp_be_liberal = 0
net.netfilter.nf_conntrack_tcp_loose = 1
net.netfilter.nf_conntrack_tcp_max_retrans = 3
net.netfilter.nf_conntrack_tcp_timeout_close = 10
net.netfilter.nf_conntrack_tcp_timeout_close_wait = 60
net.netfilter.nf_conntrack_tcp_timeout_established = 432000
net.netfilter.nf_conntrack_tcp_timeout_fin_wait = 120
net.netfilter.nf_conntrack_tcp_timeout_last_ack = 30
net.netfilter.nf_conntrack_tcp_timeout_max_retrans = 300
net.netfilter.nf_conntrack_tcp_timeout_syn_recv = 60
net.netfilter.nf_conntrack_tcp_timeout_syn_sent = 120
net.netfilter.nf_conntrack_tcp_timeout_time_wait = 120
net.netfilter.nf_conntrack_tcp_timeout_unacknowledged = 300
net.netfilter.nf_conntrack_timestamp = 0
net.netfilter.nf_conntrack_udp_timeout = 30
net.netfilter.nf_conntrack_udp_timeout_stream = 180
net.netfilter.nf_log.0 = NONE
net.netfilter.nf_log.1 = NONE
net.netfilter.nf_log.10 = NONE
net.netfilter.nf_log.11 = NONE
net.netfilter.nf_log.12 = NONE
net.netfilter.nf_log.2 = NONE
net.netfilter.nf_log.3 = NONE
net.netfilter.nf_log.4 = NONE
net.netfilter.nf_log.5 = NONE
net.netfilter.nf_log.6 = NONE
net.netfilter.nf_log.7 = NONE
net.netfilter.nf_log.8 = NONE
net.netfilter.nf_log.9 = NONE
net.netfilter.nf_log_all_netns = 0
net.nf_conntrack_max = 262144
net.unix.max_dgram_qlen = 512
sunrpc.max_resvport = 1023
sunrpc.min_resvport = 665
sunrpc.nfs_debug = 0x0000
sunrpc.nfsd_debug = 0x0000
sunrpc.nlm_debug = 0x0000
sunrpc.rpc_debug = 0x0000
sunrpc.tcp_fin_timeout = 15
sunrpc.tcp_max_slot_table_entries = 65536
sunrpc.tcp_slot_table_entries = 2
sunrpc.transports = tcp 1048576
sunrpc.transports = udp 32768
sunrpc.udp_slot_table_entries = 16
user.max_ipc_namespaces = 254586
user.max_mnt_namespaces = 254586
user.max_net_namespaces = 254586
user.max_pid_namespaces = 254586
user.max_user_namespaces = 0
user.max_uts_namespaces = 254586
vm.admin_reserve_kbytes = 8192
vm.block_dump = 0
vm.dirty_background_bytes = 0
vm.dirty_background_ratio = 10
vm.dirty_bytes = 0
vm.dirty_expire_centisecs = 3000
vm.dirty_ratio = 40
vm.dirty_writeback_centisecs = 500
vm.drop_caches = 3
vm.extfrag_threshold = 500
vm.hugepages_treat_as_movable = 0
vm.hugetlb_shm_group = 0
vm.laptop_mode = 0
vm.legacy_va_layout = 0
vm.lowmem_reserve_ratio = 256	256	32
vm.max_map_count = 262140
vm.memory_failure_early_kill = 0
vm.memory_failure_recovery = 1
vm.min_free_kbytes = 2097152
vm.min_slab_ratio = 5
vm.min_unmapped_ratio = 1
vm.mmap_min_addr = 4096
vm.mmap_rnd_bits = 28
vm.mmap_rnd_compat_bits = 8
vm.nr_hugepages = 0
vm.nr_hugepages_mempolicy = 0
vm.nr_overcommit_hugepages = 0
vm.nr_pdflush_threads = 0
vm.numa_zonelist_order = default
vm.oom_dump_tasks = 1
vm.oom_kill_allocating_task = 0
vm.overcommit_kbytes = 0
vm.overcommit_memory = 2
vm.overcommit_ratio = 100
vm.page-cluster = 3
vm.panic_on_oom = 0
vm.percpu_pagelist_fraction = 0
vm.stat_interval = 1
vm.swappiness = 10
vm.user_reserve_kbytes = 131072
vm.vfs_cache_pressure = 100
vm.zone_reclaim_mode = 0
vxdmp.dmp_pathswitch_blks_shift = 9
vxdmp.dmp_restore_cycles = 10
vxdmp.dmp_restore_interval = 300
vxdmp.dmp_restore_policy = 1
vxdmp.dmp_retry_count = 5
vxvm.vxinfo.voliod_info = voliod_running: 0
vxvm.vxinfo.voliod_info = voliod_need: 0
vxvm.vxinfo.voliod_info = voliod_count: 0
vxvm.vxinfo.voliod_info = voliod_want_count: 0
vxvm.vxinfo.voliod_info = 
vxvm.vxinfo.voliomem = memory reservation pool usage
vxvm.vxinfo.voliomem = id: max mem used: total allocated mem: mem in use: min mem: max mem
vxvm.vxinfo.voliomem =  0        0            100000             0        100000     8000000
vxvm.vxinfo.voliomem = 1007        0            100000             0        100000     8000000
vxvm.vxinfo.voliomem = 1006        0            400000             0        400000     8000000
vxvm.vxinfo.voliomem = 1005        0            100000             0        100000     4000000
vxvm.vxinfo.voliomem = 1011        0            100000             0        100000     8000000
vxvm.vxinfo.voliomem = 1010        0            100000             0        100000     8000000
vxvm.vxinfo.voliomem = 
vxvm.vxinfo.volkio_commitwaitq = volkioq_commitwait_start count: 0
vxvm.vxinfo.volkio_commitwaitq = volkioq_commitwait_start:
vxvm.vxinfo.volkio_commitwaitq = 
vxvm.vxinfo.volkiocount = volkiocount: 0
vxvm.vxinfo.volkiocount_locked = volkiocount: 0
vxvm.vxinfo.volkioqueue = volkioq_start count: 0
vxvm.vxinfo.volkioqueue = volkioq_start:
vxvm.vxinfo.volkioqueue = 
vxvm.vxinfo.volktrans = vol_config_loaded: 1
vxvm.vxinfo.volktrans = vol_commit_in_progress: 0
vxvm.vxinfo.volktrans = vol_ktrans_locked: 0
vxvm.vxinfo.volktrans = vol_ktrans_pending_abort: 0
vxvm.vxinfo.volktrans = vol_ktrans_abort_is_possible: 0
vxvm.vxinfo.volktrans = transaction state: last transaction committed
vxvm.vxinfo.volktrans = 
vxvm.vxinfo.volsio_idleq = volsioq_idle_start count: 0
vxvm.vxinfo.volsio_idleq = volsioq_idle_start:
vxvm.vxinfo.volsio_idleq = 
vxvm.vxinfo.volsio_otherq = volsioq_done count: 0
vxvm.vxinfo.volsio_otherq = volsioq_done:
vxvm.vxinfo.volsio_otherq = volsioq_restart count: 0
vxvm.vxinfo.volsio_otherq = volsioq_restart:
vxvm.vxinfo.volsio_otherq = volsioq_redone count: 0
vxvm.vxinfo.volsio_otherq = volsioq_redone:
vxvm.vxinfo.volsio_otherq = 
vxvm.vxinfo.volsioqueue = volsioq_start count: 0
vxvm.vxinfo.volsioqueue = volsioq_start:
vxvm.vxinfo.volsioqueue = 
vxvm.vxio.hacomm_ack_interval = 200
vxvm.vxio.hacomm_direct_send_ok = 1
vxvm.vxio.hacomm_hb_interval = 3
vxvm.vxio.hacomm_logbuf_slots = 1000
vxvm.vxio.hacomm_max_fragsz = 1048576
vxvm.vxio.hacomm_max_segsz = 1048576
vxvm.vxio.hacomm_min_split_fragsz = 2048
vxvm.vxio.hacomm_min_split_segsz = 1024
vxvm.vxio.hacomm_min_winsz_enable_app = 2048
vxvm.vxio.hacomm_min_winsz_enable_peer = 2048
vxvm.vxio.hacomm_msg_batching_ok = 1
vxvm.vxio.hacomm_rcv_bufsz = 1048576
vxvm.vxio.hacomm_restore_interval = 60
vxvm.vxio.hacomm_snd_bufsz = 1048576
vxvm.vxio.hacomm_tracebuf_slots = 1024
vxvm.vxio.hacomm_transbuf_slots = 256
vxvm.vxio.svm_debugging_enable = 0
vxvm.vxio.svm_disconn_wait_vc_reconn = 10
vxvm.vxio.svm_failover_wait_vc_reconn = 90
vxvm.vxio.svm_session_mux_heartbeat = 10
vxvm.vxio.svm_session_mux_to_missed_hb = 3
vxvm.vxio.svm_session_request_timeout = 90
vxvm.vxio.svm_session_trace_count = 2000
vxvm.vxio.svm_txpt_type = 1
vxvm.vxio.vol_blktrace_enabled = 0
vxvm.vxio.vol_checkpt_default = 20480
vxvm.vxio.vol_dcm_replay_size = 262144
vxvm.vxio.vol_default_iodelay = 50
vxvm.vxio.vol_failfast_on_write = 0
vxvm.vxio.vol_fmr_logsz = 4
vxvm.vxio.vol_kmsg_gab_max_send = 512
vxvm.vxio.vol_kmsg_max_receive_q_cnt = 6144
vxvm.vxio.vol_kmsg_receive_q_high = 8192
vxvm.vxio.vol_kmsg_receive_q_low = 6144
vxvm.vxio.vol_log_category = 255
vxvm.vxio.vol_log_level = 1
vxvm.vxio.vol_max_nconfigs = 20
vxvm.vxio.vol_max_nlogs = 20
vxvm.vxio.vol_max_nmpool_sz = 134217728
vxvm.vxio.vol_max_rdback_sz = 134217728
vxvm.vxio.vol_max_volumes = 65534
vxvm.vxio.vol_max_wrspool_sz = 67108864
vxvm.vxio.vol_maxio = 2048
vxvm.vxio.vol_maxioctl = 32768
vxvm.vxio.vol_maxkiocount = 12000
vxvm.vxio.vol_maxparallelio = 256
vxvm.vxio.vol_maxstablebufsize = 256
vxvm.vxio.vol_min_lowmem_sz = 33554432
vxvm.vxio.vol_mvr_maxround = 512
vxvm.vxio.vol_nm_hb_timeout = 10
vxvm.vxio.vol_nr_requests = 512
vxvm.vxio.vol_rp_decrement = 8
vxvm.vxio.vol_rp_increment = 8
vxvm.vxio.vol_rvio_maxpool_sz = 134217728
vxvm.vxio.vol_use_rq = 2
vxvm.vxio.vol_vvr_use_nat = 0
vxvm.vxio.volcvm_smartsync = 1
vxvm.vxio.voldco_max_updates = 256
vxvm.vxio.voldrl_max_drtregs = 2048
vxvm.vxio.voldrl_max_seq_dirty = 32
vxvm.vxio.voldrl_min_regionsz = 1024
vxvm.vxio.voliomem_chunk_size = 32768
vxvm.vxio.voliomem_maxpool_sz = 134217728
vxvm.vxio.voliot_errbuf_dflt = 16384
vxvm.vxio.voliot_iobuf_default = 8192
vxvm.vxio.voliot_iobuf_limit = 131072
vxvm.vxio.voliot_iobuf_max = 65536
vxvm.vxio.voliot_max_open = 32
vxvm.vxio.volpagemod_max_memsz = 65536	0
vxvm.vxio.volraid_minpool_size = 4194304
vxvm.vxio.vxtask_max_monitors = 32
vxvm.vxio.vxvm_req_stack = 7168
vxvm.vxio.vxvm_req_stack_endio = 3072
