/sys/module/vxfs/parameters/vx_allow_cloned_naio
0
/sys/module/vxfs/parameters/vx_cache_copy_size
65536
/sys/module/vxfs/parameters/vx_cache_copy_threads
4
/sys/module/vxfs/parameters/vx_congestion_control_enabled
0
/sys/module/vxfs/parameters/vx_conv_dsync_tosync
0
/sys/module/vxfs/parameters/vx_dalloc_memhigh
12
/sys/module/vxfs/parameters/vx_dalloc_memlow
8
/sys/module/vxfs/parameters/vx_dalloc_throttle1
1
/sys/module/vxfs/parameters/vx_dalloc_throttle2
0
/sys/module/vxfs/parameters/vx_dalloc_timelag
15
/sys/module/vxfs/parameters/vx_dcowd_enabled
1
/sys/module/vxfs/parameters/vx_dexh_sz
196607
/sys/module/vxfs/parameters/vx_dio_ssd_force_write_stable
0
/sys/module/vxfs/parameters/vx_dio_ssd_guard
1
/sys/module/vxfs/parameters/vx_dio_ssd_write_stable
1
/sys/module/vxfs/parameters/vx_enable_odmhints
1
/sys/module/vxfs/parameters/vx_falloc_clear
0
/sys/module/vxfs/parameters/vx_fiostats_tunable
10
/sys/module/vxfs/parameters/vx_fiostats_winterval
0
/sys/module/vxfs/parameters/vx_forcera
1
/sys/module/vxfs/parameters/vxfs_global_scope
0
/sys/module/vxfs/parameters/vxfs_hproc_ext
0
/sys/module/vxfs/parameters/vxfs_icachechunk
2
/sys/module/vxfs/parameters/vxfs_io_proxy_level
4096
/sys/module/vxfs/parameters/vxfs_io_proxy_max
8
/sys/module/vxfs/parameters/vxfs_io_proxy_pools
0
/sys/module/vxfs/parameters/vxfs_io_proxy_time
166
/sys/module/vxfs/parameters/vxfs_io_proxy_vxvm
0
/sys/module/vxfs/parameters/vxfs_maxdiospace
(null)
/sys/module/vxfs/parameters/vxfs_mbuf
(null)
/sys/module/vxfs/parameters/vxfs_mindiospace
(null)
/sys/module/vxfs/parameters/vxfs_naio_plug_enable
0
/sys/module/vxfs/parameters/vxfs_naio_threads_inc_max
16
/sys/module/vxfs/parameters/vxfs_naio_threads_inc_min
4
/sys/module/vxfs/parameters/vxfs_naio_threads_max
64
/sys/module/vxfs/parameters/vxfs_naio_threads_min
0
/sys/module/vxfs/parameters/vxfs_ninode
2052717
/sys/module/vxfs/parameters/vxfs_osiputcntl_maxthreads
64
/sys/module/vxfs/parameters/vxfs_pmem
(null)
/sys/module/vxfs/parameters/vxfs_rddirahead_dirblks
1
/sys/module/vxfs/parameters/vxfs_rddirahead_ilistblks
1
/sys/module/vxfs/parameters/vxfs_sendfile_chunk
32
/sys/module/vxfs/parameters/vxfs_sendfile_limit
4096
/sys/module/vxfs/parameters/vxfs_sendfile_nfs
0
/sys/module/vxfs/parameters/vx_iclean_timelag
180
/sys/module/vxfs/parameters/vx_ifree_timelag
600
/sys/module/vxfs/parameters/vx_ilra_size
3
/sys/module/vxfs/parameters/vx_maxlink
32767
/sys/module/vxfs/parameters/vx_parallel_dio
0
/sys/module/vxfs/parameters/vx_ra_adaptive
1
/sys/module/vxfs/parameters/vx_ra_maxwindows
16
/sys/module/vxfs/parameters/vx_rawait_uprlmt
50
/sys/module/vxfs/parameters/vx_ra_window_pages
33
/sys/module/vxfs/parameters/vx_rcq_process_timelag
5
/sys/module/vxfs/parameters/vx_rct_scan_count
8191
/sys/module/vxfs/parameters/vx_read_flush_disabled
0
/sys/module/vxfs/parameters/vx_stack_depths_track
0
/sys/module/vxfs/parameters/vx_wb_logiosz
4096
/sys/module/vxfs/parameters/vx_write_flush_behind_enabled
1
/sys/module/vxfs/parameters/vx_write_flush_disabled
0
