
02:54:42.948 Sat 05 Oct 2019 02:54:42 AM PDT -- absolute sample

vxi_alloc_emap                37939
vxi_alloc_smap                  459
vxi_alloc_expand_retry          604
vxi_alloc_find_retry             13
vxi_alloc_findfail              207
vxi_alloc_sumsum               7616
vxi_alloc_findfix                 0
vxi_alloc_mapflush                0
vxi_alloc_prev                14690
vxi_alloc_search              12870
vxi_alloc_sumclean                0
vxi_alloc_try                 27560
vxi_execpgin                      0
vxi_execpgout                     0
vxi_bawrite                    4582
vxi_bwrite                     3763
vxi_btwrite                      11
vxi_lwrite                   130839
vxi_bdwrite                  127076
vxi_bdwrite_loglow                0
vxi_bcache_curkbyte            8664
vxi_bcache_maxkbyte         7716864
vxi_bc_chunksteal                 0
vxi_bc_hits                  230100
vxi_bc_lookups               265434
vxi_bc_reuse                   2509
vxi_bc_subflush                  20
vxi_bc_waits                   1350
vxi_fspgin                        0
vxi_fspgout                       0
vxi_bmap                     757372
vxi_bmap_cache               861162
vxi_bmap_indirect                 0
vxi_bread                       576
vxi_brelse                       18
vxi_brelse_loglow                 0
vxi_clonemap                    411
vxi_cutwrite                      0
vxi_eau_cleaned                  71
vxi_eau_expand                  448
vxi_eau_unexpand                  1
vxi_eau_write                     4
vxi_icache_allocedino          5386
vxi_icache_freedino             448
vxi_icache_curino              4938
vxi_iaccess                 2711153
vxi_dirblk                   108502
vxi_dirlook                   54412
vxi_dirlook_dot                   0
vxi_dirlook_dotdot                0
vxi_dirlook_notfound          42153
vxi_fast_lookup                   0
vxi_dnlc_hit                2425132
vxi_dnlc_enter                    0
vxi_dnlc_miss                 54412
vxi_dnlc_neg_hit              64530
vxi_dnlc_neg_enter                0
vxi_dnlc_size                     0
vxi_flush_throttle            22277
vxi_iflush_cut                    0
vxi_map_write                     0
vxi_getblk                        0
vxi_dirscan                   83896
vxi_dirc_hit                      0
vxi_dirc_miss                     0
vxi_dirc_spchit                   0
vxi_dirc_spcmiss                  0
vxi_fast_dirscan              22377
vxi_icache_inuseino            1108
vxi_icache_maxino           2052717
vxi_icache_peakino             4938
vxi_bcache_recycleage          3674
vxi_icache_recycleage           225
vxi_ifree_timelag               600
vxi_iget                      50710
vxi_iget_found                42507
vxi_iget_loop                 45303
vxi_inofail                       0
vxi_iinactive                  8677
vxi_iinactive_front            8792
vxi_iinactive_slow               73
vxi_inopage                    6125
vxi_ipage                         0
vxi_iupdat                     2449
vxi_iupdat_cluster            65690
vxi_async_iupdat               2289
vxi_log                      139223
vxi_log_blks                 177902
vxi_log_delayed              137664
vxi_log_flush                 15839
vxi_log_idle                      9
vxi_log_write                 15960
vxi_lread                    226947
vxi_maj_fault                 13956
vxi_pgin                      49744
vxi_pgpgin                   581929
vxi_rapgpgin                 577013
vxi_rasectin                4616098
vxi_sectin                  4655348
vxi_physmem_mbyte             63671
vxi_virtmem_mbyte          122242823
vxi_qtrunc                      859
vxi_trunc                      6927
vxi_ra                        33729
vxi_read_dio                   4799
vxi_read_rand                105726
vxi_read_seq                    661
vxi_setattr_nochange           7059
vxi_sumupd                        7
vxi_randwrite_throttle            0
vxi_ntran                      -371
vxi_bufspace_delay                0
vxi_bufspace_tranflush            0
vxi_tranleft_asyncflush           0
vxi_tranleft_delay                0
vxi_tranleft_syncflush            0
vxi_tflush_cut                    0
vxi_tflush_inode                 18
vxi_tflush_map_async              0
vxi_tflush_map_clone              1
vxi_tflush_map_sync              72
vxi_tran_commit              139223
vxi_tran_low                   2039
vxi_tran_retry                    0
vxi_tran_space               229196
vxi_tran_subfuncs            348675
vxi_async_realloc                 0
vxi_async_shorten                81
vxi_tranidflush               11119
vxi_tranidflush_flush         11787
vxi_tranidflush_none         150476
vxi_tranlogflush             121407
vxi_tranlogflush_flush         1807
vxi_clone_create                  0
vxi_clone_remove                  0
vxi_clone_rename                  0
vxi_clone_convnodata              0
vxi_clone_cntl                    0
vxi_clone_stat                    0
vxi_clone_mkpfset                 0
vxi_clustblk_ino              19020
vxi_clone_dispose                 0
vxi_superwrite                   26
vxi_write_asynccnt                0
vxi_write_synccnt                 0
vxi_write_dio                 62339
vxi_write_donetran               13
vxi_write_logged                 23
vxi_write_logonly                 0
vxi_write_rand                27074
vxi_write_seq               2417219
vxi_anonpgin                      0
vxi_anonpgout                     0
vxi_sectout                28675368
vxi_pagecluster                   0
vxi_pagestrategy                  0
vxi_pgout                    249586
vxi_pgpgout                 3584441
vxi_sync_delxwri                  0
vxi_sync_inode                    0
vxi_sync_page                     0
vxi_write_only                    0
vxi_write_throttle                0
vxi_read_to_map                   0
vxi_dirc_setup                    0
vxi_dirc_purge                    0
vxi_bmap_lookup              833588
vxi_bmap_indir_lookup             0
vxi_bmap_alloc                27574
vxi_bmap_enter                    0
vxi_bmap_cache_hit           755996
vxi_searchau_expandnext         604
vxi_searchau_expandfree         103
vxi_fsflush_fsq                 181
vxi_iupdat_tran_log               0
vxi_iupdat_tran_async             0
vxi_lct_clone                     0
vxi_fsq_flush                   380
vxi_fsq_flush_mlink            6145
vxi_fsq_flush_flush             656
vxi_tflush_buffer               169
vxi_tflush_map                  469
vxi_tflush_map_tryfail            0
vxi_tflush_map_logclone         396
vxi_tran_doneid              127930
vxi_tran_logid                    0
vxi_dirtytran_flush               0
vxi_unlockmap_clone              14
vxi_write_cio                     0
vxi_write_cio_retry               0
vxi_slab_alloc_fail               0
vxi_getpages1_fail                0
vxi_getpages2_fail                0
vxi_getpages4_fail                0
vxi_getpages8_fail                0
vxi_getpages_pages           338466
vxi_vmalloc                       4
vxi_vmalloc_fail                  0
vxi_vmalloc_pages             55296
vxi_shrink_request                0
vxi_bufalloc_fails                0
vxi_inoalloc_fails                0
vxi_tran_doneres                  0
vxi_tran_doneres_extra            0
vxi_tran_doneres_unused           0
vxi_tran_doneres_consumed         0
vxi_read_aio                      0
vxi_write_aio                     0
vxi_sync_aio                      0
vxi_statvfs_bfree                 0
vxi_cached_fdd                    0
vxi_codm_adv_nocache              0
vxi_codm_mrside                   0
vxi_cfdd_sync_big                 0
vxi_cfdd_async_big                0
vxi_fdd_preload                   0
vxi_cache_read_async              0
vxi_cache_read_sync               0
vxi_fdd_cache_read_succ           0
vxi_fdd_cache_read_fail           0
vxi_delicache                 13357
vxi_delicache_reuse            8696
vxi_delicache_inact            2708
vxi_delicache_hardlmt             0
vxi_inofail_retrycnt              0
vxi_delicache_process             0
vxi_dentry_unused              1840
vxi_dentry_unhashed               0
vxi_isteal_delay                  0
vxi_fail_chunkclean               0
vxi_pdio_read                     0
vxi_pdio_write                    0
vxi_rcq_full                      0
vxi_unshare                       0
vxi_unshare_data_copy             0
vxi_unshare_lazy_cow              0
vxi_unshare_lazy_skip             0
vxi_unshare_lazy_abrt             0
vxi_rct_scan                      6
vxi_rct_blocks_free               0
vxi_comp_ioctl                    0
vxi_decomp_ioctl                  0
vxi_decomp_ioctlblk               0
vxi_decomp_readblk                0
vxi_decomp_modifyblk              0
vxi_comp_compblk                  0
vxi_comp_nocompblk                0
vxi_do_iestats                    0
vxi_set_iestats                   0
vxi_mapped_to_vmalloc             0
vxi_pg_shared                     0
vxi_pgin_shared                   0
vxi_rapgin_shared                 0
vxi_splice_read                  14
vxi_emap2_hit                 52069
vxi_emap2_alloc                 546
vxi_emap2_free                   96
vxi_ssd_dio_sync_write            0
vxi_ssd_dio_async_write           0
vxi_ssd_dio_sync_read             0
vxi_ssd_dio_async_read            0
vxi_congested                     0
vxi_tranpre_bmapsplit             0
vxi_tranpre_fclalloc              0
vxi_tranpre_ldiradd               0
vxi_tranpre_expandau              0
vxi_tranpre_unshr_indir           0
vxi_tranpre_rcqfull               0
vxi_tranpre_bmapadjust            0
vxi_tranpre_deliprocess           0
vxi_pinned_total           272976290
vxi_pinned_icache          86292888
vxi_pinned_bcache          101230704
vxi_pinned_cbuf                   0
vxi_pinned_glmlock_entry          0
vxi_pinned_glmlock                0
vxi_pinned_rwsleeplock          960
vxi_pinned_rwsleeplock_rec    787280
vxi_pinned_map               102816
vxi_pinned_sumsum           1046304
vxi_pinned_eausum           5660928
vxi_smap_audirtytran            458
vxi_smap_syncflush                0
vxi_odm_delayiodone               0
vxi_odm_immediodone               0

02:54:42.956 Sat 05 Oct 2019 02:54:42 AM PDT -- absolute sample

vxi_read                       4866
vxi_write                     18819
vxi_getattr                  205258
vxi_setattr                    5982
vxi_access                  2975970
vxi_lookup                    30120
vxi_create                     4301
vxi_remove                     2673
vxi_link                          0
vxi_rename                     2182
vxi_mkdir                       633
vxi_rmdir                         7
vxi_readdir                    4153
vxi_symlink                       2
vxi_readlink                  35315
vxi_fsync                      2043
vxi_inactive                     63
vxi_fid                           0
vxi_rwlock                        0
vxi_rwunlock                      0
vxi_frlock                    34362
vxi_space                         0
vxi_getpage                    6509
vxi_putpage                    1122
vxi_map                         558
vxi_addmap                        0
vxi_delmap                      558
vxi_pathconf                      0
vxi_pageio                        0
vxi_getsecattr                    0
vxi_setsecattr                    0
vxi_fclear                        0
vxi_ftrunc                        0
vxi_shrlock                       0
vxi_lookup_nodnlc                 0
vxi_delxwri_lock_drop             0
vxi_open                          0
vxi_close                         0
vxi_finfo                         0
vxi_memcntl                       0
vxi_getea                         0
vxi_setea                         0
vxi_listea                        0
vxi_removeea                      0
vxi_statea                        0
vxi_pd_partition                  0
vxi_pd_merging                    0
vxi_pd_hashcreate                 0
vxi_pd_hashremove                 0
vxi_fdd_write2cached              0
vxi_clonerm_jobs                  0
vxi_read_count                77142
vxi_write_count               18819
vxi_getattr_count            103702
vxi_setattr_count              5982
vxi_access_count            1487985
vxi_lookup_count              15060
vxi_create_count               4301
vxi_remove_count               2673
vxi_link_count                    0
vxi_rename_count               2182
vxi_mkdir_count                 633
vxi_rmdir_count                   7
vxi_readdir_count              7171
vxi_symlink_count                 2
vxi_readlink_count            35315
vxi_fsync_count                2043
vxi_inactive_count                0
vxi_fid_count                     0
vxi_rwlock_count                  0
vxi_rwunlock_count                0
vxi_frlock_count              34362
vxi_space_count                   0
vxi_getpage_count              6509
vxi_putpage_count              1122
vxi_map_count                   558
vxi_addmap_count                  0
vxi_delmap_count                558
vxi_pathconf_count                0
vxi_pageio_count                  0
vxi_setsecattr_count              0
vxi_getsecattr_count              0
vxi_fclear_count                  0
vxi_ftrunc_count                  0
vxi_shrlock_count                 0
vxi_open_count                42210
vxi_close_count               42105
vxi_finfo_count                   0
vxi_memcntl_count                 0
vxi_getea_count                   0
vxi_setea_count                   0
vxi_listea_count                  0
vxi_removeea_count                0
vxi_statea_count                  0
vxi_getacl_count                  0
vxi_setacl_count                419
vxi_listxattr_count               0
vxi_removexattr_count             0
vxi_setnxattr_count               0
vxi_getnxattr_count               0
vxi_listnxattr_count              0
vxi_removenxattr_count         3946
vxi_read_time                  9828
vxi_write_time               107249
vxi_getattr_time                 41
vxi_setattr_time              16974
vxi_access_time                 638
vxi_lookup_time                 854
vxi_create_time                 255
vxi_remove_time                  49
vxi_link_time                     0
vxi_rename_time               30389
vxi_mkdir_time                   87
vxi_rmdir_time                   24
vxi_readdir_time               1486
vxi_symlink_time                  0
vxi_readlink_time                10
vxi_fsync_time                 5260
vxi_inactive_time                 0
vxi_fid_time                      0
vxi_rwlock_time                   0
vxi_rwunlock_time                 0
vxi_frlock_time                  22
vxi_space_time                    0
vxi_getpage_time               4449
vxi_putpage_time                  0
vxi_map_time                   3387
vxi_addmap_time                   0
vxi_delmap_time                   0
vxi_pathconf_time                 0
vxi_pageio_time                   0
vxi_setsecattr_time               0
vxi_getsecattr_time               0
vxi_fclear_time                   0
vxi_ftrunc_time                   0
vxi_shrlock_time                  0
vxi_open_time                    35
vxi_close_time                   18
vxi_finfo_time                    0
vxi_memcntl_time                  0
vxi_getea_time                    0
vxi_setea_time                    0
vxi_listea_time                   0
vxi_removeea_time                 0
vxi_statea_time                   0
vxi_setacl_time                   1
vxi_getacl_time                   0
vxi_listxattr_time                0
vxi_removexattr_time              0
vxi_setnxattr_time                0
vxi_getnxattr_time                0
vxi_listnxattr_time               0
vxi_removenxattr_time            26
vxi_fsiget                    12105
vxi_fsiget_found              10198
vxi_fsfast_dirscan             4936
vxi_fsdnlc_hit              1405690
vxi_fsdnlc_neg_hit            17018
vxi_fsdnlc_miss               15060
vxi_fsdirscan                 24286
vxi_fslread                   57566
vxi_fsbread                     267
vxi_fsicache_curino            1849
vxi_atmwr_aligned                 0
vxi_atmwr_unaligned               0
vxi_dalloc_turnon              3052
vxi_dalloc_turnoff             3052
vxi_dalloc_convdelxwri            0
vxi_dalloc_data_res               0
vxi_dalloc_meta_res               0
vxi_dalloc_res_enospc             0
vxi_dalloc_enospc                 0
vxi_dalloc_epgerr                 0
vxi_dalloc_eretry                 1
vxi_dalloc_fileflush             41
vxi_dalloc_failpgout            882
vxi_spaceresv_data                0
vxi_spaceresv_meta                0
vxi_spaceresv_enospc              0
vxi_rddirahead_ilistblks        362
vxi_rddirahead_dirblks            0
vxi_rddirahead_switchon         211
vxi_rddirahead_switchoff        211
vxi_cbufgrant                     0
vxi_cbufrevoke                    0
