Disk group: vxosdg

DG NAME         NCONFIG      NLOG     MINORS   GROUP-ID
ST NAME         STATE        DM_CNT   SPARE_CNT         APPVOL_CNT
DM NAME         DEVICE       TYPE     PRIVLEN  PUBLEN   STATE
RV NAME         RLINK_CNT    KSTATE   STATE    PRIMARY  DATAVOLS  SRL
RL NAME         RVG          KSTATE   STATE    REM_HOST REM_DG    REM_RLNK
CO NAME         CACHEVOL     KSTATE   STATE
VT NAME         RVG          KSTATE   STATE    NVOLUME
V  NAME         RVG/VSET/CO  KSTATE   STATE    LENGTH   READPOL   PREFPLEX UTYPE
PL NAME         VOLUME       KSTATE   STATE    LENGTH   LAYOUT    NCOL/WID MODE
SD NAME         PLEX         DISK     DISKOFFS LENGTH   [COL/]OFF DEVICE   MODE
SV NAME         PLEX         VOLNAME  NVOLLAYR LENGTH   [COL/]OFF AM/NM    MODE
SC NAME         PLEX         CACHE    DISKOFFS LENGTH   [COL/]OFF DEVICE   MODE
DC NAME         PARENTVOL    LOGVOL
SP NAME         SNAPVOL      DCO
EX NAME         ASSOC        VC                       PERMS    MODE     STATE
SR NAME         KSTATE

dg vxosdg       default      default  8000     1570262666.12.eagappflx027

dm B00C953960243F705D15FB7EE1 localhost_disk_2 auto 65536 31253839568 -

v  data         -            ENABLED  ACTIVE   83886080 SELECT    -        fsgen
pl data-01      data         ENABLED  ACTIVE   83886080 CONCAT    -        RW
sd B00C953960243F705D15FB7EE1-01 data-01 B00C953960243F705D15FB7EE1 0 83886080 0 localhost_disk_2 ENA

v  vJCcz_catalog -           ENABLED  ACTIVE   1048576000 SELECT  -        fsgen
pl vJCcz_catalog-01 vJCcz_catalog ENABLED ACTIVE 1048576000 CONCAT -       RW
sd B00C953960243F705D15FB7EE1-03 vJCcz_catalog-01 B00C953960243F705D15FB7EE1 608174080 1048576000 0 localhost_disk_2 ENA

v  vJCcz_logs   -            ENABLED  ACTIVE   524288000 SELECT   -        fsgen
pl vJCcz_logs-01 vJCcz_logs  ENABLED  ACTIVE   524288000 CONCAT   -        RW
sd B00C953960243F705D15FB7EE1-02 vJCcz_logs-01 B00C953960243F705D15FB7EE1 83886080 524288000 0 localhost_disk_2 ENA

v  vWMsa_logs   -            ENABLED  ACTIVE   524288000 SELECT   -        fsgen
pl vWMsa_logs-01 vWMsa_logs  ENABLED  ACTIVE   524288000 CONCAT   -        RW
sd B00C953960243F705D15FB7EE1-04 vWMsa_logs-01 B00C953960243F705D15FB7EE1 1656750080 524288000 0 localhost_disk_2 ENA

v  vWMsa_msdpdata-0 -        ENABLED  ACTIVE   25769803776 SELECT -        fsgen
pl vWMsa_msdpdata-0-01 vWMsa_msdpdata-0 ENABLED ACTIVE 25769803776 CONCAT - RW
sd B00C953960243F705D15FB7EE1-05 vWMsa_msdpdata-0-01 B00C953960243F705D15FB7EE1 2181038080 25769803776 0 localhost_disk_2 ENA
