# IT IS RECOMMENDED NOT TO EDIT THIS FILE DIRECTLY
# Tunable entries should be in the form
#	<tunable_name>=<tunable_value>
#
# Hostname	:	eagappflx027
# Timestamp	:	Sat 05 Oct 2019 02:54:41 AM PDT
#
# Veritas Volume Manager Tunables
cvm_ioship_use_sg_api=1
vol_allow_snapreclaim=0
vol_auto_adminio_control=1
vol_appio_threshold=100
vol_adminio_thrshld_intrvl=604800
vol_bandwidth_throttle_interval=50
vol_cache_trim_enable=1
vol_checkpt_default=20480
vol_cmpres_enabled=0
vol_cmpres_speed=9
vol_cmpres_threads=10
vol_default_iodelay=50
vol_fastpathio=1
vol_fmr_logsz=4
vol_max_adminio_poolsz=134217728
vol_kmsg_gab_max_send=512
vol_kmsg_max_receive_q_cnt=6144
vol_kmsg_receive_q_high=8192
vol_kmsg_receive_q_low=6144
vol_max_nmpool_sz=134217728
vol_max_rdback_sz=134217728
vol_max_wrspool_sz=67108864
vol_maxio=2048
vol_maxioctl=32768
vol_maxparallelio=256
vol_maxspecialio=2048
vol_min_lowmem_sz=33554432
vol_nm_hb_timeout=10
vol_nm_log_all=0
vol_nmcom_disable_checksum=0
vol_no_cache_tmo=0
vol_rp_decrement=8
vol_rp_increment=8
vol_rv_allow_log_holes=1
vol_rv_bulk_transfer=1
vol_rv_bulk_update_size=512
vol_rv_do_secondary_logging=1
vol_rv_max_rcv_gap=5
vol_rv_readback_thread=0
vol_rv_retry_delay=10
vol_rv_sec_logging_enabled=1
vol_rv_srlbatch_enabled=1
vol_rv_trans_timeout=20
vol_rv_use_readback_replication=0
vol_rvio_maxpool_sz=134217728
vol_stats_enable=1
vol_subdisk_num=4096
vol_use_rq=2
vol_nr_requests=512
vol_atomic_write_iosize=16
voldrl_max_drtregs=2048
voldrl_max_seq_dirty=32
voldrl_min_regionsz=1024
voldrl_volumemax_drtregs=256
voldrl_volumemax_drtregs_20=1024
voldrl_dirty_regions=1024
voliomem_chunk_size=32768
voliomem_maxpool_sz=134217728
voliot_errbuf_dflt=16384
voliot_iobuf_default=8192
voliot_iobuf_limit=131072
voliot_iobuf_max=65536
voliot_max_open=32
vol_log_category=fmr,vvr,base,ted,smartio,cvm
vol_log_level=1
volpagemod_max_memsz=65536
volraid_rsrtransmax=1
nio_ack_timeout_in_msec=120000
nmcom_max_connections=1
nmcom_max_msgs=2048
nmcom_so_buffer=1048576
nmcom_tcp_throttle_gap=64
rv_dcm_max_replay_count=2
vol_cache_wrinval_cold=0
vxvm_control_unplugs=1
vol_ioship_stats_enable=0
appiso_dg_asymmetry=0
vxoptimal_cryptsz=262144
vol_blktrace_enabled=0
vol_intent_lock=0
_default_dcoversion=30
autostartvolumes=on
fssmartmovethreshold=100
reclaim_on_delete_start_time=22:10
reclaim_on_delete_wait_period=1
same_key_for_alldgs=off
autoreminor=on
sharedminorstart=33000
usefssmartmove=all
storage_connectivity=asymmetric
_flexible_storage_sharing=on
forceautoimport=off
storage_reloc_timeout=30
node_reloc_timeout=30
