Filesystem i/o parameters for /var/lib/docker-veritas-plugin/vJCcz_logs_vxosdg
read_pref_io = 65536
read_nstream = 1
read_unit_io = 65536
write_pref_io = 65536
write_nstream = 1
write_unit_io = 65536
pref_strength = 10
buf_breakup_size = 1048576
discovered_direct_iosz = 262144
max_direct_iosz = 1048576
default_indir_size = 8192
odm_cache_enable = 0
write_throttle = 0
max_diskq = 1048576
initial_extent_size = 128
max_seqio_extent_size = 16384
max_buf_data_size = 8192
hsm_write_prealloc = 0
read_ahead = 1
inode_aging_size = 0
inode_aging_count = 0
fcl_maxalloc = 8134402048
fcl_keeptime = 0
fcl_winterval = 3600
fcl_ointerval = 600
pdir_enable = 0
pdir_threshold = 32768
lazy_copyonwrite = 0
shared_pg_enabled = 1
oltp_load = 0
delicache_enable = 1
thin_friendly_alloc = 0
dalloc_enable = 1
lazy_isize_enable = 0
fiostats_enable = 0
ftrunc_up_zfod_alloc = 0
